<?xml version="1.0" encoding="UTF-8"?>
<testsuite xmlns:xsi="http://www.w3.org/2001/XMLSchema-instance" xsi:noNamespaceSchemaLocation="https://maven.apache.org/surefire/maven-surefire-plugin/xsd/surefire-test-report-3.0.xsd" version="3.0" name="evtest.sample.SampleTest" time="8.124" tests="1" errors="1" skipped="0" failures="0">
  <properties>
    <property name="sun.desktop" value="windows"/>
    <property name="awt.toolkit" value="sun.awt.windows.WToolkit"/>
    <property name="java.specification.version" value="11"/>
    <property name="sun.cpu.isalist" value="amd64"/>
    <property name="sun.jnu.encoding" value="Cp1252"/>
    <property name="java.class.path" value="C:\Users\gspankr\Documents\LAPS-A\testing\test\target\test-classes;C:\Users\gspankr\Documents\LAPS-A\testing\test\target\classes;C:\Users\gspankr\.m2\repository\org\springframework\boot\spring-boot-starter-data-jpa\2.4.0\spring-boot-starter-data-jpa-2.4.0.jar;C:\Users\gspankr\.m2\repository\org\springframework\boot\spring-boot-starter-aop\2.4.0\spring-boot-starter-aop-2.4.0.jar;C:\Users\gspankr\.m2\repository\org\aspectj\aspectjweaver\1.9.6\aspectjweaver-1.9.6.jar;C:\Users\gspankr\.m2\repository\org\springframework\boot\spring-boot-starter-jdbc\2.4.0\spring-boot-starter-jdbc-2.4.0.jar;C:\Users\gspankr\.m2\repository\com\zaxxer\HikariCP\3.4.5\HikariCP-3.4.5.jar;C:\Users\gspankr\.m2\repository\jakarta\transaction\jakarta.transaction-api\1.3.3\jakarta.transaction-api-1.3.3.jar;C:\Users\gspankr\.m2\repository\jakarta\persistence\jakarta.persistence-api\2.2.3\jakarta.persistence-api-2.2.3.jar;C:\Users\gspankr\.m2\repository\org\hibernate\hibernate-core\5.4.23.Final\hibernate-core-5.4.23.Final.jar;C:\Users\gspankr\.m2\repository\org\jboss\logging\jboss-logging\3.4.1.Final\jboss-logging-3.4.1.Final.jar;C:\Users\gspankr\.m2\repository\net\bytebuddy\byte-buddy\1.10.18\byte-buddy-1.10.18.jar;C:\Users\gspankr\.m2\repository\antlr\antlr\2.7.7\antlr-2.7.7.jar;C:\Users\gspankr\.m2\repository\org\jboss\jandex\2.1.3.Final\jandex-2.1.3.Final.jar;C:\Users\gspankr\.m2\repository\com\fasterxml\classmate\1.5.1\classmate-1.5.1.jar;C:\Users\gspankr\.m2\repository\org\dom4j\dom4j\2.1.3\dom4j-2.1.3.jar;C:\Users\gspankr\.m2\repository\org\hibernate\common\hibernate-commons-annotations\5.1.2.Final\hibernate-commons-annotations-5.1.2.Final.jar;C:\Users\gspankr\.m2\repository\org\glassfish\jaxb\jaxb-runtime\2.3.3\jaxb-runtime-2.3.3.jar;C:\Users\gspankr\.m2\repository\org\glassfish\jaxb\txw2\2.3.3\txw2-2.3.3.jar;C:\Users\gspankr\.m2\repository\com\sun\istack\istack-commons-runtime\3.0.11\istack-commons-runtime-3.0.11.jar;C:\Users\gspankr\.m2\repository\org\springframework\spring-aspects\5.3.1\spring-aspects-5.3.1.jar;C:\Users\gspankr\.m2\repository\org\springframework\boot\spring-boot-starter-web\2.4.0\spring-boot-starter-web-2.4.0.jar;C:\Users\gspankr\.m2\repository\org\springframework\boot\spring-boot-starter\2.4.0\spring-boot-starter-2.4.0.jar;C:\Users\gspankr\.m2\repository\org\springframework\boot\spring-boot\2.4.0\spring-boot-2.4.0.jar;C:\Users\gspankr\.m2\repository\org\springframework\boot\spring-boot-autoconfigure\2.4.0\spring-boot-autoconfigure-2.4.0.jar;C:\Users\gspankr\.m2\repository\org\springframework\boot\spring-boot-starter-logging\2.4.0\spring-boot-starter-logging-2.4.0.jar;C:\Users\gspankr\.m2\repository\ch\qos\logback\logback-classic\1.2.3\logback-classic-1.2.3.jar;C:\Users\gspankr\.m2\repository\ch\qos\logback\logback-core\1.2.3\logback-core-1.2.3.jar;C:\Users\gspankr\.m2\repository\org\apache\logging\log4j\log4j-to-slf4j\2.13.3\log4j-to-slf4j-2.13.3.jar;C:\Users\gspankr\.m2\repository\org\apache\logging\log4j\log4j-api\2.13.3\log4j-api-2.13.3.jar;C:\Users\gspankr\.m2\repository\org\slf4j\jul-to-slf4j\1.7.30\jul-to-slf4j-1.7.30.jar;C:\Users\gspankr\.m2\repository\jakarta\annotation\jakarta.annotation-api\1.3.5\jakarta.annotation-api-1.3.5.jar;C:\Users\gspankr\.m2\repository\org\yaml\snakeyaml\1.27\snakeyaml-1.27.jar;C:\Users\gspankr\.m2\repository\org\springframework\boot\spring-boot-starter-json\2.4.0\spring-boot-starter-json-2.4.0.jar;C:\Users\gspankr\.m2\repository\com\fasterxml\jackson\core\jackson-databind\2.11.3\jackson-databind-2.11.3.jar;C:\Users\gspankr\.m2\repository\com\fasterxml\jackson\core\jackson-annotations\2.11.3\jackson-annotations-2.11.3.jar;C:\Users\gspankr\.m2\repository\com\fasterxml\jackson\core\jackson-core\2.11.3\jackson-core-2.11.3.jar;C:\Users\gspankr\.m2\repository\com\fasterxml\jackson\datatype\jackson-datatype-jdk8\2.11.3\jackson-datatype-jdk8-2.11.3.jar;C:\Users\gspankr\.m2\repository\com\fasterxml\jackson\datatype\jackson-datatype-jsr310\2.11.3\jackson-datatype-jsr310-2.11.3.jar;C:\Users\gspankr\.m2\repository\com\fasterxml\jackson\module\jackson-module-parameter-names\2.11.3\jackson-module-parameter-names-2.11.3.jar;C:\Users\gspankr\.m2\repository\org\springframework\boot\spring-boot-starter-tomcat\2.4.0\spring-boot-starter-tomcat-2.4.0.jar;C:\Users\gspankr\.m2\repository\org\apache\tomcat\embed\tomcat-embed-core\9.0.39\tomcat-embed-core-9.0.39.jar;C:\Users\gspankr\.m2\repository\org\glassfish\jakarta.el\3.0.3\jakarta.el-3.0.3.jar;C:\Users\gspankr\.m2\repository\org\apache\tomcat\embed\tomcat-embed-websocket\9.0.39\tomcat-embed-websocket-9.0.39.jar;C:\Users\gspankr\.m2\repository\org\springframework\spring-web\5.3.1\spring-web-5.3.1.jar;C:\Users\gspankr\.m2\repository\org\springframework\spring-webmvc\5.3.1\spring-webmvc-5.3.1.jar;C:\Users\gspankr\.m2\repository\com\blazebit\blaze-persistence-core-api\1.6.0-Alpha2\blaze-persistence-core-api-1.6.0-Alpha2.jar;C:\Users\gspankr\.m2\repository\com\blazebit\blaze-persistence-core-impl\1.6.0-Alpha2\blaze-persistence-core-impl-1.6.0-Alpha2.jar;C:\Users\gspankr\.m2\repository\com\blazebit\blaze-persistence-core-parser\1.6.0-Alpha2\blaze-persistence-core-parser-1.6.0-Alpha2.jar;C:\Users\gspankr\.m2\repository\com\blazebit\blaze-common-utils\0.1.21\blaze-common-utils-0.1.21.jar;C:\Users\gspankr\.m2\repository\com\blazebit\blaze-persistence-integration-hibernate-5.4\1.6.0-Alpha2\blaze-persistence-integration-hibernate-5.4-1.6.0-Alpha2.jar;C:\Users\gspankr\.m2\repository\com\blazebit\blaze-persistence-integration-hibernate-base\1.6.0-Alpha2\blaze-persistence-integration-hibernate-base-1.6.0-Alpha2.jar;C:\Users\gspankr\.m2\repository\com\blazebit\blaze-persistence-integration-jpa-base\1.6.0-Alpha2\blaze-persistence-integration-jpa-base-1.6.0-Alpha2.jar;C:\Users\gspankr\.m2\repository\com\blazebit\blaze-persistence-entity-view-api\1.6.0-Alpha2\blaze-persistence-entity-view-api-1.6.0-Alpha2.jar;C:\Users\gspankr\.m2\repository\com\blazebit\blaze-persistence-entity-view-impl\1.6.0-Alpha2\blaze-persistence-entity-view-impl-1.6.0-Alpha2.jar;C:\Users\gspankr\.m2\repository\org\javassist\javassist\3.27.0-GA\javassist-3.27.0-GA.jar;C:\Users\gspankr\.m2\repository\com\blazebit\blaze-persistence-entity-view-processor\1.6.0-Alpha2\blaze-persistence-entity-view-processor-1.6.0-Alpha2.jar;C:\Users\gspankr\.m2\repository\com\blazebit\blaze-persistence-integration-entity-view-spring\1.6.0-Alpha2\blaze-persistence-integration-entity-view-spring-1.6.0-Alpha2.jar;C:\Users\gspankr\.m2\repository\org\springframework\spring-context\5.3.1\spring-context-5.3.1.jar;C:\Users\gspankr\.m2\repository\org\springframework\spring-aop\5.3.1\spring-aop-5.3.1.jar;C:\Users\gspankr\.m2\repository\org\springframework\spring-beans\5.3.1\spring-beans-5.3.1.jar;C:\Users\gspankr\.m2\repository\org\springframework\spring-core\5.3.1\spring-core-5.3.1.jar;C:\Users\gspankr\.m2\repository\org\springframework\spring-jcl\5.3.1\spring-jcl-5.3.1.jar;C:\Users\gspankr\.m2\repository\org\springframework\spring-expression\5.3.1\spring-expression-5.3.1.jar;C:\Users\gspankr\.m2\repository\org\springframework\spring-orm\5.3.1\spring-orm-5.3.1.jar;C:\Users\gspankr\.m2\repository\org\springframework\spring-jdbc\5.3.1\spring-jdbc-5.3.1.jar;C:\Users\gspankr\.m2\repository\org\springframework\spring-tx\5.3.1\spring-tx-5.3.1.jar;C:\Users\gspankr\.m2\repository\org\springframework\data\spring-data-jpa\2.4.1\spring-data-jpa-2.4.1.jar;C:\Users\gspankr\.m2\repository\org\springframework\data\spring-data-commons\2.4.1\spring-data-commons-2.4.1.jar;C:\Users\gspankr\.m2\repository\org\aspectj\aspectjrt\1.9.6\aspectjrt-1.9.6.jar;C:\Users\gspankr\.m2\repository\org\slf4j\slf4j-api\1.7.30\slf4j-api-1.7.30.jar;C:\Users\gspankr\.m2\repository\com\blazebit\blaze-persistence-integration-spring-data-2.4\1.6.0-Alpha2\blaze-persistence-integration-spring-data-2.4-1.6.0-Alpha2.jar;C:\Users\gspankr\.m2\repository\com\blazebit\blaze-persistence-jpa-criteria-api\1.6.0-Alpha2\blaze-persistence-jpa-criteria-api-1.6.0-Alpha2.jar;C:\Users\gspankr\.m2\repository\com\blazebit\blaze-persistence-jpa-criteria-impl\1.6.0-Alpha2\blaze-persistence-jpa-criteria-impl-1.6.0-Alpha2.jar;C:\Users\gspankr\.m2\repository\com\blazebit\blaze-persistence-integration-spring-data-base\1.6.0-Alpha2\blaze-persistence-integration-spring-data-base-1.6.0-Alpha2.jar;C:\Users\gspankr\.m2\repository\javax\xml\bind\jaxb-api\2.3.1\jaxb-api-2.3.1.jar;C:\Users\gspankr\.m2\repository\javax\activation\javax.activation-api\1.2.0\javax.activation-api-1.2.0.jar;C:\Users\gspankr\.m2\repository\com\sun\xml\bind\jaxb-core\2.3.0.1\jaxb-core-2.3.0.1.jar;C:\Users\gspankr\.m2\repository\com\sun\xml\bind\jaxb-impl\2.3.3\jaxb-impl-2.3.3.jar;C:\Users\gspankr\.m2\repository\jakarta\xml\bind\jakarta.xml.bind-api\2.3.3\jakarta.xml.bind-api-2.3.3.jar;C:\Users\gspankr\.m2\repository\com\sun\activation\jakarta.activation\1.2.2\jakarta.activation-1.2.2.jar;C:\Users\gspankr\.m2\repository\javax\transaction\javax.transaction-api\1.2\javax.transaction-api-1.2.jar;C:\Users\gspankr\.m2\repository\javax\activation\activation\1.1.1\activation-1.1.1.jar;C:\Users\gspankr\.m2\repository\javax\annotation\javax.annotation-api\1.3.2\javax.annotation-api-1.3.2.jar;C:\Users\gspankr\.m2\repository\junit\junit\4.13.1\junit-4.13.1.jar;C:\Users\gspankr\.m2\repository\org\hamcrest\hamcrest-core\2.2\hamcrest-core-2.2.jar;C:\Users\gspankr\.m2\repository\org\hamcrest\hamcrest\2.2\hamcrest-2.2.jar;C:\Users\gspankr\.m2\repository\com\h2database\h2\1.4.200\h2-1.4.200.jar;C:\Users\gspankr\.m2\repository\org\springframework\spring-test\5.3.1\spring-test-5.3.1.jar;"/>
    <property name="java.vm.vendor" value="Oracle Corporation"/>
    <property name="sun.arch.data.model" value="64"/>
    <property name="user.variant" value=""/>
    <property name="java.vendor.url" value="https://openjdk.java.net/"/>
    <property name="user.timezone" value="America/Denver"/>
    <property name="java.vm.specification.version" value="11"/>
    <property name="os.name" value="Windows 10"/>
    <property name="sun.java.launcher" value="SUN_STANDARD"/>
    <property name="user.country" value="US"/>
    <property name="sun.boot.library.path" value="C:\Program Files\Java\jdk-11.0.8\bin"/>
    <property name="sun.java.command" value="C:\Users\gspankr\AppData\Local\Temp\surefire17682525912318840909\surefirebooter18186586289413677161.jar C:\Users\gspankr\AppData\Local\Temp\surefire17682525912318840909 2021-03-11T09-43-12_536-jvmRun1 surefire7993405255692951933tmp surefire_08247519900885641089tmp"/>
    <property name="jdk.debug" value="release"/>
    <property name="surefire.test.class.path" value="C:\Users\gspankr\Documents\LAPS-A\testing\test\target\test-classes;C:\Users\gspankr\Documents\LAPS-A\testing\test\target\classes;C:\Users\gspankr\.m2\repository\org\springframework\boot\spring-boot-starter-data-jpa\2.4.0\spring-boot-starter-data-jpa-2.4.0.jar;C:\Users\gspankr\.m2\repository\org\springframework\boot\spring-boot-starter-aop\2.4.0\spring-boot-starter-aop-2.4.0.jar;C:\Users\gspankr\.m2\repository\org\aspectj\aspectjweaver\1.9.6\aspectjweaver-1.9.6.jar;C:\Users\gspankr\.m2\repository\org\springframework\boot\spring-boot-starter-jdbc\2.4.0\spring-boot-starter-jdbc-2.4.0.jar;C:\Users\gspankr\.m2\repository\com\zaxxer\HikariCP\3.4.5\HikariCP-3.4.5.jar;C:\Users\gspankr\.m2\repository\jakarta\transaction\jakarta.transaction-api\1.3.3\jakarta.transaction-api-1.3.3.jar;C:\Users\gspankr\.m2\repository\jakarta\persistence\jakarta.persistence-api\2.2.3\jakarta.persistence-api-2.2.3.jar;C:\Users\gspankr\.m2\repository\org\hibernate\hibernate-core\5.4.23.Final\hibernate-core-5.4.23.Final.jar;C:\Users\gspankr\.m2\repository\org\jboss\logging\jboss-logging\3.4.1.Final\jboss-logging-3.4.1.Final.jar;C:\Users\gspankr\.m2\repository\net\bytebuddy\byte-buddy\1.10.18\byte-buddy-1.10.18.jar;C:\Users\gspankr\.m2\repository\antlr\antlr\2.7.7\antlr-2.7.7.jar;C:\Users\gspankr\.m2\repository\org\jboss\jandex\2.1.3.Final\jandex-2.1.3.Final.jar;C:\Users\gspankr\.m2\repository\com\fasterxml\classmate\1.5.1\classmate-1.5.1.jar;C:\Users\gspankr\.m2\repository\org\dom4j\dom4j\2.1.3\dom4j-2.1.3.jar;C:\Users\gspankr\.m2\repository\org\hibernate\common\hibernate-commons-annotations\5.1.2.Final\hibernate-commons-annotations-5.1.2.Final.jar;C:\Users\gspankr\.m2\repository\org\glassfish\jaxb\jaxb-runtime\2.3.3\jaxb-runtime-2.3.3.jar;C:\Users\gspankr\.m2\repository\org\glassfish\jaxb\txw2\2.3.3\txw2-2.3.3.jar;C:\Users\gspankr\.m2\repository\com\sun\istack\istack-commons-runtime\3.0.11\istack-commons-runtime-3.0.11.jar;C:\Users\gspankr\.m2\repository\org\springframework\spring-aspects\5.3.1\spring-aspects-5.3.1.jar;C:\Users\gspankr\.m2\repository\org\springframework\boot\spring-boot-starter-web\2.4.0\spring-boot-starter-web-2.4.0.jar;C:\Users\gspankr\.m2\repository\org\springframework\boot\spring-boot-starter\2.4.0\spring-boot-starter-2.4.0.jar;C:\Users\gspankr\.m2\repository\org\springframework\boot\spring-boot\2.4.0\spring-boot-2.4.0.jar;C:\Users\gspankr\.m2\repository\org\springframework\boot\spring-boot-autoconfigure\2.4.0\spring-boot-autoconfigure-2.4.0.jar;C:\Users\gspankr\.m2\repository\org\springframework\boot\spring-boot-starter-logging\2.4.0\spring-boot-starter-logging-2.4.0.jar;C:\Users\gspankr\.m2\repository\ch\qos\logback\logback-classic\1.2.3\logback-classic-1.2.3.jar;C:\Users\gspankr\.m2\repository\ch\qos\logback\logback-core\1.2.3\logback-core-1.2.3.jar;C:\Users\gspankr\.m2\repository\org\apache\logging\log4j\log4j-to-slf4j\2.13.3\log4j-to-slf4j-2.13.3.jar;C:\Users\gspankr\.m2\repository\org\apache\logging\log4j\log4j-api\2.13.3\log4j-api-2.13.3.jar;C:\Users\gspankr\.m2\repository\org\slf4j\jul-to-slf4j\1.7.30\jul-to-slf4j-1.7.30.jar;C:\Users\gspankr\.m2\repository\jakarta\annotation\jakarta.annotation-api\1.3.5\jakarta.annotation-api-1.3.5.jar;C:\Users\gspankr\.m2\repository\org\yaml\snakeyaml\1.27\snakeyaml-1.27.jar;C:\Users\gspankr\.m2\repository\org\springframework\boot\spring-boot-starter-json\2.4.0\spring-boot-starter-json-2.4.0.jar;C:\Users\gspankr\.m2\repository\com\fasterxml\jackson\core\jackson-databind\2.11.3\jackson-databind-2.11.3.jar;C:\Users\gspankr\.m2\repository\com\fasterxml\jackson\core\jackson-annotations\2.11.3\jackson-annotations-2.11.3.jar;C:\Users\gspankr\.m2\repository\com\fasterxml\jackson\core\jackson-core\2.11.3\jackson-core-2.11.3.jar;C:\Users\gspankr\.m2\repository\com\fasterxml\jackson\datatype\jackson-datatype-jdk8\2.11.3\jackson-datatype-jdk8-2.11.3.jar;C:\Users\gspankr\.m2\repository\com\fasterxml\jackson\datatype\jackson-datatype-jsr310\2.11.3\jackson-datatype-jsr310-2.11.3.jar;C:\Users\gspankr\.m2\repository\com\fasterxml\jackson\module\jackson-module-parameter-names\2.11.3\jackson-module-parameter-names-2.11.3.jar;C:\Users\gspankr\.m2\repository\org\springframework\boot\spring-boot-starter-tomcat\2.4.0\spring-boot-starter-tomcat-2.4.0.jar;C:\Users\gspankr\.m2\repository\org\apache\tomcat\embed\tomcat-embed-core\9.0.39\tomcat-embed-core-9.0.39.jar;C:\Users\gspankr\.m2\repository\org\glassfish\jakarta.el\3.0.3\jakarta.el-3.0.3.jar;C:\Users\gspankr\.m2\repository\org\apache\tomcat\embed\tomcat-embed-websocket\9.0.39\tomcat-embed-websocket-9.0.39.jar;C:\Users\gspankr\.m2\repository\org\springframework\spring-web\5.3.1\spring-web-5.3.1.jar;C:\Users\gspankr\.m2\repository\org\springframework\spring-webmvc\5.3.1\spring-webmvc-5.3.1.jar;C:\Users\gspankr\.m2\repository\com\blazebit\blaze-persistence-core-api\1.6.0-Alpha2\blaze-persistence-core-api-1.6.0-Alpha2.jar;C:\Users\gspankr\.m2\repository\com\blazebit\blaze-persistence-core-impl\1.6.0-Alpha2\blaze-persistence-core-impl-1.6.0-Alpha2.jar;C:\Users\gspankr\.m2\repository\com\blazebit\blaze-persistence-core-parser\1.6.0-Alpha2\blaze-persistence-core-parser-1.6.0-Alpha2.jar;C:\Users\gspankr\.m2\repository\com\blazebit\blaze-common-utils\0.1.21\blaze-common-utils-0.1.21.jar;C:\Users\gspankr\.m2\repository\com\blazebit\blaze-persistence-integration-hibernate-5.4\1.6.0-Alpha2\blaze-persistence-integration-hibernate-5.4-1.6.0-Alpha2.jar;C:\Users\gspankr\.m2\repository\com\blazebit\blaze-persistence-integration-hibernate-base\1.6.0-Alpha2\blaze-persistence-integration-hibernate-base-1.6.0-Alpha2.jar;C:\Users\gspankr\.m2\repository\com\blazebit\blaze-persistence-integration-jpa-base\1.6.0-Alpha2\blaze-persistence-integration-jpa-base-1.6.0-Alpha2.jar;C:\Users\gspankr\.m2\repository\com\blazebit\blaze-persistence-entity-view-api\1.6.0-Alpha2\blaze-persistence-entity-view-api-1.6.0-Alpha2.jar;C:\Users\gspankr\.m2\repository\com\blazebit\blaze-persistence-entity-view-impl\1.6.0-Alpha2\blaze-persistence-entity-view-impl-1.6.0-Alpha2.jar;C:\Users\gspankr\.m2\repository\org\javassist\javassist\3.27.0-GA\javassist-3.27.0-GA.jar;C:\Users\gspankr\.m2\repository\com\blazebit\blaze-persistence-entity-view-processor\1.6.0-Alpha2\blaze-persistence-entity-view-processor-1.6.0-Alpha2.jar;C:\Users\gspankr\.m2\repository\com\blazebit\blaze-persistence-integration-entity-view-spring\1.6.0-Alpha2\blaze-persistence-integration-entity-view-spring-1.6.0-Alpha2.jar;C:\Users\gspankr\.m2\repository\org\springframework\spring-context\5.3.1\spring-context-5.3.1.jar;C:\Users\gspankr\.m2\repository\org\springframework\spring-aop\5.3.1\spring-aop-5.3.1.jar;C:\Users\gspankr\.m2\repository\org\springframework\spring-beans\5.3.1\spring-beans-5.3.1.jar;C:\Users\gspankr\.m2\repository\org\springframework\spring-core\5.3.1\spring-core-5.3.1.jar;C:\Users\gspankr\.m2\repository\org\springframework\spring-jcl\5.3.1\spring-jcl-5.3.1.jar;C:\Users\gspankr\.m2\repository\org\springframework\spring-expression\5.3.1\spring-expression-5.3.1.jar;C:\Users\gspankr\.m2\repository\org\springframework\spring-orm\5.3.1\spring-orm-5.3.1.jar;C:\Users\gspankr\.m2\repository\org\springframework\spring-jdbc\5.3.1\spring-jdbc-5.3.1.jar;C:\Users\gspankr\.m2\repository\org\springframework\spring-tx\5.3.1\spring-tx-5.3.1.jar;C:\Users\gspankr\.m2\repository\org\springframework\data\spring-data-jpa\2.4.1\spring-data-jpa-2.4.1.jar;C:\Users\gspankr\.m2\repository\org\springframework\data\spring-data-commons\2.4.1\spring-data-commons-2.4.1.jar;C:\Users\gspankr\.m2\repository\org\aspectj\aspectjrt\1.9.6\aspectjrt-1.9.6.jar;C:\Users\gspankr\.m2\repository\org\slf4j\slf4j-api\1.7.30\slf4j-api-1.7.30.jar;C:\Users\gspankr\.m2\repository\com\blazebit\blaze-persistence-integration-spring-data-2.4\1.6.0-Alpha2\blaze-persistence-integration-spring-data-2.4-1.6.0-Alpha2.jar;C:\Users\gspankr\.m2\repository\com\blazebit\blaze-persistence-jpa-criteria-api\1.6.0-Alpha2\blaze-persistence-jpa-criteria-api-1.6.0-Alpha2.jar;C:\Users\gspankr\.m2\repository\com\blazebit\blaze-persistence-jpa-criteria-impl\1.6.0-Alpha2\blaze-persistence-jpa-criteria-impl-1.6.0-Alpha2.jar;C:\Users\gspankr\.m2\repository\com\blazebit\blaze-persistence-integration-spring-data-base\1.6.0-Alpha2\blaze-persistence-integration-spring-data-base-1.6.0-Alpha2.jar;C:\Users\gspankr\.m2\repository\javax\xml\bind\jaxb-api\2.3.1\jaxb-api-2.3.1.jar;C:\Users\gspankr\.m2\repository\javax\activation\javax.activation-api\1.2.0\javax.activation-api-1.2.0.jar;C:\Users\gspankr\.m2\repository\com\sun\xml\bind\jaxb-core\2.3.0.1\jaxb-core-2.3.0.1.jar;C:\Users\gspankr\.m2\repository\com\sun\xml\bind\jaxb-impl\2.3.3\jaxb-impl-2.3.3.jar;C:\Users\gspankr\.m2\repository\jakarta\xml\bind\jakarta.xml.bind-api\2.3.3\jakarta.xml.bind-api-2.3.3.jar;C:\Users\gspankr\.m2\repository\com\sun\activation\jakarta.activation\1.2.2\jakarta.activation-1.2.2.jar;C:\Users\gspankr\.m2\repository\javax\transaction\javax.transaction-api\1.2\javax.transaction-api-1.2.jar;C:\Users\gspankr\.m2\repository\javax\activation\activation\1.1.1\activation-1.1.1.jar;C:\Users\gspankr\.m2\repository\javax\annotation\javax.annotation-api\1.3.2\javax.annotation-api-1.3.2.jar;C:\Users\gspankr\.m2\repository\junit\junit\4.13.1\junit-4.13.1.jar;C:\Users\gspankr\.m2\repository\org\hamcrest\hamcrest-core\2.2\hamcrest-core-2.2.jar;C:\Users\gspankr\.m2\repository\org\hamcrest\hamcrest\2.2\hamcrest-2.2.jar;C:\Users\gspankr\.m2\repository\com\h2database\h2\1.4.200\h2-1.4.200.jar;C:\Users\gspankr\.m2\repository\org\springframework\spring-test\5.3.1\spring-test-5.3.1.jar;"/>
    <property name="sun.cpu.endian" value="little"/>
    <property name="user.home" value="C:\Users\gspankr"/>
    <property name="user.language" value="en"/>
    <property name="java.specification.vendor" value="Oracle Corporation"/>
    <property name="java.version.date" value="2020-07-14"/>
    <property name="java.home" value="C:\Program Files\Java\jdk-11.0.8"/>
    <property name="file.separator" value="\"/>
    <property name="basedir" value="C:\Users\gspankr\Documents\LAPS-A\testing\test"/>
    <property name="java.vm.compressedOopsMode" value="Zero based"/>
    <property name="line.separator" value="&#10;"/>
    <property name="java.specification.name" value="Java Platform API Specification"/>
    <property name="java.vm.specification.vendor" value="Oracle Corporation"/>
    <property name="java.awt.graphicsenv" value="sun.awt.Win32GraphicsEnvironment"/>
    <property name="surefire.real.class.path" value="C:\Users\gspankr\AppData\Local\Temp\surefire17682525912318840909\surefirebooter18186586289413677161.jar"/>
    <property name="user.script" value=""/>
    <property name="sun.management.compiler" value="HotSpot 64-Bit Tiered Compilers"/>
    <property name="java.runtime.version" value="11.0.8+10-LTS"/>
    <property name="user.name" value="gspankr"/>
    <property name="path.separator" value=";"/>
    <property name="os.version" value="10.0"/>
    <property name="java.runtime.name" value="Java(TM) SE Runtime Environment"/>
    <property name="file.encoding" value="Cp1252"/>
    <property name="java.vm.name" value="Java HotSpot(TM) 64-Bit Server VM"/>
    <property name="java.vendor.version" value="18.9"/>
    <property name="localRepository" value="C:\Users\gspankr\.m2\repository"/>
    <property name="java.vendor.url.bug" value="https://bugreport.java.com/bugreport/"/>
    <property name="java.io.tmpdir" value="C:\Users\gspankr\AppData\Local\Temp\"/>
    <property name="idea.version" value="2020.2.2"/>
    <property name="java.version" value="11.0.8"/>
    <property name="user.dir" value="C:\Users\gspankr\Documents\LAPS-A\testing\test"/>
    <property name="os.arch" value="amd64"/>
    <property name="java.vm.specification.name" value="Java Virtual Machine Specification"/>
    <property name="java.awt.printerjob" value="sun.awt.windows.WPrinterJob"/>
    <property name="sun.os.patch.level" value=""/>
    <property name="java.library.path" value="C:\Program Files\Java\jdk-11.0.8\bin;C:\WINDOWS\Sun\Java\bin;C:\WINDOWS\system32;C:\WINDOWS;C:\Oracle19c\bin;C:\Program Files\Common Files\Oracle\Java\javapath;C:\Program Files (x86)\Common Files\Oracle\Java\javapath;C:\WINDOWS\system32;C:\WINDOWS;C:\WINDOWS\System32\Wbem;C:\WINDOWS\System32\WindowsPowerShell\v1.0\;C:\WINDOWS\System32\OpenSSH\;C:\Program Files\Git\cmd;C:\Program Files\nodejs\;C:\Program Files\Docker\Docker\resources\bin;C:\ProgramData\DockerDesktop\version-bin;C:\Program Files (x86)\HID Global\ActivClient\;C:\Program Files\HID Global\ActivClient\;C:\Users\gspankr\AppData\Local\Microsoft\WindowsApps;C:\Users\gspankr\AppData\Roaming\npm;C:\maven\bin;;."/>
    <property name="java.vendor" value="Oracle Corporation"/>
    <property name="java.vm.info" value="mixed mode"/>
    <property name="java.vm.version" value="11.0.8+10-LTS"/>
    <property name="sun.io.unicode.encoding" value="UnicodeLittle"/>
    <property name="java.class.version" value="55.0"/>
  </properties>
  <testcase name="sampleTest" classname="evtest.sample.SampleTest" time="0.548">
    <error message="Attribute &apos;valueA&apos; not found on type &apos;RefType&apos;" type="java.lang.IllegalArgumentException">java.lang.IllegalArgumentException: Attribute 'valueA' not found on type 'RefType'
	at com.blazebit.persistence.parser.PathTargetResolvingExpressionVisitor.visit(PathTargetResolvingExpressionVisitor.java:243)
	at com.blazebit.persistence.parser.expression.PropertyExpression.accept(PropertyExpression.java:41)
	at com.blazebit.persistence.parser.PathTargetResolvingExpressionVisitor.visit(PathTargetResolvingExpressionVisitor.java:336)
	at com.blazebit.persistence.parser.expression.PathExpression.accept(PathExpression.java:85)
	at com.blazebit.persistence.impl.JpaUtils.getAttributeForJoining(JpaUtils.java:476)
	at com.blazebit.persistence.impl.JoinManager.implicitJoinSingle(JoinManager.java:3556)
	at com.blazebit.persistence.impl.JoinManager.implicitJoin(JoinManager.java:2933)
	at com.blazebit.persistence.impl.JoinVisitor.visit(JoinVisitor.java:268)
	at com.blazebit.persistence.impl.JoinVisitor.visit(JoinVisitor.java:219)
	at com.blazebit.persistence.parser.expression.PathExpression.accept(PathExpression.java:85)
	at com.blazebit.persistence.parser.expression.VisitorAdapter.visit(VisitorAdapter.java:251)
	at com.blazebit.persistence.parser.predicate.LikePredicate.accept(LikePredicate.java:52)
	at com.blazebit.persistence.parser.expression.VisitorAdapter.visit(VisitorAdapter.java:223)
	at com.blazebit.persistence.parser.predicate.CompoundPredicate.accept(CompoundPredicate.java:77)
	at com.blazebit.persistence.impl.PredicateManager.acceptVisitor(PredicateManager.java:246)
	at com.blazebit.persistence.impl.AbstractCommonQueryBuilder.applyImplicitJoins(AbstractCommonQueryBuilder.java:2664)
	at com.blazebit.persistence.impl.AbstractCommonQueryBuilder.prepareAndCheck(AbstractCommonQueryBuilder.java:3586)
	at com.blazebit.persistence.impl.AbstractCommonQueryBuilder.getBaseQueryStringWithCheck(AbstractCommonQueryBuilder.java:2803)
	at com.blazebit.persistence.impl.AbstractCommonQueryBuilder.getTypedQuery(AbstractCommonQueryBuilder.java:2818)
	at com.blazebit.persistence.impl.AbstractQueryBuilder.getQuery(AbstractQueryBuilder.java:52)
	at com.blazebit.persistence.impl.AbstractQueryBuilder.getResultList(AbstractQueryBuilder.java:57)
	at evtest.sample.SampleTest.sampleTest(SampleTest.java:53)
	at java.base/jdk.internal.reflect.NativeMethodAccessorImpl.invoke0(Native Method)
	at java.base/jdk.internal.reflect.NativeMethodAccessorImpl.invoke(NativeMethodAccessorImpl.java:62)
	at java.base/jdk.internal.reflect.DelegatingMethodAccessorImpl.invoke(DelegatingMethodAccessorImpl.java:43)
	at java.base/java.lang.reflect.Method.invoke(Method.java:566)
	at org.junit.runners.model.FrameworkMethod$1.runReflectiveCall(FrameworkMethod.java:59)
	at org.junit.internal.runners.model.ReflectiveCallable.run(ReflectiveCallable.java:12)
	at org.junit.runners.model.FrameworkMethod.invokeExplosively(FrameworkMethod.java:56)
	at org.junit.internal.runners.statements.InvokeMethod.evaluate(InvokeMethod.java:17)
	at org.springframework.test.context.junit4.statements.RunBeforeTestExecutionCallbacks.evaluate(RunBeforeTestExecutionCallbacks.java:74)
	at org.springframework.test.context.junit4.statements.RunAfterTestExecutionCallbacks.evaluate(RunAfterTestExecutionCallbacks.java:84)
	at org.junit.internal.runners.statements.RunBefores.evaluate(RunBefores.java:26)
	at org.springframework.test.context.junit4.statements.RunBeforeTestMethodCallbacks.evaluate(RunBeforeTestMethodCallbacks.java:75)
	at org.springframework.test.context.junit4.statements.RunAfterTestMethodCallbacks.evaluate(RunAfterTestMethodCallbacks.java:86)
	at org.springframework.test.context.junit4.statements.SpringRepeat.evaluate(SpringRepeat.java:84)
	at org.junit.runners.ParentRunner.runLeaf(ParentRunner.java:366)
	at org.springframework.test.context.junit4.SpringJUnit4ClassRunner.runChild(SpringJUnit4ClassRunner.java:251)
	at org.springframework.test.context.junit4.SpringJUnit4ClassRunner.runChild(SpringJUnit4ClassRunner.java:97)
	at org.junit.runners.ParentRunner$4.run(ParentRunner.java:331)
	at org.junit.runners.ParentRunner$1.schedule(ParentRunner.java:79)
	at org.junit.runners.ParentRunner.runChildren(ParentRunner.java:329)
	at org.junit.runners.ParentRunner.access$100(ParentRunner.java:66)
	at org.junit.runners.ParentRunner$2.evaluate(ParentRunner.java:293)
	at org.springframework.test.context.junit4.statements.RunBeforeTestClassCallbacks.evaluate(RunBeforeTestClassCallbacks.java:61)
	at org.springframework.test.context.junit4.statements.RunAfterTestClassCallbacks.evaluate(RunAfterTestClassCallbacks.java:70)
	at org.junit.runners.ParentRunner$3.evaluate(ParentRunner.java:306)
	at org.junit.runners.ParentRunner.run(ParentRunner.java:413)
	at org.springframework.test.context.junit4.SpringJUnit4ClassRunner.run(SpringJUnit4ClassRunner.java:190)
	at org.apache.maven.surefire.junit4.JUnit4Provider.execute(JUnit4Provider.java:365)
	at org.apache.maven.surefire.junit4.JUnit4Provider.executeWithRerun(JUnit4Provider.java:273)
	at org.apache.maven.surefire.junit4.JUnit4Provider.executeTestSet(JUnit4Provider.java:238)
	at org.apache.maven.surefire.junit4.JUnit4Provider.invoke(JUnit4Provider.java:159)
	at org.apache.maven.surefire.booter.ForkedBooter.invokeProviderInSameClassLoader(ForkedBooter.java:384)
	at org.apache.maven.surefire.booter.ForkedBooter.runSuitesInProcess(ForkedBooter.java:345)
	at org.apache.maven.surefire.booter.ForkedBooter.execute(ForkedBooter.java:126)
	at org.apache.maven.surefire.booter.ForkedBooter.main(ForkedBooter.java:418)
</error>
    <system-out><![CDATA[09:43:13.903 [main] DEBUG org.springframework.test.context.junit4.SpringJUnit4ClassRunner - SpringJUnit4ClassRunner constructor called with [class evtest.sample.SampleTest]
09:43:13.918 [main] DEBUG org.springframework.test.context.BootstrapUtils - Instantiating CacheAwareContextLoaderDelegate from class [org.springframework.test.context.cache.DefaultCacheAwareContextLoaderDelegate]
09:43:13.934 [main] DEBUG org.springframework.test.context.BootstrapUtils - Instantiating BootstrapContext using constructor [public org.springframework.test.context.support.DefaultBootstrapContext(java.lang.Class,org.springframework.test.context.CacheAwareContextLoaderDelegate)]
09:43:13.981 [main] DEBUG org.springframework.test.context.BootstrapUtils - Instantiating TestContextBootstrapper for test class [evtest.sample.SampleTest] from class [org.springframework.test.context.support.DefaultTestContextBootstrapper]
09:43:14.019 [main] DEBUG org.springframework.test.context.support.AbstractDelegatingSmartContextLoader - Delegating to AnnotationConfigContextLoader to process context configuration [ContextConfigurationAttributes@4944252c declaringClass = 'evtest.sample.SampleTest', classes = '{class evtest.sample.SampleTest$TestConfig}', locations = '{}', inheritLocations = true, initializers = '{}', inheritInitializers = true, name = [null], contextLoaderClass = 'org.springframework.test.context.ContextLoader'].
09:43:14.103 [main] DEBUG org.springframework.test.context.support.ActiveProfilesUtils - Could not find an 'annotation declaring class' for annotation type [org.springframework.test.context.ActiveProfiles] and class [evtest.sample.SampleTest]
09:43:14.103 [main] DEBUG org.springframework.test.context.support.DefaultTestContextBootstrapper - @TestExecutionListeners is not present for class [evtest.sample.SampleTest]: using defaults.
09:43:14.103 [main] INFO org.springframework.test.context.support.DefaultTestContextBootstrapper - Loaded default TestExecutionListener class names from location [META-INF/spring.factories]: [org.springframework.test.context.web.ServletTestExecutionListener, org.springframework.test.context.support.DirtiesContextBeforeModesTestExecutionListener, org.springframework.test.context.support.DependencyInjectionTestExecutionListener, org.springframework.test.context.support.DirtiesContextTestExecutionListener, org.springframework.test.context.transaction.TransactionalTestExecutionListener, org.springframework.test.context.jdbc.SqlScriptsTestExecutionListener, org.springframework.test.context.event.EventPublishingTestExecutionListener]
09:43:14.134 [main] INFO org.springframework.test.context.support.DefaultTestContextBootstrapper - Using TestExecutionListeners: [org.springframework.test.context.web.ServletTestExecutionListener@1e0b4072, org.springframework.test.context.support.DirtiesContextBeforeModesTestExecutionListener@791f145a, org.springframework.test.context.support.DependencyInjectionTestExecutionListener@38cee291, org.springframework.test.context.support.DirtiesContextTestExecutionListener@4b45a2f5, org.springframework.test.context.transaction.TransactionalTestExecutionListener@f09733f, org.springframework.test.context.jdbc.SqlScriptsTestExecutionListener@e350b40, org.springframework.test.context.event.EventPublishingTestExecutionListener@41a0aa7d]
09:43:14.134 [main] DEBUG org.springframework.test.annotation.ProfileValueUtils - Retrieved @ProfileValueSourceConfiguration [null] for test class [evtest.sample.SampleTest]
09:43:14.134 [main] DEBUG org.springframework.test.annotation.ProfileValueUtils - Retrieved ProfileValueSource type [class org.springframework.test.annotation.SystemProfileValueSource] for class [evtest.sample.SampleTest]
09:43:14.134 [main] DEBUG org.springframework.test.annotation.ProfileValueUtils - Retrieved @ProfileValueSourceConfiguration [null] for test class [evtest.sample.SampleTest]
09:43:14.134 [main] DEBUG org.springframework.test.annotation.ProfileValueUtils - Retrieved ProfileValueSource type [class org.springframework.test.annotation.SystemProfileValueSource] for class [evtest.sample.SampleTest]
09:43:14.134 [main] DEBUG org.springframework.test.annotation.ProfileValueUtils - Retrieved @ProfileValueSourceConfiguration [null] for test class [evtest.sample.SampleTest]
09:43:14.134 [main] DEBUG org.springframework.test.annotation.ProfileValueUtils - Retrieved ProfileValueSource type [class org.springframework.test.annotation.SystemProfileValueSource] for class [evtest.sample.SampleTest]
09:43:14.134 [main] DEBUG org.springframework.test.annotation.ProfileValueUtils - Retrieved @ProfileValueSourceConfiguration [null] for test class [evtest.sample.SampleTest]
09:43:14.134 [main] DEBUG org.springframework.test.annotation.ProfileValueUtils - Retrieved ProfileValueSource type [class org.springframework.test.annotation.SystemProfileValueSource] for class [evtest.sample.SampleTest]
09:43:14.134 [main] DEBUG org.springframework.test.annotation.ProfileValueUtils - Retrieved @ProfileValueSourceConfiguration [null] for test class [evtest.sample.SampleTest]
09:43:14.134 [main] DEBUG org.springframework.test.annotation.ProfileValueUtils - Retrieved ProfileValueSource type [class org.springframework.test.annotation.SystemProfileValueSource] for class [evtest.sample.SampleTest]
09:43:14.150 [main] DEBUG org.springframework.test.context.support.AbstractDirtiesContextTestExecutionListener - Before test class: context [DefaultTestContext@78e4deb0 testClass = SampleTest, testInstance = [null], testMethod = [null], testException = [null], mergedContextConfiguration = [MergedContextConfiguration@6e9175d8 testClass = SampleTest, locations = '{}', classes = '{class evtest.sample.SampleTest$TestConfig}', contextInitializerClasses = '[]', activeProfiles = '{}', propertySourceLocations = '{}', propertySourceProperties = '{}', contextCustomizers = set[[empty]], contextLoader = 'org.springframework.test.context.support.DelegatingSmartContextLoader', parent = [null]], attributes = map[[empty]]], class annotated with @DirtiesContext [false] with mode [null].
09:43:14.150 [main] DEBUG org.springframework.test.annotation.ProfileValueUtils - Retrieved @ProfileValueSourceConfiguration [null] for test class [evtest.sample.SampleTest]
09:43:14.150 [main] DEBUG org.springframework.test.annotation.ProfileValueUtils - Retrieved ProfileValueSource type [class org.springframework.test.annotation.SystemProfileValueSource] for class [evtest.sample.SampleTest]
09:43:14.150 [main] DEBUG org.springframework.test.context.support.DependencyInjectionTestExecutionListener - Performing dependency injection for test context [[DefaultTestContext@78e4deb0 testClass = SampleTest, testInstance = evtest.sample.SampleTest@563f38c4, testMethod = [null], testException = [null], mergedContextConfiguration = [MergedContextConfiguration@6e9175d8 testClass = SampleTest, locations = '{}', classes = '{class evtest.sample.SampleTest$TestConfig}', contextInitializerClasses = '[]', activeProfiles = '{}', propertySourceLocations = '{}', propertySourceProperties = '{}', contextCustomizers = set[[empty]], contextLoader = 'org.springframework.test.context.support.DelegatingSmartContextLoader', parent = [null]], attributes = map[[empty]]]].
09:43:14.150 [main] DEBUG org.springframework.test.context.support.AbstractDelegatingSmartContextLoader - Delegating to AnnotationConfigContextLoader to load context from [MergedContextConfiguration@6e9175d8 testClass = SampleTest, locations = '{}', classes = '{class evtest.sample.SampleTest$TestConfig}', contextInitializerClasses = '[]', activeProfiles = '{}', propertySourceLocations = '{}', propertySourceProperties = '{}', contextCustomizers = set[[empty]], contextLoader = 'org.springframework.test.context.support.DelegatingSmartContextLoader', parent = [null]].
09:43:14.150 [main] DEBUG org.springframework.test.context.support.AbstractGenericContextLoader - Loading ApplicationContext for merged context configuration [[MergedContextConfiguration@6e9175d8 testClass = SampleTest, locations = '{}', classes = '{class evtest.sample.SampleTest$TestConfig}', contextInitializerClasses = '[]', activeProfiles = '{}', propertySourceLocations = '{}', propertySourceProperties = '{}', contextCustomizers = set[[empty]], contextLoader = 'org.springframework.test.context.support.DelegatingSmartContextLoader', parent = [null]]].
09:43:14.250 [main] DEBUG org.springframework.core.env.StandardEnvironment - Activating profiles []
09:43:14.250 [main] DEBUG org.springframework.test.context.support.AnnotationConfigContextLoader - Registering component classes: {class evtest.sample.SampleTest$TestConfig}
09:43:14.336 [main] DEBUG org.springframework.context.support.GenericApplicationContext - Refreshing org.springframework.context.support.GenericApplicationContext@48bb62
09:43:14.367 [main] DEBUG org.springframework.beans.factory.support.DefaultListableBeanFactory - Creating shared instance of singleton bean 'org.springframework.context.annotation.internalConfigurationAnnotationProcessor'
09:43:14.519 [main] DEBUG org.springframework.context.annotation.ClassPathBeanDefinitionScanner - Identified candidate component class: file [C:\Users\gspankr\Documents\LAPS-A\testing\test\target\classes\evtest\Application.class]
09:43:14.519 [main] DEBUG org.springframework.context.annotation.ClassPathBeanDefinitionScanner - Identified candidate component class: file [C:\Users\gspankr\Documents\LAPS-A\testing\test\target\classes\evtest\config\BlazePersistenceConfiguration.class]
09:43:14.535 [main] DEBUG org.springframework.context.annotation.ClassPathBeanDefinitionScanner - Identified candidate component class: file [C:\Users\gspankr\Documents\LAPS-A\testing\test\target\classes\evtest\controller\SampleController.class]
09:43:14.550 [main] DEBUG org.springframework.context.annotation.ClassPathBeanDefinitionScanner - Ignored because not a concrete top-level class: file [C:\Users\gspankr\Documents\LAPS-A\testing\test\target\classes\evtest\repository\ItemSimpleViewRepository.class]
09:43:14.635 [main] DEBUG org.springframework.context.annotation.ClassPathBeanDefinitionScanner - Identified candidate component class: file [C:\Users\gspankr\Documents\LAPS-A\testing\test\target\test-classes\evtest\sample\SampleTest$TestConfig.class]
09:43:14.635 [main] DEBUG org.springframework.context.annotation.ClassPathBeanDefinitionScanner - Identified candidate component class: file [C:\Users\gspankr\Documents\LAPS-A\testing\test\target\classes\evtest\config\BlazePersistenceConfiguration.class]
09:43:14.635 [main] DEBUG org.springframework.context.annotation.ClassPathBeanDefinitionScanner - Identified candidate component class: file [C:\Users\gspankr\Documents\LAPS-A\testing\test\target\classes\evtest\controller\SampleController.class]
09:43:14.635 [main] DEBUG org.springframework.context.annotation.ClassPathBeanDefinitionScanner - Ignored because not a concrete top-level class: file [C:\Users\gspankr\Documents\LAPS-A\testing\test\target\classes\evtest\repository\ItemSimpleViewRepository.class]
09:43:15.425 [main] INFO org.springframework.data.repository.config.RepositoryConfigurationDelegate - Bootstrapping Spring Data JPA repositories in DEFAULT mode.
09:43:15.440 [main] DEBUG org.springframework.data.repository.config.RepositoryConfigurationDelegate - Scanning for JPA repositories in packages gov.repository.
09:43:15.456 [main] INFO org.springframework.data.repository.config.RepositoryConfigurationDelegate - Finished Spring Data repository scanning in 9 ms. Found 0 JPA repository interfaces.
09:43:15.456 [main] DEBUG com.blazebit.persistence.integration.view.spring.impl.EntityViewComponentProvider - Identified candidate component class: file [C:\Users\gspankr\Documents\LAPS-A\testing\test\target\classes\evtest\view\item\ItemTypeAView.class]
09:43:15.471 [main] DEBUG com.blazebit.persistence.integration.view.spring.impl.EntityViewComponentProvider - Identified candidate component class: file [C:\Users\gspankr\Documents\LAPS-A\testing\test\target\classes\evtest\view\item\ItemTypeBView.class]
09:43:15.471 [main] DEBUG com.blazebit.persistence.integration.view.spring.impl.EntityViewComponentProvider - Identified candidate component class: file [C:\Users\gspankr\Documents\LAPS-A\testing\test\target\classes\evtest\view\item\ItemTypeBaseView.class]
09:43:15.471 [main] DEBUG com.blazebit.persistence.integration.view.spring.impl.EntityViewComponentProvider - Identified candidate component class: file [C:\Users\gspankr\Documents\LAPS-A\testing\test\target\classes\evtest\view\item\ItemTypeView.class]
09:43:15.471 [main] DEBUG com.blazebit.persistence.integration.view.spring.impl.EntityViewComponentProvider - Identified candidate component class: file [C:\Users\gspankr\Documents\LAPS-A\testing\test\target\classes\evtest\view\ref\RefTypeAView.class]
09:43:15.471 [main] DEBUG com.blazebit.persistence.integration.view.spring.impl.EntityViewComponentProvider - Identified candidate component class: file [C:\Users\gspankr\Documents\LAPS-A\testing\test\target\classes\evtest\view\ref\RefTypeBView.class]
09:43:15.471 [main] DEBUG com.blazebit.persistence.integration.view.spring.impl.EntityViewComponentProvider - Identified candidate component class: file [C:\Users\gspankr\Documents\LAPS-A\testing\test\target\classes\evtest\view\ref\RefTypeView.class]
09:43:15.471 [main] DEBUG com.blazebit.persistence.integration.view.spring.impl.EntityViewComponentProvider - Identified candidate component class: file [C:\Users\gspankr\Documents\LAPS-A\testing\test\target\classes\evtest\view\ref\RefTypeViewBase.class]
09:43:15.490 [main] INFO org.springframework.data.repository.config.RepositoryConfigurationDelegate - Bootstrapping Spring Data JPA repositories in DEFAULT mode.
09:43:15.490 [main] DEBUG org.springframework.data.repository.config.RepositoryConfigurationDelegate - Scanning for JPA repositories in packages evtest.repository.
09:43:15.490 [main] DEBUG org.springframework.data.repository.config.RepositoryComponentProvider - Identified candidate component class: file [C:\Users\gspankr\Documents\LAPS-A\testing\test\target\classes\evtest\repository\ItemSimpleViewRepository.class]
09:43:15.552 [main] INFO org.springframework.data.repository.config.RepositoryConfigurationDelegate - Finished Spring Data repository scanning in 63 ms. Found 1 JPA repository interfaces.
09:43:15.890 [main] DEBUG org.springframework.beans.factory.support.DefaultListableBeanFactory - Creating shared instance of singleton bean 'propertySourcesPlaceholderConfigurer'
09:43:15.890 [main] DEBUG org.springframework.beans.factory.support.DefaultListableBeanFactory - Creating shared instance of singleton bean 'emBeanDefinitionRegistrarPostProcessor'
09:43:15.890 [main] DEBUG org.springframework.beans.factory.support.DefaultListableBeanFactory - Creating shared instance of singleton bean 'org.springframework.context.event.internalEventListenerProcessor'
09:43:15.906 [main] DEBUG org.springframework.beans.factory.support.DefaultListableBeanFactory - Creating shared instance of singleton bean 'org.springframework.context.event.internalEventListenerFactory'
09:43:15.906 [main] DEBUG org.springframework.beans.factory.support.DefaultListableBeanFactory - Creating shared instance of singleton bean 'org.springframework.transaction.config.internalTransactionalEventListenerFactory'
09:43:15.906 [main] DEBUG org.springframework.beans.factory.support.DefaultListableBeanFactory - Creating shared instance of singleton bean 'org.springframework.context.annotation.internalAutowiredAnnotationProcessor'
09:43:15.906 [main] DEBUG org.springframework.beans.factory.support.DefaultListableBeanFactory - Creating shared instance of singleton bean 'org.springframework.context.annotation.internalCommonAnnotationProcessor'
09:43:15.924 [main] DEBUG org.springframework.beans.factory.support.DefaultListableBeanFactory - Creating shared instance of singleton bean 'org.springframework.context.annotation.internalPersistenceAnnotationProcessor'
09:43:15.925 [main] DEBUG org.springframework.beans.factory.support.DefaultListableBeanFactory - Creating shared instance of singleton bean 'org.springframework.boot.context.properties.ConfigurationPropertiesBindingPostProcessor'
09:43:15.926 [main] DEBUG org.springframework.beans.factory.support.DefaultListableBeanFactory - Creating shared instance of singleton bean 'org.springframework.boot.context.internalConfigurationPropertiesBinder'
09:43:15.926 [main] DEBUG org.springframework.beans.factory.support.DefaultListableBeanFactory - Creating shared instance of singleton bean 'org.springframework.boot.context.internalConfigurationPropertiesBinderFactory'
09:43:15.930 [main] DEBUG org.springframework.beans.factory.support.DefaultListableBeanFactory - Creating shared instance of singleton bean 'org.springframework.aop.config.internalAutoProxyCreator'
09:43:16.006 [main] DEBUG org.springframework.beans.factory.support.DefaultListableBeanFactory - Creating shared instance of singleton bean 'dataSourceInitializerPostProcessor'
09:43:16.006 [main] DEBUG org.springframework.beans.factory.support.DefaultListableBeanFactory - Creating shared instance of singleton bean 'persistenceExceptionTranslationPostProcessor'
09:43:16.037 [main] DEBUG org.springframework.beans.factory.support.DefaultListableBeanFactory - Autowiring by type from bean name 'persistenceExceptionTranslationPostProcessor' via factory method to bean named 'environment'
09:43:16.037 [main] DEBUG org.springframework.beans.factory.support.DefaultListableBeanFactory - Creating shared instance of singleton bean 'dataSourceInitializedPublisher'
09:43:16.053 [main] DEBUG org.springframework.beans.factory.support.DefaultListableBeanFactory - Creating shared instance of singleton bean 'entityManagerFactory'
09:43:16.053 [main] DEBUG org.springframework.beans.factory.support.DefaultListableBeanFactory - Creating shared instance of singleton bean 'org.springframework.transaction.config.internalTransactionAdvisor'
09:43:16.053 [main] DEBUG org.springframework.beans.factory.support.DefaultListableBeanFactory - Creating shared instance of singleton bean 'org.springframework.transaction.annotation.ProxyTransactionManagementConfiguration'
09:43:16.090 [main] DEBUG org.springframework.beans.factory.support.DefaultListableBeanFactory - Creating shared instance of singleton bean 'transactionAttributeSource'
09:43:16.090 [main] DEBUG org.springframework.beans.factory.support.DefaultListableBeanFactory - Creating shared instance of singleton bean 'transactionInterceptor'
09:43:16.106 [main] DEBUG org.springframework.beans.factory.support.DefaultListableBeanFactory - Autowiring by type from bean name 'transactionInterceptor' via factory method to bean named 'transactionAttributeSource'
09:43:16.106 [main] DEBUG org.springframework.beans.factory.support.DefaultListableBeanFactory - Autowiring by type from bean name 'org.springframework.transaction.config.internalTransactionAdvisor' via factory method to bean named 'transactionAttributeSource'
09:43:16.106 [main] DEBUG org.springframework.beans.factory.support.DefaultListableBeanFactory - Autowiring by type from bean name 'org.springframework.transaction.config.internalTransactionAdvisor' via factory method to bean named 'transactionInterceptor'
09:43:16.122 [main] DEBUG org.springframework.beans.factory.support.DefaultListableBeanFactory - Creating shared instance of singleton bean 'org.springframework.boot.autoconfigure.orm.jpa.HibernateJpaConfiguration'
09:43:16.122 [main] DEBUG org.springframework.beans.factory.support.DefaultListableBeanFactory - Creating shared instance of singleton bean 'dataSource'
09:43:16.122 [main] DEBUG org.springframework.beans.factory.support.DefaultListableBeanFactory - Creating shared instance of singleton bean 'org.springframework.boot.autoconfigure.jdbc.DataSourceConfiguration$Hikari'
09:43:16.122 [main] DEBUG org.springframework.beans.factory.support.DefaultListableBeanFactory - Creating shared instance of singleton bean 'spring.datasource-org.springframework.boot.autoconfigure.jdbc.DataSourceProperties'
09:43:16.137 [main] DEBUG org.springframework.beans.factory.support.DefaultListableBeanFactory - Creating shared instance of singleton bean 'org.springframework.boot.context.properties.BoundConfigurationProperties'
09:43:16.169 [main] DEBUG org.springframework.beans.factory.support.DefaultListableBeanFactory - Autowiring by type from bean name 'dataSource' via factory method to bean named 'spring.datasource-org.springframework.boot.autoconfigure.jdbc.DataSourceProperties'
09:43:16.592 [main] DEBUG com.zaxxer.hikari.HikariConfig - Driver class org.h2.Driver found in Thread context class loader jdk.internal.loader.ClassLoaders$AppClassLoader@2cdf8d8a
09:43:16.625 [main] DEBUG org.springframework.beans.factory.support.DefaultListableBeanFactory - Creating shared instance of singleton bean 'org.springframework.boot.autoconfigure.jdbc.DataSourceInitializerInvoker'
09:43:16.625 [main] DEBUG org.springframework.beans.factory.support.DefaultListableBeanFactory - Autowiring by type from bean name 'org.springframework.boot.autoconfigure.jdbc.DataSourceInitializerInvoker' via constructor to bean named 'spring.datasource-org.springframework.boot.autoconfigure.jdbc.DataSourceProperties'
09:43:16.625 [main] DEBUG org.springframework.beans.factory.support.DefaultListableBeanFactory - Autowiring by type from bean name 'org.springframework.boot.autoconfigure.jdbc.DataSourceInitializerInvoker' via constructor to bean named 'org.springframework.context.support.GenericApplicationContext@48bb62'
09:43:16.625 [main] DEBUG org.springframework.beans.factory.support.DefaultListableBeanFactory - Creating shared instance of singleton bean 'spring.jpa-org.springframework.boot.autoconfigure.orm.jpa.JpaProperties'
09:43:16.641 [main] DEBUG org.springframework.beans.factory.support.DefaultListableBeanFactory - Creating shared instance of singleton bean 'spring.jpa.hibernate-org.springframework.boot.autoconfigure.orm.jpa.HibernateProperties'
09:43:16.641 [main] DEBUG org.springframework.beans.factory.support.DefaultListableBeanFactory - Autowiring by type from bean name 'org.springframework.boot.autoconfigure.orm.jpa.HibernateJpaConfiguration' via constructor to bean named 'dataSource'
09:43:16.641 [main] DEBUG org.springframework.beans.factory.support.DefaultListableBeanFactory - Autowiring by type from bean name 'org.springframework.boot.autoconfigure.orm.jpa.HibernateJpaConfiguration' via constructor to bean named 'spring.jpa-org.springframework.boot.autoconfigure.orm.jpa.JpaProperties'
09:43:16.641 [main] DEBUG org.springframework.beans.factory.support.DefaultListableBeanFactory - Autowiring by type from bean name 'org.springframework.boot.autoconfigure.orm.jpa.HibernateJpaConfiguration' via constructor to bean named 'org.springframework.beans.factory.support.DefaultListableBeanFactory@1bae316d'
09:43:16.641 [main] DEBUG org.springframework.beans.factory.support.DefaultListableBeanFactory - Autowiring by type from bean name 'org.springframework.boot.autoconfigure.orm.jpa.HibernateJpaConfiguration' via constructor to bean named 'spring.jpa.hibernate-org.springframework.boot.autoconfigure.orm.jpa.HibernateProperties'
09:43:16.641 [main] DEBUG org.springframework.beans.factory.support.DefaultListableBeanFactory - Creating shared instance of singleton bean 'hikariPoolDataSourceMetadataProvider'
09:43:16.641 [main] DEBUG org.springframework.beans.factory.support.DefaultListableBeanFactory - Creating shared instance of singleton bean 'org.springframework.boot.autoconfigure.jdbc.metadata.DataSourcePoolMetadataProvidersConfiguration$HikariPoolDataSourceMetadataProviderConfiguration'
09:43:16.657 [main] DEBUG org.springframework.beans.factory.support.DefaultListableBeanFactory - Creating shared instance of singleton bean 'entityManagerFactoryBuilder'
09:43:16.657 [main] DEBUG org.springframework.beans.factory.support.DefaultListableBeanFactory - Creating shared instance of singleton bean 'jpaVendorAdapter'
09:43:16.738 [main] DEBUG org.jboss.logging - Logging Provider: org.jboss.logging.Log4j2LoggerProvider
09:43:16.754 [main] DEBUG org.springframework.beans.factory.support.DefaultListableBeanFactory - Autowiring by type from bean name 'entityManagerFactoryBuilder' via factory method to bean named 'jpaVendorAdapter'
09:43:16.754 [main] DEBUG org.springframework.beans.factory.support.DefaultListableBeanFactory - Autowiring by type from bean name 'entityManagerFactory' via factory method to bean named 'entityManagerFactoryBuilder'
09:43:16.770 [main] DEBUG org.springframework.jdbc.datasource.DataSourceUtils - Fetching JDBC Connection from DataSource
09:43:16.770 [main] DEBUG com.zaxxer.hikari.HikariConfig - HikariPool-1 - configuration:
09:43:16.770 [main] DEBUG com.zaxxer.hikari.HikariConfig - allowPoolSuspension.............false
09:43:16.770 [main] DEBUG com.zaxxer.hikari.HikariConfig - autoCommit......................true
09:43:16.770 [main] DEBUG com.zaxxer.hikari.HikariConfig - catalog.........................none
09:43:16.770 [main] DEBUG com.zaxxer.hikari.HikariConfig - connectionInitSql...............none
09:43:16.770 [main] DEBUG com.zaxxer.hikari.HikariConfig - connectionTestQuery.............none
09:43:16.770 [main] DEBUG com.zaxxer.hikari.HikariConfig - connectionTimeout...............30000
09:43:16.770 [main] DEBUG com.zaxxer.hikari.HikariConfig - dataSource......................none
09:43:16.770 [main] DEBUG com.zaxxer.hikari.HikariConfig - dataSourceClassName.............none
09:43:16.770 [main] DEBUG com.zaxxer.hikari.HikariConfig - dataSourceJNDI..................none
09:43:16.770 [main] DEBUG com.zaxxer.hikari.HikariConfig - dataSourceProperties............{password=<masked>}
09:43:16.770 [main] DEBUG com.zaxxer.hikari.HikariConfig - driverClassName................."org.h2.Driver"
09:43:16.770 [main] DEBUG com.zaxxer.hikari.HikariConfig - exceptionOverrideClassName......none
09:43:16.770 [main] DEBUG com.zaxxer.hikari.HikariConfig - healthCheckProperties...........{}
09:43:16.770 [main] DEBUG com.zaxxer.hikari.HikariConfig - healthCheckRegistry.............none
09:43:16.770 [main] DEBUG com.zaxxer.hikari.HikariConfig - idleTimeout.....................600000
09:43:16.770 [main] DEBUG com.zaxxer.hikari.HikariConfig - initializationFailTimeout.......1
09:43:16.770 [main] DEBUG com.zaxxer.hikari.HikariConfig - isolateInternalQueries..........false
09:43:16.770 [main] DEBUG com.zaxxer.hikari.HikariConfig - jdbcUrl.........................jdbc:h2:mem:bd561a51-c546-4863-925d-15deeaa6f803;DB_CLOSE_DELAY=-1;DB_CLOSE_ON_EXIT=FALSE
09:43:16.770 [main] DEBUG com.zaxxer.hikari.HikariConfig - leakDetectionThreshold..........0
09:43:16.770 [main] DEBUG com.zaxxer.hikari.HikariConfig - maxLifetime.....................1800000
09:43:16.770 [main] DEBUG com.zaxxer.hikari.HikariConfig - maximumPoolSize.................10
09:43:16.770 [main] DEBUG com.zaxxer.hikari.HikariConfig - metricRegistry..................none
09:43:16.785 [main] DEBUG com.zaxxer.hikari.HikariConfig - metricsTrackerFactory...........none
09:43:16.785 [main] DEBUG com.zaxxer.hikari.HikariConfig - minimumIdle.....................10
09:43:16.785 [main] DEBUG com.zaxxer.hikari.HikariConfig - password........................<masked>
09:43:16.785 [main] DEBUG com.zaxxer.hikari.HikariConfig - poolName........................"HikariPool-1"
09:43:16.785 [main] DEBUG com.zaxxer.hikari.HikariConfig - readOnly........................false
09:43:16.785 [main] DEBUG com.zaxxer.hikari.HikariConfig - registerMbeans..................false
09:43:16.785 [main] DEBUG com.zaxxer.hikari.HikariConfig - scheduledExecutor...............none
09:43:16.785 [main] DEBUG com.zaxxer.hikari.HikariConfig - schema..........................none
09:43:16.785 [main] DEBUG com.zaxxer.hikari.HikariConfig - threadFactory...................internal
09:43:16.785 [main] DEBUG com.zaxxer.hikari.HikariConfig - transactionIsolation............default
09:43:16.785 [main] DEBUG com.zaxxer.hikari.HikariConfig - username........................"sa"
09:43:16.785 [main] DEBUG com.zaxxer.hikari.HikariConfig - validationTimeout...............5000
09:43:16.785 [main] INFO com.zaxxer.hikari.HikariDataSource - HikariPool-1 - Starting...
09:43:17.093 [main] DEBUG com.zaxxer.hikari.pool.HikariPool - HikariPool-1 - Added connection conn0: url=jdbc:h2:mem:bd561a51-c546-4863-925d-15deeaa6f803 user=SA
09:43:17.093 [main] INFO com.zaxxer.hikari.HikariDataSource - HikariPool-1 - Start completed.
09:43:17.128 [main] DEBUG org.springframework.beans.factory.support.DefaultListableBeanFactory - Creating shared instance of singleton bean 'org.springframework.boot.autoconfigure.AutoConfigurationPackages'
09:43:17.128 [main] DEBUG org.springframework.boot.autoconfigure.AutoConfigurationPackages - @EnableAutoConfiguration was declared on a class in the package 'evtest'. Automatic @Repository and @Entity scanning is enabled.
09:43:17.177 [main] DEBUG org.springframework.orm.jpa.LocalContainerEntityManagerFactoryBean - Building JPA container EntityManagerFactory for persistence unit 'default'
09:43:17.208 [HikariPool-1 housekeeper] DEBUG com.zaxxer.hikari.pool.HikariPool - HikariPool-1 - Pool stats (total=1, active=0, idle=1, waiting=0)
09:43:17.208 [HikariPool-1 connection adder] DEBUG com.zaxxer.hikari.pool.HikariPool - HikariPool-1 - Added connection conn1: url=jdbc:h2:mem:bd561a51-c546-4863-925d-15deeaa6f803 user=SA
09:43:17.208 [HikariPool-1 connection adder] DEBUG com.zaxxer.hikari.pool.HikariPool - HikariPool-1 - Added connection conn2: url=jdbc:h2:mem:bd561a51-c546-4863-925d-15deeaa6f803 user=SA
09:43:17.208 [HikariPool-1 connection adder] DEBUG com.zaxxer.hikari.pool.HikariPool - HikariPool-1 - Added connection conn3: url=jdbc:h2:mem:bd561a51-c546-4863-925d-15deeaa6f803 user=SA
09:43:17.208 [HikariPool-1 connection adder] DEBUG com.zaxxer.hikari.pool.HikariPool - HikariPool-1 - Added connection conn4: url=jdbc:h2:mem:bd561a51-c546-4863-925d-15deeaa6f803 user=SA
09:43:17.208 [HikariPool-1 connection adder] DEBUG com.zaxxer.hikari.pool.HikariPool - HikariPool-1 - Added connection conn5: url=jdbc:h2:mem:bd561a51-c546-4863-925d-15deeaa6f803 user=SA
09:43:17.208 [HikariPool-1 connection adder] DEBUG com.zaxxer.hikari.pool.HikariPool - HikariPool-1 - Added connection conn6: url=jdbc:h2:mem:bd561a51-c546-4863-925d-15deeaa6f803 user=SA
09:43:17.208 [HikariPool-1 connection adder] DEBUG com.zaxxer.hikari.pool.HikariPool - HikariPool-1 - Added connection conn7: url=jdbc:h2:mem:bd561a51-c546-4863-925d-15deeaa6f803 user=SA
09:43:17.208 [HikariPool-1 connection adder] DEBUG com.zaxxer.hikari.pool.HikariPool - HikariPool-1 - Added connection conn8: url=jdbc:h2:mem:bd561a51-c546-4863-925d-15deeaa6f803 user=SA
09:43:17.208 [main] DEBUG org.hibernate.jpa.internal.util.LogHelper - PersistenceUnitInfo [
	name: default
	persistence provider classname: null
	classloader: jdk.internal.loader.ClassLoaders$AppClassLoader@2cdf8d8a
	excludeUnlistedClasses: true
	JTA datasource: null
	Non JTA datasource: HikariDataSource (HikariPool-1)
	Transaction type: RESOURCE_LOCAL
	PU root URL: file:/C:/Users/gspankr/Documents/LAPS-A/testing/test/target/test-classes/
	Shared Cache Mode: UNSPECIFIED
	Validation Mode: AUTO
	Jar files URLs []
	Managed classes names [
		evtest.model.Cat
		evtest.model.Person
		evtest.model.item.ItemType
		evtest.model.item.ItemTypeA
		evtest.model.item.ItemTypeB
		evtest.model.item.ItemTypeSuper
		evtest.model.ref.BaseVersionedEntity
		evtest.model.ref.RefType
		evtest.model.ref.RefTypeA
		evtest.model.ref.RefTypeB]
	Mapping files names []
	Properties []
09:43:17.208 [HikariPool-1 connection adder] DEBUG com.zaxxer.hikari.pool.HikariPool - HikariPool-1 - Added connection conn9: url=jdbc:h2:mem:bd561a51-c546-4863-925d-15deeaa6f803 user=SA
09:43:17.208 [HikariPool-1 connection adder] DEBUG com.zaxxer.hikari.pool.HikariPool - HikariPool-1 - After adding stats (total=10, active=0, idle=10, waiting=0)
09:43:17.224 [main] DEBUG org.hibernate.integrator.internal.IntegratorServiceImpl - Adding Integrator [org.hibernate.cfg.beanvalidation.BeanValidationIntegrator].
09:43:17.240 [main] DEBUG org.hibernate.integrator.internal.IntegratorServiceImpl - Adding Integrator [org.hibernate.secure.spi.JaccIntegrator].
09:43:17.240 [main] DEBUG org.hibernate.integrator.internal.IntegratorServiceImpl - Adding Integrator [org.hibernate.cache.internal.CollectionCacheInvalidator].
09:43:17.240 [main] DEBUG org.hibernate.integrator.internal.IntegratorServiceImpl - Adding Integrator [com.blazebit.persistence.integration.hibernate.Hibernate53Integrator].
09:43:17.309 [main] INFO org.hibernate.Version - HHH000412: Hibernate ORM core version 5.4.23.Final
09:43:17.309 [main] DEBUG org.hibernate.cfg.Environment - HHH000206: hibernate.properties not found
09:43:17.509 [main] DEBUG org.hibernate.service.spi.ServiceBinding - Overriding existing service binding [org.hibernate.secure.spi.JaccService]
09:43:17.525 [main] DEBUG org.hibernate.cache.internal.RegionFactoryInitiator - Cannot default RegionFactory based on registered strategies as `[]` RegionFactory strategies were registered
09:43:17.525 [main] DEBUG org.hibernate.cache.internal.RegionFactoryInitiator - Cache region factory : org.hibernate.cache.internal.NoCachingRegionFactory
09:43:17.556 [main] INFO org.hibernate.annotations.common.Version - HCANN000001: Hibernate Commons Annotations {5.1.2.Final}
09:43:17.609 [main] DEBUG org.hibernate.type.BasicTypeRegistry - Adding type registration boolean -> org.hibernate.type.BooleanType@4fa4f485
09:43:17.609 [main] DEBUG org.hibernate.type.BasicTypeRegistry - Adding type registration boolean -> org.hibernate.type.BooleanType@4fa4f485
09:43:17.609 [main] DEBUG org.hibernate.type.BasicTypeRegistry - Adding type registration java.lang.Boolean -> org.hibernate.type.BooleanType@4fa4f485
09:43:17.609 [main] DEBUG org.hibernate.type.BasicTypeRegistry - Adding type registration numeric_boolean -> org.hibernate.type.NumericBooleanType@80b122b
09:43:17.609 [main] DEBUG org.hibernate.type.BasicTypeRegistry - Adding type registration true_false -> org.hibernate.type.TrueFalseType@4b0bd001
09:43:17.609 [main] DEBUG org.hibernate.type.BasicTypeRegistry - Adding type registration yes_no -> org.hibernate.type.YesNoType@16736040
09:43:17.625 [main] DEBUG org.hibernate.type.BasicTypeRegistry - Adding type registration byte -> org.hibernate.type.ByteType@6a1d526c
09:43:17.625 [main] DEBUG org.hibernate.type.BasicTypeRegistry - Adding type registration byte -> org.hibernate.type.ByteType@6a1d526c
09:43:17.625 [main] DEBUG org.hibernate.type.BasicTypeRegistry - Adding type registration java.lang.Byte -> org.hibernate.type.ByteType@6a1d526c
09:43:17.625 [main] DEBUG org.hibernate.type.BasicTypeRegistry - Adding type registration character -> org.hibernate.type.CharacterType@4debbf0
09:43:17.625 [main] DEBUG org.hibernate.type.BasicTypeRegistry - Adding type registration char -> org.hibernate.type.CharacterType@4debbf0
09:43:17.625 [main] DEBUG org.hibernate.type.BasicTypeRegistry - Adding type registration java.lang.Character -> org.hibernate.type.CharacterType@4debbf0
09:43:17.625 [main] DEBUG org.hibernate.type.BasicTypeRegistry - Adding type registration short -> org.hibernate.type.ShortType@5a917723
09:43:17.625 [main] DEBUG org.hibernate.type.BasicTypeRegistry - Adding type registration short -> org.hibernate.type.ShortType@5a917723
09:43:17.625 [main] DEBUG org.hibernate.type.BasicTypeRegistry - Adding type registration java.lang.Short -> org.hibernate.type.ShortType@5a917723
09:43:17.625 [main] DEBUG org.hibernate.type.BasicTypeRegistry - Adding type registration integer -> org.hibernate.type.IntegerType@233db8e9
09:43:17.625 [main] DEBUG org.hibernate.type.BasicTypeRegistry - Adding type registration int -> org.hibernate.type.IntegerType@233db8e9
09:43:17.625 [main] DEBUG org.hibernate.type.BasicTypeRegistry - Adding type registration java.lang.Integer -> org.hibernate.type.IntegerType@233db8e9
09:43:17.625 [main] DEBUG org.hibernate.type.BasicTypeRegistry - Adding type registration long -> org.hibernate.type.LongType@6274670b
09:43:17.625 [main] DEBUG org.hibernate.type.BasicTypeRegistry - Adding type registration long -> org.hibernate.type.LongType@6274670b
09:43:17.625 [main] DEBUG org.hibernate.type.BasicTypeRegistry - Adding type registration java.lang.Long -> org.hibernate.type.LongType@6274670b
09:43:17.625 [main] DEBUG org.hibernate.type.BasicTypeRegistry - Adding type registration float -> org.hibernate.type.FloatType@3965bdf9
09:43:17.625 [main] DEBUG org.hibernate.type.BasicTypeRegistry - Adding type registration float -> org.hibernate.type.FloatType@3965bdf9
09:43:17.625 [main] DEBUG org.hibernate.type.BasicTypeRegistry - Adding type registration java.lang.Float -> org.hibernate.type.FloatType@3965bdf9
09:43:17.625 [main] DEBUG org.hibernate.type.BasicTypeRegistry - Adding type registration double -> org.hibernate.type.DoubleType@4dde8976
09:43:17.625 [main] DEBUG org.hibernate.type.BasicTypeRegistry - Adding type registration double -> org.hibernate.type.DoubleType@4dde8976
09:43:17.625 [main] DEBUG org.hibernate.type.BasicTypeRegistry - Adding type registration java.lang.Double -> org.hibernate.type.DoubleType@4dde8976
09:43:17.640 [main] DEBUG org.hibernate.type.BasicTypeRegistry - Adding type registration big_decimal -> org.hibernate.type.BigDecimalType@5649d11a
09:43:17.640 [main] DEBUG org.hibernate.type.BasicTypeRegistry - Adding type registration java.math.BigDecimal -> org.hibernate.type.BigDecimalType@5649d11a
09:43:17.640 [main] DEBUG org.hibernate.type.BasicTypeRegistry - Adding type registration big_integer -> org.hibernate.type.BigIntegerType@101ca8da
09:43:17.640 [main] DEBUG org.hibernate.type.BasicTypeRegistry - Adding type registration java.math.BigInteger -> org.hibernate.type.BigIntegerType@101ca8da
09:43:17.640 [main] DEBUG org.hibernate.type.BasicTypeRegistry - Adding type registration string -> org.hibernate.type.StringType@50a13c2f
09:43:17.640 [main] DEBUG org.hibernate.type.BasicTypeRegistry - Adding type registration java.lang.String -> org.hibernate.type.StringType@50a13c2f
09:43:17.640 [main] DEBUG org.hibernate.type.BasicTypeRegistry - Adding type registration nstring -> org.hibernate.type.StringNVarcharType@7c20cdd0
09:43:17.640 [main] DEBUG org.hibernate.type.BasicTypeRegistry - Adding type registration ncharacter -> org.hibernate.type.CharacterNCharType@7ae0cc89
09:43:17.640 [main] DEBUG org.hibernate.type.BasicTypeRegistry - Adding type registration url -> org.hibernate.type.UrlType@93824eb
09:43:17.640 [main] DEBUG org.hibernate.type.BasicTypeRegistry - Adding type registration java.net.URL -> org.hibernate.type.UrlType@93824eb
09:43:17.640 [main] DEBUG org.hibernate.type.BasicTypeRegistry - Adding type registration Duration -> org.hibernate.type.DurationType@659f226a
09:43:17.640 [main] DEBUG org.hibernate.type.BasicTypeRegistry - Adding type registration java.time.Duration -> org.hibernate.type.DurationType@659f226a
09:43:17.640 [main] DEBUG org.hibernate.type.BasicTypeRegistry - Adding type registration Instant -> org.hibernate.type.InstantType@32bb0072
09:43:17.640 [main] DEBUG org.hibernate.type.BasicTypeRegistry - Adding type registration java.time.Instant -> org.hibernate.type.InstantType@32bb0072
09:43:17.640 [main] DEBUG org.hibernate.type.BasicTypeRegistry - Adding type registration LocalDateTime -> org.hibernate.type.LocalDateTimeType@1e79d43
09:43:17.640 [main] DEBUG org.hibernate.type.BasicTypeRegistry - Adding type registration java.time.LocalDateTime -> org.hibernate.type.LocalDateTimeType@1e79d43
09:43:17.656 [main] DEBUG org.hibernate.type.BasicTypeRegistry - Adding type registration LocalDate -> org.hibernate.type.LocalDateType@889a8a8
09:43:17.672 [main] DEBUG org.hibernate.type.BasicTypeRegistry - Adding type registration java.time.LocalDate -> org.hibernate.type.LocalDateType@889a8a8
09:43:17.672 [main] DEBUG org.hibernate.type.BasicTypeRegistry - Adding type registration LocalTime -> org.hibernate.type.LocalTimeType@d919544
09:43:17.672 [main] DEBUG org.hibernate.type.BasicTypeRegistry - Adding type registration java.time.LocalTime -> org.hibernate.type.LocalTimeType@d919544
09:43:17.672 [main] DEBUG org.hibernate.type.BasicTypeRegistry - Adding type registration OffsetDateTime -> org.hibernate.type.OffsetDateTimeType@65f40689
09:43:17.672 [main] DEBUG org.hibernate.type.BasicTypeRegistry - Adding type registration java.time.OffsetDateTime -> org.hibernate.type.OffsetDateTimeType@65f40689
09:43:17.672 [main] DEBUG org.hibernate.type.BasicTypeRegistry - Adding type registration OffsetTime -> org.hibernate.type.OffsetTimeType@23da79eb
09:43:17.672 [main] DEBUG org.hibernate.type.BasicTypeRegistry - Adding type registration java.time.OffsetTime -> org.hibernate.type.OffsetTimeType@23da79eb
09:43:17.672 [main] DEBUG org.hibernate.type.BasicTypeRegistry - Adding type registration ZonedDateTime -> org.hibernate.type.ZonedDateTimeType@5be052ca
09:43:17.672 [main] DEBUG org.hibernate.type.BasicTypeRegistry - Adding type registration java.time.ZonedDateTime -> org.hibernate.type.ZonedDateTimeType@5be052ca
09:43:17.687 [main] DEBUG org.hibernate.type.BasicTypeRegistry - Adding type registration date -> org.hibernate.type.DateType@66813e6e
09:43:17.687 [main] DEBUG org.hibernate.type.BasicTypeRegistry - Adding type registration java.sql.Date -> org.hibernate.type.DateType@66813e6e
09:43:17.687 [main] DEBUG org.hibernate.type.BasicTypeRegistry - Adding type registration time -> org.hibernate.type.TimeType@65afeb6d
09:43:17.687 [main] DEBUG org.hibernate.type.BasicTypeRegistry - Adding type registration java.sql.Time -> org.hibernate.type.TimeType@65afeb6d
09:43:17.687 [main] DEBUG org.hibernate.type.BasicTypeRegistry - Adding type registration timestamp -> org.hibernate.type.TimestampType@3520963d
09:43:17.687 [main] DEBUG org.hibernate.type.BasicTypeRegistry - Adding type registration java.sql.Timestamp -> org.hibernate.type.TimestampType@3520963d
09:43:17.687 [main] DEBUG org.hibernate.type.BasicTypeRegistry - Adding type registration java.util.Date -> org.hibernate.type.TimestampType@3520963d
09:43:17.694 [main] DEBUG org.hibernate.type.BasicTypeRegistry - Adding type registration dbtimestamp -> org.hibernate.type.DbTimestampType@68b366e2
09:43:17.694 [main] DEBUG org.hibernate.type.BasicTypeRegistry - Adding type registration calendar -> org.hibernate.type.CalendarType@456bcb74
09:43:17.694 [main] DEBUG org.hibernate.type.BasicTypeRegistry - Adding type registration java.util.Calendar -> org.hibernate.type.CalendarType@456bcb74
09:43:17.694 [main] DEBUG org.hibernate.type.BasicTypeRegistry - Adding type registration java.util.GregorianCalendar -> org.hibernate.type.CalendarType@456bcb74
09:43:17.694 [main] DEBUG org.hibernate.type.BasicTypeRegistry - Adding type registration calendar_date -> org.hibernate.type.CalendarDateType@3e28fee1
09:43:17.694 [main] DEBUG org.hibernate.type.BasicTypeRegistry - Adding type registration calendar_time -> org.hibernate.type.CalendarTimeType@342e690b
09:43:17.694 [main] DEBUG org.hibernate.type.BasicTypeRegistry - Adding type registration locale -> org.hibernate.type.LocaleType@642ee49c
09:43:17.694 [main] DEBUG org.hibernate.type.BasicTypeRegistry - Adding type registration java.util.Locale -> org.hibernate.type.LocaleType@642ee49c
09:43:17.694 [main] DEBUG org.hibernate.type.BasicTypeRegistry - Adding type registration currency -> org.hibernate.type.CurrencyType@58a2d9f9
09:43:17.694 [main] DEBUG org.hibernate.type.BasicTypeRegistry - Adding type registration java.util.Currency -> org.hibernate.type.CurrencyType@58a2d9f9
09:43:17.694 [main] DEBUG org.hibernate.type.BasicTypeRegistry - Adding type registration timezone -> org.hibernate.type.TimeZoneType@a146b11
09:43:17.694 [main] DEBUG org.hibernate.type.BasicTypeRegistry - Adding type registration java.util.TimeZone -> org.hibernate.type.TimeZoneType@a146b11
09:43:17.694 [main] DEBUG org.hibernate.type.BasicTypeRegistry - Adding type registration class -> org.hibernate.type.ClassType@59c04bee
09:43:17.694 [main] DEBUG org.hibernate.type.BasicTypeRegistry - Adding type registration java.lang.Class -> org.hibernate.type.ClassType@59c04bee
09:43:17.694 [main] DEBUG org.hibernate.type.BasicTypeRegistry - Adding type registration uuid-binary -> org.hibernate.type.UUIDBinaryType@91f565d
09:43:17.694 [main] DEBUG org.hibernate.type.BasicTypeRegistry - Adding type registration java.util.UUID -> org.hibernate.type.UUIDBinaryType@91f565d
09:43:17.694 [main] DEBUG org.hibernate.type.BasicTypeRegistry - Adding type registration uuid-char -> org.hibernate.type.UUIDCharType@414f87a9
09:43:17.711 [main] DEBUG org.hibernate.type.BasicTypeRegistry - Adding type registration binary -> org.hibernate.type.BinaryType@2ed71727
09:43:17.711 [main] DEBUG org.hibernate.type.BasicTypeRegistry - Adding type registration byte[] -> org.hibernate.type.BinaryType@2ed71727
09:43:17.711 [main] DEBUG org.hibernate.type.BasicTypeRegistry - Adding type registration [B -> org.hibernate.type.BinaryType@2ed71727
09:43:17.711 [main] DEBUG org.hibernate.type.BasicTypeRegistry - Adding type registration wrapper-binary -> org.hibernate.type.WrapperBinaryType@4ed9f7b1
09:43:17.711 [main] DEBUG org.hibernate.type.BasicTypeRegistry - Adding type registration Byte[] -> org.hibernate.type.WrapperBinaryType@4ed9f7b1
09:43:17.711 [main] DEBUG org.hibernate.type.BasicTypeRegistry - Adding type registration [Ljava.lang.Byte; -> org.hibernate.type.WrapperBinaryType@4ed9f7b1
09:43:17.711 [main] DEBUG org.hibernate.type.BasicTypeRegistry - Adding type registration row_version -> org.hibernate.type.RowVersionType@2b916808
09:43:17.711 [main] DEBUG org.hibernate.type.BasicTypeRegistry - Adding type registration image -> org.hibernate.type.ImageType@78fe204a
09:43:17.711 [main] DEBUG org.hibernate.type.BasicTypeRegistry - Adding type registration characters -> org.hibernate.type.CharArrayType@3610f277
09:43:17.711 [main] DEBUG org.hibernate.type.BasicTypeRegistry - Adding type registration char[] -> org.hibernate.type.CharArrayType@3610f277
09:43:17.711 [main] DEBUG org.hibernate.type.BasicTypeRegistry - Adding type registration [C -> org.hibernate.type.CharArrayType@3610f277
09:43:17.711 [main] DEBUG org.hibernate.type.BasicTypeRegistry - Adding type registration wrapper-characters -> org.hibernate.type.CharacterArrayType@62c72501
09:43:17.711 [main] DEBUG org.hibernate.type.BasicTypeRegistry - Adding type registration [Ljava.lang.Character; -> org.hibernate.type.CharacterArrayType@62c72501
09:43:17.711 [main] DEBUG org.hibernate.type.BasicTypeRegistry - Adding type registration Character[] -> org.hibernate.type.CharacterArrayType@62c72501
09:43:17.711 [main] DEBUG org.hibernate.type.BasicTypeRegistry - Adding type registration text -> org.hibernate.type.TextType@23ed382c
09:43:17.711 [main] DEBUG org.hibernate.type.BasicTypeRegistry - Adding type registration ntext -> org.hibernate.type.NTextType@3850e90c
09:43:17.711 [main] DEBUG org.hibernate.type.BasicTypeRegistry - Adding type registration blob -> org.hibernate.type.BlobType@1ec22831
09:43:17.711 [main] DEBUG org.hibernate.type.BasicTypeRegistry - Adding type registration java.sql.Blob -> org.hibernate.type.BlobType@1ec22831
09:43:17.711 [main] DEBUG org.hibernate.type.BasicTypeRegistry - Adding type registration materialized_blob -> org.hibernate.type.MaterializedBlobType@4373f66f
09:43:17.711 [main] DEBUG org.hibernate.type.BasicTypeRegistry - Adding type registration clob -> org.hibernate.type.ClobType@57a6a933
09:43:17.711 [main] DEBUG org.hibernate.type.BasicTypeRegistry - Adding type registration java.sql.Clob -> org.hibernate.type.ClobType@57a6a933
09:43:17.726 [main] DEBUG org.hibernate.type.BasicTypeRegistry - Adding type registration nclob -> org.hibernate.type.NClobType@270d43a7
09:43:17.726 [main] DEBUG org.hibernate.type.BasicTypeRegistry - Adding type registration java.sql.NClob -> org.hibernate.type.NClobType@270d43a7
09:43:17.726 [main] DEBUG org.hibernate.type.BasicTypeRegistry - Adding type registration materialized_clob -> org.hibernate.type.MaterializedClobType@1e84f3c8
09:43:17.726 [main] DEBUG org.hibernate.type.BasicTypeRegistry - Adding type registration materialized_nclob -> org.hibernate.type.MaterializedNClobType@5d5a51b1
09:43:17.726 [main] DEBUG org.hibernate.type.BasicTypeRegistry - Adding type registration serializable -> org.hibernate.type.SerializableType@7a2ab862
09:43:17.726 [main] DEBUG org.hibernate.type.BasicTypeRegistry - Adding type registration object -> org.hibernate.type.ObjectType@54a2d96e
09:43:17.726 [main] DEBUG org.hibernate.type.BasicTypeRegistry - Adding type registration java.lang.Object -> org.hibernate.type.ObjectType@54a2d96e
09:43:17.726 [main] DEBUG org.hibernate.type.BasicTypeRegistry - Adding type registration imm_date -> org.hibernate.type.AdaptedImmutableType@2da99821
09:43:17.726 [main] DEBUG org.hibernate.type.BasicTypeRegistry - Adding type registration imm_time -> org.hibernate.type.AdaptedImmutableType@62cba181
09:43:17.726 [main] DEBUG org.hibernate.type.BasicTypeRegistry - Adding type registration imm_timestamp -> org.hibernate.type.AdaptedImmutableType@1b482cbf
09:43:17.726 [main] DEBUG org.hibernate.type.BasicTypeRegistry - Adding type registration imm_dbtimestamp -> org.hibernate.type.AdaptedImmutableType@661fe025
09:43:17.726 [main] DEBUG org.hibernate.type.BasicTypeRegistry - Adding type registration imm_calendar -> org.hibernate.type.AdaptedImmutableType@7161457
09:43:17.726 [main] DEBUG org.hibernate.type.BasicTypeRegistry - Adding type registration imm_calendar_date -> org.hibernate.type.AdaptedImmutableType@38ee7a9d
09:43:17.726 [main] DEBUG org.hibernate.type.BasicTypeRegistry - Adding type registration imm_binary -> org.hibernate.type.AdaptedImmutableType@629984eb
09:43:17.726 [main] DEBUG org.hibernate.type.BasicTypeRegistry - Adding type registration imm_serializable -> org.hibernate.type.AdaptedImmutableType@7b1e5e55
09:43:17.758 [main] DEBUG org.hibernate.boot.internal.BootstrapContextImpl - Injecting JPA temp ClassLoader [org.springframework.instrument.classloading.SimpleThrowawayClassLoader@2fbe26da] into BootstrapContext; was [null]
09:43:17.758 [main] DEBUG org.hibernate.boot.internal.ClassLoaderAccessImpl - ClassLoaderAccessImpl#injectTempClassLoader(org.springframework.instrument.classloading.SimpleThrowawayClassLoader@2fbe26da) [was null]
09:43:17.758 [main] DEBUG org.hibernate.boot.internal.BootstrapContextImpl - Injecting ScanEnvironment [org.hibernate.jpa.boot.internal.StandardJpaScanEnvironmentImpl@106b014e] into BootstrapContext; was [null]
09:43:17.758 [main] DEBUG org.hibernate.boot.internal.BootstrapContextImpl - Injecting ScanOptions [org.hibernate.boot.archive.scan.internal.StandardScanOptions@64387c17] into BootstrapContext; was [org.hibernate.boot.archive.scan.internal.StandardScanOptions@7c369270]
09:43:17.814 [main] DEBUG org.hibernate.boot.internal.BootstrapContextImpl - Injecting JPA temp ClassLoader [null] into BootstrapContext; was [org.springframework.instrument.classloading.SimpleThrowawayClassLoader@2fbe26da]
09:43:17.816 [main] DEBUG org.hibernate.boot.internal.ClassLoaderAccessImpl - ClassLoaderAccessImpl#injectTempClassLoader(null) [was org.springframework.instrument.classloading.SimpleThrowawayClassLoader@2fbe26da]
09:43:17.834 [main] DEBUG org.hibernate.id.factory.internal.DefaultIdentifierGeneratorFactory - Registering IdentifierGenerator strategy [uuid2] -> [org.hibernate.id.UUIDGenerator]
09:43:17.834 [main] DEBUG org.hibernate.id.factory.internal.DefaultIdentifierGeneratorFactory - Registering IdentifierGenerator strategy [guid] -> [org.hibernate.id.GUIDGenerator]
09:43:17.837 [main] DEBUG org.hibernate.id.factory.internal.DefaultIdentifierGeneratorFactory - Registering IdentifierGenerator strategy [uuid] -> [org.hibernate.id.UUIDHexGenerator]
09:43:17.837 [main] DEBUG org.hibernate.id.factory.internal.DefaultIdentifierGeneratorFactory - Registering IdentifierGenerator strategy [uuid.hex] -> [org.hibernate.id.UUIDHexGenerator]
09:43:17.837 [main] DEBUG org.hibernate.id.factory.internal.DefaultIdentifierGeneratorFactory - Registering IdentifierGenerator strategy [assigned] -> [org.hibernate.id.Assigned]
09:43:17.837 [main] DEBUG org.hibernate.id.factory.internal.DefaultIdentifierGeneratorFactory - Registering IdentifierGenerator strategy [identity] -> [org.hibernate.id.IdentityGenerator]
09:43:17.837 [main] DEBUG org.hibernate.id.factory.internal.DefaultIdentifierGeneratorFactory - Registering IdentifierGenerator strategy [select] -> [org.hibernate.id.SelectGenerator]
09:43:17.837 [main] DEBUG org.hibernate.id.factory.internal.DefaultIdentifierGeneratorFactory - Registering IdentifierGenerator strategy [sequence] -> [org.hibernate.id.enhanced.SequenceStyleGenerator]
09:43:17.845 [main] DEBUG org.hibernate.id.factory.internal.DefaultIdentifierGeneratorFactory - Registering IdentifierGenerator strategy [seqhilo] -> [org.hibernate.id.SequenceHiLoGenerator]
09:43:17.845 [main] DEBUG org.hibernate.id.factory.internal.DefaultIdentifierGeneratorFactory - Registering IdentifierGenerator strategy [increment] -> [org.hibernate.id.IncrementGenerator]
09:43:17.847 [main] DEBUG org.hibernate.id.factory.internal.DefaultIdentifierGeneratorFactory - Registering IdentifierGenerator strategy [foreign] -> [org.hibernate.id.ForeignGenerator]
09:43:17.847 [main] DEBUG org.hibernate.id.factory.internal.DefaultIdentifierGeneratorFactory - Registering IdentifierGenerator strategy [sequence-identity] -> [org.hibernate.id.SequenceIdentityGenerator]
09:43:17.847 [main] DEBUG org.hibernate.id.factory.internal.DefaultIdentifierGeneratorFactory - Registering IdentifierGenerator strategy [enhanced-sequence] -> [org.hibernate.id.enhanced.SequenceStyleGenerator]
09:43:17.847 [main] DEBUG org.hibernate.id.factory.internal.DefaultIdentifierGeneratorFactory - Registering IdentifierGenerator strategy [enhanced-table] -> [org.hibernate.id.enhanced.TableGenerator]
09:43:17.857 [main] DEBUG org.hibernate.engine.jdbc.env.internal.JdbcEnvironmentInitiator - Database ->
       name : H2
    version : 1.4.200 (2019-10-14)
      major : 1
      minor : 4
09:43:17.857 [main] DEBUG org.hibernate.engine.jdbc.env.internal.JdbcEnvironmentInitiator - Driver ->
       name : H2 JDBC Driver
    version : 1.4.200 (2019-10-14)
      major : 1
      minor : 4
09:43:17.857 [main] DEBUG org.hibernate.engine.jdbc.env.internal.JdbcEnvironmentInitiator - JDBC version : 4.1
09:43:17.905 [main] INFO org.hibernate.dialect.Dialect - HHH000400: Using dialect: org.hibernate.dialect.H2Dialect
09:43:17.968 [main] DEBUG org.hibernate.engine.jdbc.env.spi.IdentifierHelperBuilder - JDBC driver metadata reported database stores quoted identifiers in neither upper, lower nor mixed case
09:43:18.009 [main] DEBUG org.hibernate.boot.model.relational.Namespace - Created database namespace [logicalName=Name{catalog=null, schema=null}, physicalName=Name{catalog=null, schema=null}]
09:43:18.019 [main] DEBUG org.hibernate.type.spi.TypeConfiguration$Scope - Scoping TypeConfiguration [org.hibernate.type.spi.TypeConfiguration@733fb462] to MetadataBuildingContext [org.hibernate.boot.internal.MetadataBuildingContextRootImpl@623e0631]
09:43:18.088 [main] DEBUG org.hibernate.cfg.AnnotationBinder - Binding entity from annotated class: evtest.model.Cat
09:43:18.110 [main] DEBUG org.hibernate.cfg.Ejb3Column - Binding column: Ejb3DiscriminatorColumn{logicalColumnName'DTYPE', discriminatorTypeName='string'}
09:43:18.120 [main] DEBUG org.hibernate.cfg.annotations.EntityBinder - Import with entity name Cat
09:43:18.128 [main] DEBUG org.hibernate.cfg.annotations.EntityBinder - Bind entity evtest.model.Cat on table cat
09:43:18.161 [main] DEBUG org.hibernate.cfg.Ejb3Column - Binding column: Ejb3Column{table=org.hibernate.mapping.Table(cat), mappingColumn=id, insertable=true, updatable=true, unique=false}
09:43:18.161 [main] DEBUG org.hibernate.boot.internal.ClassLoaderAccessImpl - Not known whether passed class name [evtest.model.Cat] is safe
09:43:18.161 [main] DEBUG org.hibernate.boot.internal.ClassLoaderAccessImpl - No temp ClassLoader provided; using live ClassLoader for loading potentially unsafe class : evtest.model.Cat
09:43:18.161 [main] DEBUG org.hibernate.cfg.annotations.PropertyBinder - MetadataSourceProcessor property id with lazy=false
09:43:18.169 [main] DEBUG org.hibernate.cfg.AbstractPropertyHolder - Attempting to locate auto-apply AttributeConverter for property [evtest.model.Cat:id]
09:43:18.171 [main] DEBUG org.hibernate.cfg.annotations.SimpleValueBinder - building SimpleValue for id
09:43:18.171 [main] DEBUG org.hibernate.cfg.annotations.PropertyBinder - Building property id
09:43:18.181 [main] DEBUG org.hibernate.cfg.BinderHelper - #makeIdGenerator(org.hibernate.mapping.SimpleValue([org.hibernate.mapping.Column(id)]), id, org.hibernate.id.enhanced.SequenceStyleGenerator, , ...)
09:43:18.181 [main] DEBUG org.hibernate.cfg.Ejb3Column - Binding column: Ejb3Column{table=org.hibernate.mapping.Table(cat), mappingColumn=age, insertable=true, updatable=true, unique=false}
09:43:18.181 [main] DEBUG org.hibernate.cfg.annotations.PropertyBinder - MetadataSourceProcessor property age with lazy=false
09:43:18.181 [main] DEBUG org.hibernate.cfg.AbstractPropertyHolder - Attempting to locate auto-apply AttributeConverter for property [evtest.model.Cat:age]
09:43:18.181 [main] DEBUG org.hibernate.cfg.annotations.SimpleValueBinder - building SimpleValue for age
09:43:18.181 [main] DEBUG org.hibernate.cfg.annotations.PropertyBinder - Building property age
09:43:18.181 [main] DEBUG org.hibernate.cfg.Ejb3Column - Binding column: Ejb3JoinColumn{logicalColumnName='null', referencedColumn='null', mappedBy='null'}
09:43:18.181 [main] DEBUG org.hibernate.cfg.Ejb3Column - Binding column: Ejb3Column{table=org.hibernate.mapping.Table(cat), mappingColumn=father, insertable=true, updatable=true, unique=false}
09:43:18.181 [main] DEBUG org.hibernate.cfg.annotations.PropertyBinder - Building property father
09:43:18.189 [main] DEBUG org.hibernate.cfg.Ejb3Column - Binding column: Ejb3Column{table=org.hibernate.mapping.Table(cat), mappingColumn=null, insertable=true, updatable=true, unique=false}
09:43:18.201 [main] DEBUG org.hibernate.cfg.Ejb3Column - Binding column: Ejb3Column{table=org.hibernate.mapping.Table(cat), mappingColumn=element, insertable=true, updatable=true, unique=false}
09:43:18.201 [main] DEBUG org.hibernate.cfg.Ejb3Column - Binding column: Ejb3Column{table=org.hibernate.mapping.Table(cat), mappingColumn=kittens_key, insertable=true, updatable=true, unique=false}
09:43:18.201 [main] DEBUG org.hibernate.cfg.Ejb3Column - Binding column: Ejb3JoinColumn{logicalColumnName='kittens_KEY', referencedColumn='null', mappedBy='null'}
09:43:18.201 [main] DEBUG org.hibernate.cfg.Ejb3Column - Binding column: Ejb3JoinColumn{logicalColumnName='null', referencedColumn='null', mappedBy=''}
09:43:18.201 [main] DEBUG org.hibernate.cfg.Ejb3Column - Binding column: Ejb3JoinColumn{logicalColumnName='null', referencedColumn='null', mappedBy=''}
09:43:18.201 [main] DEBUG org.hibernate.cfg.annotations.CollectionBinder - Collection role: evtest.model.Cat.kittens
09:43:18.201 [main] DEBUG org.hibernate.cfg.annotations.PropertyBinder - Building property kittens
09:43:18.201 [main] DEBUG org.hibernate.cfg.Ejb3Column - Binding column: Ejb3JoinColumn{logicalColumnName='null', referencedColumn='null', mappedBy='null'}
09:43:18.201 [main] DEBUG org.hibernate.cfg.Ejb3Column - Binding column: Ejb3Column{table=org.hibernate.mapping.Table(cat), mappingColumn=mother, insertable=true, updatable=true, unique=false}
09:43:18.201 [main] DEBUG org.hibernate.cfg.annotations.PropertyBinder - Building property mother
09:43:18.209 [main] DEBUG org.hibernate.cfg.Ejb3Column - Binding column: Ejb3Column{table=org.hibernate.mapping.Table(cat), mappingColumn=name, insertable=true, updatable=true, unique=false}
09:43:18.210 [main] DEBUG org.hibernate.cfg.annotations.PropertyBinder - MetadataSourceProcessor property name with lazy=false
09:43:18.210 [main] DEBUG org.hibernate.cfg.AbstractPropertyHolder - Attempting to locate auto-apply AttributeConverter for property [evtest.model.Cat:name]
09:43:18.210 [main] DEBUG org.hibernate.cfg.annotations.SimpleValueBinder - building SimpleValue for name
09:43:18.210 [main] DEBUG org.hibernate.cfg.annotations.PropertyBinder - Building property name
09:43:18.210 [main] DEBUG org.hibernate.cfg.Ejb3Column - Binding column: Ejb3JoinColumn{logicalColumnName='null', referencedColumn='null', mappedBy='null'}
09:43:18.210 [main] DEBUG org.hibernate.cfg.Ejb3Column - Binding column: Ejb3Column{table=org.hibernate.mapping.Table(cat), mappingColumn=owner, insertable=true, updatable=true, unique=false}
09:43:18.210 [main] DEBUG org.hibernate.cfg.annotations.PropertyBinder - Building property owner
09:43:18.212 [main] DEBUG org.hibernate.cfg.AnnotationBinder - Binding entity from annotated class: evtest.model.Person
09:43:18.212 [main] DEBUG org.hibernate.cfg.Ejb3Column - Binding column: Ejb3DiscriminatorColumn{logicalColumnName'DTYPE', discriminatorTypeName='string'}
09:43:18.212 [main] DEBUG org.hibernate.cfg.annotations.EntityBinder - Import with entity name Person
09:43:18.212 [main] DEBUG org.hibernate.cfg.annotations.EntityBinder - Bind entity evtest.model.Person on table person
09:43:18.212 [main] DEBUG org.hibernate.cfg.Ejb3Column - Binding column: Ejb3Column{table=org.hibernate.mapping.Table(person), mappingColumn=id, insertable=true, updatable=true, unique=false}
09:43:18.212 [main] DEBUG org.hibernate.boot.internal.ClassLoaderAccessImpl - Not known whether passed class name [evtest.model.Person] is safe
09:43:18.212 [main] DEBUG org.hibernate.boot.internal.ClassLoaderAccessImpl - No temp ClassLoader provided; using live ClassLoader for loading potentially unsafe class : evtest.model.Person
09:43:18.212 [main] DEBUG org.hibernate.cfg.annotations.PropertyBinder - MetadataSourceProcessor property id with lazy=false
09:43:18.212 [main] DEBUG org.hibernate.cfg.AbstractPropertyHolder - Attempting to locate auto-apply AttributeConverter for property [evtest.model.Person:id]
09:43:18.212 [main] DEBUG org.hibernate.cfg.annotations.SimpleValueBinder - building SimpleValue for id
09:43:18.212 [main] DEBUG org.hibernate.cfg.annotations.PropertyBinder - Building property id
09:43:18.212 [main] DEBUG org.hibernate.cfg.BinderHelper - #makeIdGenerator(org.hibernate.mapping.SimpleValue([org.hibernate.mapping.Column(id)]), id, org.hibernate.id.enhanced.SequenceStyleGenerator, , ...)
09:43:18.212 [main] DEBUG org.hibernate.cfg.Ejb3Column - Binding column: Ejb3JoinColumn{logicalColumnName='null', referencedColumn='null', mappedBy='owner'}
09:43:18.212 [main] DEBUG org.hibernate.cfg.Ejb3Column - Binding column: Ejb3Column{table=org.hibernate.mapping.Table(person), mappingColumn=kittens, insertable=true, updatable=true, unique=false}
09:43:18.212 [main] DEBUG org.hibernate.cfg.Ejb3Column - Binding column: Ejb3Column{table=org.hibernate.mapping.Table(person), mappingColumn=null, insertable=true, updatable=true, unique=false}
09:43:18.212 [main] DEBUG org.hibernate.cfg.Ejb3Column - Binding column: Ejb3Column{table=org.hibernate.mapping.Table(person), mappingColumn=element, insertable=true, updatable=true, unique=false}
09:43:18.212 [main] DEBUG org.hibernate.cfg.Ejb3Column - Binding column: Ejb3Column{table=org.hibernate.mapping.Table(person), mappingColumn=kittens_key, insertable=true, updatable=true, unique=false}
09:43:18.212 [main] DEBUG org.hibernate.cfg.Ejb3Column - Binding column: Ejb3JoinColumn{logicalColumnName='kittens_KEY', referencedColumn='null', mappedBy='null'}
09:43:18.212 [main] DEBUG org.hibernate.cfg.Ejb3Column - Binding column: Ejb3JoinColumn{logicalColumnName='null', referencedColumn='null', mappedBy='owner'}
09:43:18.212 [main] DEBUG org.hibernate.cfg.Ejb3Column - Binding column: Ejb3JoinColumn{logicalColumnName='null', referencedColumn='null', mappedBy='owner'}
09:43:18.212 [main] DEBUG org.hibernate.cfg.annotations.CollectionBinder - Collection role: evtest.model.Person.kittens
09:43:18.212 [main] DEBUG org.hibernate.cfg.annotations.PropertyBinder - Building property kittens
09:43:18.212 [main] DEBUG org.hibernate.cfg.Ejb3Column - Binding column: Ejb3Column{table=org.hibernate.mapping.Table(person), mappingColumn=name, insertable=true, updatable=true, unique=false}
09:43:18.212 [main] DEBUG org.hibernate.cfg.annotations.PropertyBinder - MetadataSourceProcessor property name with lazy=false
09:43:18.212 [main] DEBUG org.hibernate.cfg.AbstractPropertyHolder - Attempting to locate auto-apply AttributeConverter for property [evtest.model.Person:name]
09:43:18.212 [main] DEBUG org.hibernate.cfg.annotations.SimpleValueBinder - building SimpleValue for name
09:43:18.212 [main] DEBUG org.hibernate.cfg.annotations.PropertyBinder - Building property name
09:43:18.220 [main] DEBUG org.hibernate.cfg.AnnotationBinder - Binding entity from annotated class: evtest.model.item.ItemType
09:43:18.220 [main] DEBUG org.hibernate.cfg.AnnotationBinder - Ignoring implicit (absent) DiscriminatorColumn
09:43:18.220 [main] DEBUG org.hibernate.cfg.annotations.EntityBinder - Import with entity name ItemType
09:43:18.220 [main] DEBUG org.hibernate.cfg.annotations.EntityBinder - Bind entity evtest.model.item.ItemType on table item_type
09:43:18.222 [main] DEBUG org.hibernate.cfg.Ejb3Column - Binding column: Ejb3Column{table=org.hibernate.mapping.Table(item_type), mappingColumn=id, insertable=true, updatable=true, unique=false}
09:43:18.222 [main] DEBUG org.hibernate.boot.internal.ClassLoaderAccessImpl - Not known whether passed class name [evtest.model.item.ItemType] is safe
09:43:18.222 [main] DEBUG org.hibernate.boot.internal.ClassLoaderAccessImpl - No temp ClassLoader provided; using live ClassLoader for loading potentially unsafe class : evtest.model.item.ItemType
09:43:18.222 [main] DEBUG org.hibernate.cfg.annotations.PropertyBinder - MetadataSourceProcessor property id with lazy=false
09:43:18.222 [main] DEBUG org.hibernate.cfg.AbstractPropertyHolder - Attempting to locate auto-apply AttributeConverter for property [evtest.model.item.ItemType:id]
09:43:18.222 [main] DEBUG org.hibernate.cfg.annotations.SimpleValueBinder - building SimpleValue for id
09:43:18.222 [main] DEBUG org.hibernate.cfg.annotations.PropertyBinder - Building property id
09:43:18.222 [main] DEBUG org.hibernate.cfg.BinderHelper - #makeIdGenerator(org.hibernate.mapping.SimpleValue([org.hibernate.mapping.Column(id)]), id, assigned, , ...)
09:43:18.222 [main] DEBUG org.hibernate.cfg.Ejb3Column - Binding column: Ejb3JoinColumn{logicalColumnName='null', referencedColumn='null', mappedBy='null'}
09:43:18.222 [main] DEBUG org.hibernate.cfg.Ejb3Column - Binding column: Ejb3Column{table=org.hibernate.mapping.Table(item_type), mappingColumn=_ref_type, insertable=true, updatable=true, unique=false}
09:43:18.222 [main] DEBUG org.hibernate.cfg.annotations.PropertyBinder - Building property _refType
09:43:18.222 [main] DEBUG org.hibernate.cfg.Ejb3Column - Binding column: Ejb3Column{table=org.hibernate.mapping.Table(item_type), mappingColumn=dscr_item, insertable=true, updatable=true, unique=false}
09:43:18.222 [main] DEBUG org.hibernate.cfg.annotations.PropertyBinder - MetadataSourceProcessor property dscrItem with lazy=false
09:43:18.222 [main] DEBUG org.hibernate.cfg.AbstractPropertyHolder - Attempting to locate auto-apply AttributeConverter for property [evtest.model.item.ItemType:dscrItem]
09:43:18.222 [main] DEBUG org.hibernate.cfg.annotations.SimpleValueBinder - building SimpleValue for dscrItem
09:43:18.222 [main] DEBUG org.hibernate.cfg.annotations.PropertyBinder - Building property dscrItem
09:43:18.222 [main] DEBUG org.hibernate.cfg.AnnotationBinder - Binding entity from annotated class: evtest.model.item.ItemTypeA
09:43:18.222 [main] DEBUG org.hibernate.cfg.Ejb3Column - Binding column: Ejb3JoinColumn{logicalColumnName='id', referencedColumn='null', mappedBy='null'}
09:43:18.222 [main] DEBUG org.hibernate.cfg.annotations.EntityBinder - Import with entity name ItemTypeA
09:43:18.222 [main] DEBUG org.hibernate.cfg.annotations.EntityBinder - Bind entity evtest.model.item.ItemTypeA on table item_typea
09:43:18.222 [main] DEBUG org.hibernate.cfg.AnnotationBinder - Binding entity from annotated class: evtest.model.item.ItemTypeB
09:43:18.230 [main] DEBUG org.hibernate.cfg.Ejb3Column - Binding column: Ejb3JoinColumn{logicalColumnName='id', referencedColumn='null', mappedBy='null'}
09:43:18.230 [main] DEBUG org.hibernate.cfg.annotations.EntityBinder - Import with entity name ItemTypeB
09:43:18.230 [main] DEBUG org.hibernate.cfg.annotations.EntityBinder - Bind entity evtest.model.item.ItemTypeB on table item_typeb
09:43:18.230 [main] DEBUG org.hibernate.cfg.AnnotationBinder - Binding entity from annotated class: evtest.model.ref.RefType
09:43:18.230 [main] DEBUG org.hibernate.cfg.AnnotationBinder - Ignoring implicit (absent) DiscriminatorColumn
09:43:18.230 [main] DEBUG org.hibernate.cfg.annotations.EntityBinder - Import with entity name RefType
09:43:18.230 [main] DEBUG org.hibernate.cfg.annotations.EntityBinder - Bind entity evtest.model.ref.RefType on table ref_type
09:43:18.232 [main] DEBUG org.hibernate.cfg.Ejb3Column - Binding column: Ejb3Column{table=org.hibernate.mapping.Table(ref_type), mappingColumn=id, insertable=true, updatable=true, unique=false}
09:43:18.232 [main] DEBUG org.hibernate.boot.internal.ClassLoaderAccessImpl - Not known whether passed class name [evtest.model.ref.RefType] is safe
09:43:18.232 [main] DEBUG org.hibernate.boot.internal.ClassLoaderAccessImpl - No temp ClassLoader provided; using live ClassLoader for loading potentially unsafe class : evtest.model.ref.RefType
09:43:18.232 [main] DEBUG org.hibernate.cfg.annotations.PropertyBinder - MetadataSourceProcessor property id with lazy=false
09:43:18.232 [main] DEBUG org.hibernate.cfg.AbstractPropertyHolder - Attempting to locate auto-apply AttributeConverter for property [evtest.model.ref.RefType:id]
09:43:18.232 [main] DEBUG org.hibernate.cfg.annotations.SimpleValueBinder - building SimpleValue for id
09:43:18.232 [main] DEBUG org.hibernate.cfg.annotations.PropertyBinder - Building property id
09:43:18.232 [main] DEBUG org.hibernate.cfg.BinderHelper - #makeIdGenerator(org.hibernate.mapping.SimpleValue([org.hibernate.mapping.Column(id)]), id, assigned, , ...)
09:43:18.232 [main] DEBUG org.hibernate.cfg.Ejb3Column - Binding column: Ejb3Column{table=org.hibernate.mapping.Table(ref_type), mappingColumn=id_group, insertable=true, updatable=true, unique=false}
09:43:18.232 [main] DEBUG org.hibernate.cfg.annotations.PropertyBinder - MetadataSourceProcessor property idGroup with lazy=false
09:43:18.232 [main] DEBUG org.hibernate.cfg.AbstractPropertyHolder - Attempting to locate auto-apply AttributeConverter for property [evtest.model.ref.RefType:idGroup]
09:43:18.232 [main] DEBUG org.hibernate.cfg.annotations.SimpleValueBinder - building SimpleValue for idGroup
09:43:18.232 [main] DEBUG org.hibernate.cfg.annotations.PropertyBinder - Building property idGroup
09:43:18.232 [main] DEBUG org.hibernate.cfg.Ejb3Column - Binding column: Ejb3Column{table=org.hibernate.mapping.Table(ref_type), mappingColumn=version_number, insertable=true, updatable=true, unique=false}
09:43:18.232 [main] DEBUG org.hibernate.cfg.annotations.PropertyBinder - MetadataSourceProcessor property versionNumber with lazy=false
09:43:18.232 [main] DEBUG org.hibernate.cfg.AbstractPropertyHolder - Attempting to locate auto-apply AttributeConverter for property [evtest.model.ref.RefType:versionNumber]
09:43:18.232 [main] DEBUG org.hibernate.cfg.annotations.SimpleValueBinder - building SimpleValue for versionNumber
09:43:18.232 [main] DEBUG org.hibernate.cfg.annotations.PropertyBinder - Building property versionNumber
09:43:18.232 [main] DEBUG org.hibernate.cfg.AnnotationBinder - Binding entity from annotated class: evtest.model.ref.RefTypeA
09:43:18.232 [main] DEBUG org.hibernate.cfg.Ejb3Column - Binding column: Ejb3JoinColumn{logicalColumnName='id', referencedColumn='null', mappedBy='null'}
09:43:18.232 [main] DEBUG org.hibernate.cfg.annotations.EntityBinder - Import with entity name RefTypeA
09:43:18.232 [main] DEBUG org.hibernate.cfg.annotations.EntityBinder - Bind entity evtest.model.ref.RefTypeA on table ref_typea
09:43:18.232 [main] DEBUG org.hibernate.cfg.Ejb3Column - Binding column: Ejb3Column{table=org.hibernate.mapping.Table(ref_typea), mappingColumn=valuea, insertable=true, updatable=true, unique=false}
09:43:18.232 [main] DEBUG org.hibernate.cfg.annotations.PropertyBinder - MetadataSourceProcessor property valueA with lazy=false
09:43:18.232 [main] DEBUG org.hibernate.cfg.AbstractPropertyHolder - Attempting to locate auto-apply AttributeConverter for property [evtest.model.ref.RefTypeA:valueA]
09:43:18.232 [main] DEBUG org.hibernate.cfg.annotations.SimpleValueBinder - building SimpleValue for valueA
09:43:18.232 [main] DEBUG org.hibernate.cfg.annotations.PropertyBinder - Building property valueA
09:43:18.232 [main] DEBUG org.hibernate.cfg.AnnotationBinder - Binding entity from annotated class: evtest.model.ref.RefTypeB
09:43:18.232 [main] DEBUG org.hibernate.cfg.Ejb3Column - Binding column: Ejb3JoinColumn{logicalColumnName='id', referencedColumn='null', mappedBy='null'}
09:43:18.232 [main] DEBUG org.hibernate.cfg.annotations.EntityBinder - Import with entity name RefTypeB
09:43:18.232 [main] DEBUG org.hibernate.cfg.annotations.EntityBinder - Bind entity evtest.model.ref.RefTypeB on table ref_typeb
09:43:18.240 [main] DEBUG org.hibernate.cfg.Ejb3Column - Binding column: Ejb3Column{table=org.hibernate.mapping.Table(ref_typeb), mappingColumn=valueb, insertable=true, updatable=true, unique=false}
09:43:18.240 [main] DEBUG org.hibernate.cfg.annotations.PropertyBinder - MetadataSourceProcessor property valueB with lazy=false
09:43:18.240 [main] DEBUG org.hibernate.cfg.AbstractPropertyHolder - Attempting to locate auto-apply AttributeConverter for property [evtest.model.ref.RefTypeB:valueB]
09:43:18.240 [main] DEBUG org.hibernate.cfg.annotations.SimpleValueBinder - building SimpleValue for valueB
09:43:18.240 [main] DEBUG org.hibernate.cfg.annotations.PropertyBinder - Building property valueB
09:43:18.262 [main] DEBUG org.hibernate.cfg.AnnotationBinder - Binding entity from annotated class: com.blazebit.persistence.impl.function.entity.ValuesEntity
09:43:18.262 [main] DEBUG org.hibernate.cfg.Ejb3Column - Binding column: Ejb3DiscriminatorColumn{logicalColumnName'DTYPE', discriminatorTypeName='string'}
09:43:18.262 [main] DEBUG org.hibernate.cfg.annotations.EntityBinder - Import with entity name ValuesEntity
09:43:18.262 [main] DEBUG org.hibernate.cfg.annotations.EntityBinder - Bind entity com.blazebit.persistence.impl.function.entity.ValuesEntity on table values_entity
09:43:18.262 [main] DEBUG org.hibernate.cfg.Ejb3Column - Binding column: Ejb3Column{table=org.hibernate.mapping.Table(values_entity), mappingColumn=value, insertable=true, updatable=true, unique=false}
09:43:18.262 [main] DEBUG org.hibernate.boot.internal.ClassLoaderAccessImpl - Not known whether passed class name [com.blazebit.persistence.impl.function.entity.ValuesEntity] is safe
09:43:18.262 [main] DEBUG org.hibernate.boot.internal.ClassLoaderAccessImpl - No temp ClassLoader provided; using live ClassLoader for loading potentially unsafe class : com.blazebit.persistence.impl.function.entity.ValuesEntity
09:43:18.262 [main] DEBUG org.hibernate.cfg.annotations.PropertyBinder - MetadataSourceProcessor property value with lazy=false
09:43:18.262 [main] DEBUG org.hibernate.cfg.AbstractPropertyHolder - Attempting to locate auto-apply AttributeConverter for property [com.blazebit.persistence.impl.function.entity.ValuesEntity:value]
09:43:18.262 [main] DEBUG org.hibernate.cfg.annotations.SimpleValueBinder - building SimpleValue for value
09:43:18.262 [main] DEBUG org.hibernate.cfg.annotations.PropertyBinder - Building property value
09:43:18.262 [main] DEBUG org.hibernate.cfg.BinderHelper - #makeIdGenerator(org.hibernate.mapping.SimpleValue([org.hibernate.mapping.Column(value)]), value, assigned, , ...)
09:43:18.262 [main] DEBUG org.hibernate.cfg.annotations.SimpleValueBinder - Starting fillSimpleValue for id
09:43:18.262 [main] DEBUG org.hibernate.cfg.annotations.SimpleValueBinder - Starting fillSimpleValue for age
09:43:18.262 [main] DEBUG org.hibernate.cfg.annotations.SimpleValueBinder - Starting fillSimpleValue for name
09:43:18.262 [main] DEBUG org.hibernate.cfg.annotations.SimpleValueBinder - Starting fillSimpleValue for id
09:43:18.262 [main] DEBUG org.hibernate.cfg.annotations.SimpleValueBinder - Starting fillSimpleValue for name
09:43:18.262 [main] DEBUG org.hibernate.cfg.annotations.SimpleValueBinder - Starting fillSimpleValue for id
09:43:18.262 [main] DEBUG org.hibernate.cfg.annotations.SimpleValueBinder - Starting fillSimpleValue for dscrItem
09:43:18.262 [main] DEBUG org.hibernate.cfg.annotations.SimpleValueBinder - Starting fillSimpleValue for id
09:43:18.262 [main] DEBUG org.hibernate.cfg.annotations.SimpleValueBinder - Starting fillSimpleValue for idGroup
09:43:18.262 [main] DEBUG org.hibernate.cfg.annotations.SimpleValueBinder - Starting fillSimpleValue for versionNumber
09:43:18.262 [main] DEBUG org.hibernate.cfg.annotations.SimpleValueBinder - Starting fillSimpleValue for valueA
09:43:18.262 [main] DEBUG org.hibernate.cfg.annotations.SimpleValueBinder - Starting fillSimpleValue for valueB
09:43:18.262 [main] DEBUG org.hibernate.cfg.annotations.SimpleValueBinder - Starting fillSimpleValue for value
09:43:18.272 [main] DEBUG org.hibernate.mapping.PrimaryKey - Forcing column [id] to be non-null as it is part of the primary key for table [cat]
09:43:18.272 [main] DEBUG org.hibernate.mapping.PrimaryKey - Forcing column [id] to be non-null as it is part of the primary key for table [person]
09:43:18.272 [main] DEBUG org.hibernate.mapping.PrimaryKey - Forcing column [id] to be non-null as it is part of the primary key for table [item_type]
09:43:18.272 [main] DEBUG org.hibernate.mapping.PrimaryKey - Forcing column [id] to be non-null as it is part of the primary key for table [item_typea]
09:43:18.272 [main] DEBUG org.hibernate.mapping.PrimaryKey - Forcing column [id] to be non-null as it is part of the primary key for table [item_typeb]
09:43:18.272 [main] DEBUG org.hibernate.mapping.PrimaryKey - Forcing column [id] to be non-null as it is part of the primary key for table [ref_type]
09:43:18.272 [main] DEBUG org.hibernate.mapping.PrimaryKey - Forcing column [id] to be non-null as it is part of the primary key for table [ref_typea]
09:43:18.272 [main] DEBUG org.hibernate.mapping.PrimaryKey - Forcing column [id] to be non-null as it is part of the primary key for table [ref_typeb]
09:43:18.272 [main] DEBUG org.hibernate.mapping.PrimaryKey - Forcing column [value] to be non-null as it is part of the primary key for table [values_entity]
09:43:18.272 [main] DEBUG org.hibernate.cfg.CollectionSecondPass - Second pass for collection: evtest.model.Cat.kittens
09:43:18.272 [main] DEBUG org.hibernate.cfg.annotations.CollectionBinder - Binding as ManyToMany: evtest.model.Cat.kittens
09:43:18.282 [main] DEBUG org.hibernate.mapping.PrimaryKey - Forcing column [cat_id] to be non-null as it is part of the primary key for table [cat_kittens]
09:43:18.282 [main] DEBUG org.hibernate.mapping.PrimaryKey - Forcing column [kittens_id] to be non-null as it is part of the primary key for table [cat_kittens]
09:43:18.282 [main] DEBUG org.hibernate.cfg.CollectionSecondPass - Mapped collection key: cat_id, element: kittens_id
09:43:18.282 [main] DEBUG org.hibernate.cfg.CollectionSecondPass - Second pass for collection: evtest.model.Person.kittens
09:43:18.282 [main] DEBUG org.hibernate.cfg.annotations.CollectionBinder - Binding a OneToMany: evtest.model.Person.kittens through a foreign key
09:43:18.282 [main] DEBUG org.hibernate.cfg.annotations.CollectionBinder - Mapping collection: evtest.model.Person.kittens -> cat
09:43:18.282 [main] DEBUG org.hibernate.cfg.annotations.TableBinder - Retrieving property evtest.model.Cat.owner
09:43:18.282 [main] DEBUG org.hibernate.cfg.CollectionSecondPass - Mapped collection key: owner_id, one-to-many: evtest.model.Cat
09:43:18.282 [main] DEBUG org.hibernate.boot.internal.InFlightMetadataCollectorImpl - Resolving reference to class: evtest.model.Cat
09:43:18.290 [main] DEBUG org.hibernate.boot.internal.InFlightMetadataCollectorImpl - Resolving reference to class: evtest.model.Cat
09:43:18.293 [main] DEBUG org.hibernate.boot.internal.InFlightMetadataCollectorImpl - Resolving reference to class: evtest.model.Person
09:43:18.293 [main] DEBUG org.hibernate.boot.internal.InFlightMetadataCollectorImpl - Resolving reference to class: evtest.model.Cat
09:43:18.293 [main] DEBUG org.hibernate.boot.internal.InFlightMetadataCollectorImpl - Resolving reference to class: evtest.model.Cat
09:43:18.293 [main] DEBUG org.hibernate.boot.internal.InFlightMetadataCollectorImpl - Resolving reference to class: evtest.model.ref.RefType
09:43:18.293 [main] DEBUG org.hibernate.boot.internal.InFlightMetadataCollectorImpl - Resolving reference to class: evtest.model.item.ItemType
09:43:18.293 [main] DEBUG org.hibernate.boot.internal.InFlightMetadataCollectorImpl - Resolving reference to class: evtest.model.item.ItemType
09:43:18.293 [main] DEBUG org.hibernate.boot.internal.InFlightMetadataCollectorImpl - Resolving reference to class: evtest.model.ref.RefType
09:43:18.293 [main] DEBUG org.hibernate.boot.internal.InFlightMetadataCollectorImpl - Resolving reference to class: evtest.model.ref.RefType
09:43:18.293 [main] DEBUG org.hibernate.boot.internal.InFlightMetadataCollectorImpl - Resolving reference to class: evtest.model.Cat
09:43:18.293 [main] DEBUG org.hibernate.boot.internal.InFlightMetadataCollectorImpl - Resolving reference to class: evtest.model.Cat
09:43:18.293 [main] DEBUG org.hibernate.boot.internal.InFlightMetadataCollectorImpl - Resolving reference to class: evtest.model.Person
09:43:18.293 [main] DEBUG org.hibernate.boot.internal.InFlightMetadataCollectorImpl - Resolving reference to class: evtest.model.Cat
09:43:18.293 [main] DEBUG org.hibernate.boot.internal.InFlightMetadataCollectorImpl - Resolving reference to class: evtest.model.Cat
09:43:18.293 [main] DEBUG org.hibernate.boot.internal.InFlightMetadataCollectorImpl - Resolving reference to class: evtest.model.ref.RefType
09:43:18.293 [main] DEBUG org.hibernate.boot.internal.InFlightMetadataCollectorImpl - Resolving reference to class: evtest.model.item.ItemType
09:43:18.293 [main] DEBUG org.hibernate.boot.internal.InFlightMetadataCollectorImpl - Resolving reference to class: evtest.model.item.ItemType
09:43:18.293 [main] DEBUG org.hibernate.boot.internal.InFlightMetadataCollectorImpl - Resolving reference to class: evtest.model.ref.RefType
09:43:18.293 [main] DEBUG org.hibernate.boot.internal.InFlightMetadataCollectorImpl - Resolving reference to class: evtest.model.ref.RefType
09:43:18.361 [main] DEBUG org.hibernate.internal.SessionFactoryImpl - Building session factory
09:43:18.371 [main] DEBUG org.hibernate.cfg.Settings - SessionFactory name : null
09:43:18.371 [main] DEBUG org.hibernate.cfg.Settings - Automatic flush during beforeCompletion(): enabled
09:43:18.371 [main] DEBUG org.hibernate.cfg.Settings - Automatic session close at end of transaction: disabled
09:43:18.371 [main] DEBUG org.hibernate.cfg.Settings - Statistics: disabled
09:43:18.371 [main] DEBUG org.hibernate.cfg.Settings - Deleted entity synthetic identifier rollback: disabled
09:43:18.371 [main] DEBUG org.hibernate.cfg.Settings - Default entity-mode: pojo
09:43:18.371 [main] DEBUG org.hibernate.cfg.Settings - Check Nullability in Core (should be disabled when Bean Validation is on): enabled
09:43:18.371 [main] DEBUG org.hibernate.cfg.Settings - Allow initialization of lazy state outside session : disabled
09:43:18.371 [main] DEBUG org.hibernate.cfg.Settings - Using BatchFetchStyle : LEGACY
09:43:18.371 [main] DEBUG org.hibernate.cfg.Settings - Default batch fetch size: -1
09:43:18.372 [main] DEBUG org.hibernate.cfg.Settings - Maximum outer join fetch depth: null
09:43:18.372 [main] DEBUG org.hibernate.cfg.Settings - Default null ordering: NONE
09:43:18.372 [main] DEBUG org.hibernate.cfg.Settings - Order SQL updates by primary key: disabled
09:43:18.372 [main] DEBUG org.hibernate.cfg.Settings - Order SQL inserts for batching: disabled
09:43:18.372 [main] DEBUG org.hibernate.cfg.Settings - multi-tenancy strategy : NONE
09:43:18.372 [main] DEBUG org.hibernate.cfg.Settings - JTA Track by Thread: enabled
09:43:18.372 [main] DEBUG org.hibernate.cfg.Settings - Query language substitutions: {}
09:43:18.372 [main] DEBUG org.hibernate.cfg.Settings - Named query checking : enabled
09:43:18.372 [main] DEBUG org.hibernate.cfg.Settings - Second-level cache: disabled
09:43:18.372 [main] DEBUG org.hibernate.cfg.Settings - Second-level query cache: disabled
09:43:18.372 [main] DEBUG org.hibernate.cfg.Settings - Second-level query cache factory: null
09:43:18.372 [main] DEBUG org.hibernate.cfg.Settings - Second-level cache region prefix: null
09:43:18.372 [main] DEBUG org.hibernate.cfg.Settings - Optimize second-level cache for minimal puts: disabled
09:43:18.372 [main] DEBUG org.hibernate.cfg.Settings - Structured second-level cache entries: disabled
09:43:18.372 [main] DEBUG org.hibernate.cfg.Settings - Second-level cache direct-reference entries: disabled
09:43:18.372 [main] DEBUG org.hibernate.cfg.Settings - Automatic eviction of collection cache: disabled
09:43:18.372 [main] DEBUG org.hibernate.cfg.Settings - JDBC batch size: 15
09:43:18.372 [main] DEBUG org.hibernate.cfg.Settings - JDBC batch updates for versioned data: enabled
09:43:18.372 [main] DEBUG org.hibernate.cfg.Settings - Scrollable result sets: enabled
09:43:18.372 [main] DEBUG org.hibernate.cfg.Settings - Wrap result sets: disabled
09:43:18.372 [main] DEBUG org.hibernate.cfg.Settings - JDBC3 getGeneratedKeys(): enabled
09:43:18.372 [main] DEBUG org.hibernate.cfg.Settings - JDBC result set fetch size: null
09:43:18.372 [main] DEBUG org.hibernate.cfg.Settings - Connection release mode: ON_CLOSE
09:43:18.372 [main] DEBUG org.hibernate.cfg.Settings - Generate SQL with comments: disabled
09:43:18.372 [main] DEBUG org.hibernate.cfg.Settings - JPA compliance - query : disabled
09:43:18.372 [main] DEBUG org.hibernate.cfg.Settings - JPA compliance - closed-handling : disabled
09:43:18.372 [main] DEBUG org.hibernate.cfg.Settings - JPA compliance - lists : disabled
09:43:18.372 [main] DEBUG org.hibernate.cfg.Settings - JPA compliance - transactions : disabled
09:43:18.435 [main] DEBUG org.hibernate.boot.internal.ClassLoaderAccessImpl - Not known whether passed class name [evtest.model.item.ItemTypeB] is safe
09:43:18.435 [main] DEBUG org.hibernate.boot.internal.ClassLoaderAccessImpl - No temp ClassLoader provided; using live ClassLoader for loading potentially unsafe class : evtest.model.item.ItemTypeB
09:43:18.435 [main] DEBUG org.hibernate.boot.internal.ClassLoaderAccessImpl - Not known whether passed class name [evtest.model.ref.RefTypeA] is safe
09:43:18.435 [main] DEBUG org.hibernate.boot.internal.ClassLoaderAccessImpl - No temp ClassLoader provided; using live ClassLoader for loading potentially unsafe class : evtest.model.ref.RefTypeA
09:43:18.435 [main] DEBUG org.hibernate.boot.internal.ClassLoaderAccessImpl - Not known whether passed class name [evtest.model.item.ItemTypeA] is safe
09:43:18.435 [main] DEBUG org.hibernate.boot.internal.ClassLoaderAccessImpl - No temp ClassLoader provided; using live ClassLoader for loading potentially unsafe class : evtest.model.item.ItemTypeA
09:43:18.435 [main] DEBUG org.hibernate.boot.internal.ClassLoaderAccessImpl - Not known whether passed class name [evtest.model.ref.RefTypeB] is safe
09:43:18.435 [main] DEBUG org.hibernate.boot.internal.ClassLoaderAccessImpl - No temp ClassLoader provided; using live ClassLoader for loading potentially unsafe class : evtest.model.ref.RefTypeB
09:43:18.466 [main] DEBUG org.hibernate.internal.SessionFactoryImpl - Session factory constructed with filter configurations : {}
09:43:18.466 [main] DEBUG org.hibernate.internal.SessionFactoryImpl - Instantiating session factory with properties: {sun.desktop=windows, awt.toolkit=sun.awt.windows.WToolkit, hibernate.id.new_generator_mappings=true, java.specification.version=11, sun.cpu.isalist=amd64, hibernate.resource.beans.container=org.springframework.orm.hibernate5.SpringBeanContainer@2c7c0e36, hibernate.connection.handling_mode=DELAYED_ACQUISITION_AND_HOLD, sun.jnu.encoding=Cp1252, hibernate.implicit_naming_strategy=org.springframework.boot.orm.jpa.hibernate.SpringImplicitNamingStrategy, hibernate.hql.bulk_id_strategy=com.blazebit.persistence.integration.hibernate.CustomMultiTableBulkIdStrategy@307cf964, java.class.path=C:\Users\gspankr\Documents\LAPS-A\testing\test\target\test-classes;C:\Users\gspankr\Documents\LAPS-A\testing\test\target\classes;C:\Users\gspankr\.m2\repository\org\springframework\boot\spring-boot-starter-data-jpa\2.4.0\spring-boot-starter-data-jpa-2.4.0.jar;C:\Users\gspankr\.m2\repository\org\springframework\boot\spring-boot-starter-aop\2.4.0\spring-boot-starter-aop-2.4.0.jar;C:\Users\gspankr\.m2\repository\org\aspectj\aspectjweaver\1.9.6\aspectjweaver-1.9.6.jar;C:\Users\gspankr\.m2\repository\org\springframework\boot\spring-boot-starter-jdbc\2.4.0\spring-boot-starter-jdbc-2.4.0.jar;C:\Users\gspankr\.m2\repository\com\zaxxer\HikariCP\3.4.5\HikariCP-3.4.5.jar;C:\Users\gspankr\.m2\repository\jakarta\transaction\jakarta.transaction-api\1.3.3\jakarta.transaction-api-1.3.3.jar;C:\Users\gspankr\.m2\repository\jakarta\persistence\jakarta.persistence-api\2.2.3\jakarta.persistence-api-2.2.3.jar;C:\Users\gspankr\.m2\repository\org\hibernate\hibernate-core\5.4.23.Final\hibernate-core-5.4.23.Final.jar;C:\Users\gspankr\.m2\repository\org\jboss\logging\jboss-logging\3.4.1.Final\jboss-logging-3.4.1.Final.jar;C:\Users\gspankr\.m2\repository\net\bytebuddy\byte-buddy\1.10.18\byte-buddy-1.10.18.jar;C:\Users\gspankr\.m2\repository\antlr\antlr\2.7.7\antlr-2.7.7.jar;C:\Users\gspankr\.m2\repository\org\jboss\jandex\2.1.3.Final\jandex-2.1.3.Final.jar;C:\Users\gspankr\.m2\repository\com\fasterxml\classmate\1.5.1\classmate-1.5.1.jar;C:\Users\gspankr\.m2\repository\org\dom4j\dom4j\2.1.3\dom4j-2.1.3.jar;C:\Users\gspankr\.m2\repository\org\hibernate\common\hibernate-commons-annotations\5.1.2.Final\hibernate-commons-annotations-5.1.2.Final.jar;C:\Users\gspankr\.m2\repository\org\glassfish\jaxb\jaxb-runtime\2.3.3\jaxb-runtime-2.3.3.jar;C:\Users\gspankr\.m2\repository\org\glassfish\jaxb\txw2\2.3.3\txw2-2.3.3.jar;C:\Users\gspankr\.m2\repository\com\sun\istack\istack-commons-runtime\3.0.11\istack-commons-runtime-3.0.11.jar;C:\Users\gspankr\.m2\repository\org\springframework\spring-aspects\5.3.1\spring-aspects-5.3.1.jar;C:\Users\gspankr\.m2\repository\org\springframework\boot\spring-boot-starter-web\2.4.0\spring-boot-starter-web-2.4.0.jar;C:\Users\gspankr\.m2\repository\org\springframework\boot\spring-boot-starter\2.4.0\spring-boot-starter-2.4.0.jar;C:\Users\gspankr\.m2\repository\org\springframework\boot\spring-boot\2.4.0\spring-boot-2.4.0.jar;C:\Users\gspankr\.m2\repository\org\springframework\boot\spring-boot-autoconfigure\2.4.0\spring-boot-autoconfigure-2.4.0.jar;C:\Users\gspankr\.m2\repository\org\springframework\boot\spring-boot-starter-logging\2.4.0\spring-boot-starter-logging-2.4.0.jar;C:\Users\gspankr\.m2\repository\ch\qos\logback\logback-classic\1.2.3\logback-classic-1.2.3.jar;C:\Users\gspankr\.m2\repository\ch\qos\logback\logback-core\1.2.3\logback-core-1.2.3.jar;C:\Users\gspankr\.m2\repository\org\apache\logging\log4j\log4j-to-slf4j\2.13.3\log4j-to-slf4j-2.13.3.jar;C:\Users\gspankr\.m2\repository\org\apache\logging\log4j\log4j-api\2.13.3\log4j-api-2.13.3.jar;C:\Users\gspankr\.m2\repository\org\slf4j\jul-to-slf4j\1.7.30\jul-to-slf4j-1.7.30.jar;C:\Users\gspankr\.m2\repository\jakarta\annotation\jakarta.annotation-api\1.3.5\jakarta.annotation-api-1.3.5.jar;C:\Users\gspankr\.m2\repository\org\yaml\snakeyaml\1.27\snakeyaml-1.27.jar;C:\Users\gspankr\.m2\repository\org\springframework\boot\spring-boot-starter-json\2.4.0\spring-boot-starter-json-2.4.0.jar;C:\Users\gspankr\.m2\repository\com\fasterxml\jackson\core\jackson-databind\2.11.3\jackson-databind-2.11.3.jar;C:\Users\gspankr\.m2\repository\com\fasterxml\jackson\core\jackson-annotations\2.11.3\jackson-annotations-2.11.3.jar;C:\Users\gspankr\.m2\repository\com\fasterxml\jackson\core\jackson-core\2.11.3\jackson-core-2.11.3.jar;C:\Users\gspankr\.m2\repository\com\fasterxml\jackson\datatype\jackson-datatype-jdk8\2.11.3\jackson-datatype-jdk8-2.11.3.jar;C:\Users\gspankr\.m2\repository\com\fasterxml\jackson\datatype\jackson-datatype-jsr310\2.11.3\jackson-datatype-jsr310-2.11.3.jar;C:\Users\gspankr\.m2\repository\com\fasterxml\jackson\module\jackson-module-parameter-names\2.11.3\jackson-module-parameter-names-2.11.3.jar;C:\Users\gspankr\.m2\repository\org\springframework\boot\spring-boot-starter-tomcat\2.4.0\spring-boot-starter-tomcat-2.4.0.jar;C:\Users\gspankr\.m2\repository\org\apache\tomcat\embed\tomcat-embed-core\9.0.39\tomcat-embed-core-9.0.39.jar;C:\Users\gspankr\.m2\repository\org\glassfish\jakarta.el\3.0.3\jakarta.el-3.0.3.jar;C:\Users\gspankr\.m2\repository\org\apache\tomcat\embed\tomcat-embed-websocket\9.0.39\tomcat-embed-websocket-9.0.39.jar;C:\Users\gspankr\.m2\repository\org\springframework\spring-web\5.3.1\spring-web-5.3.1.jar;C:\Users\gspankr\.m2\repository\org\springframework\spring-webmvc\5.3.1\spring-webmvc-5.3.1.jar;C:\Users\gspankr\.m2\repository\com\blazebit\blaze-persistence-core-api\1.6.0-Alpha2\blaze-persistence-core-api-1.6.0-Alpha2.jar;C:\Users\gspankr\.m2\repository\com\blazebit\blaze-persistence-core-impl\1.6.0-Alpha2\blaze-persistence-core-impl-1.6.0-Alpha2.jar;C:\Users\gspankr\.m2\repository\com\blazebit\blaze-persistence-core-parser\1.6.0-Alpha2\blaze-persistence-core-parser-1.6.0-Alpha2.jar;C:\Users\gspankr\.m2\repository\com\blazebit\blaze-common-utils\0.1.21\blaze-common-utils-0.1.21.jar;C:\Users\gspankr\.m2\repository\com\blazebit\blaze-persistence-integration-hibernate-5.4\1.6.0-Alpha2\blaze-persistence-integration-hibernate-5.4-1.6.0-Alpha2.jar;C:\Users\gspankr\.m2\repository\com\blazebit\blaze-persistence-integration-hibernate-base\1.6.0-Alpha2\blaze-persistence-integration-hibernate-base-1.6.0-Alpha2.jar;C:\Users\gspankr\.m2\repository\com\blazebit\blaze-persistence-integration-jpa-base\1.6.0-Alpha2\blaze-persistence-integration-jpa-base-1.6.0-Alpha2.jar;C:\Users\gspankr\.m2\repository\com\blazebit\blaze-persistence-entity-view-api\1.6.0-Alpha2\blaze-persistence-entity-view-api-1.6.0-Alpha2.jar;C:\Users\gspankr\.m2\repository\com\blazebit\blaze-persistence-entity-view-impl\1.6.0-Alpha2\blaze-persistence-entity-view-impl-1.6.0-Alpha2.jar;C:\Users\gspankr\.m2\repository\org\javassist\javassist\3.27.0-GA\javassist-3.27.0-GA.jar;C:\Users\gspankr\.m2\repository\com\blazebit\blaze-persistence-entity-view-processor\1.6.0-Alpha2\blaze-persistence-entity-view-processor-1.6.0-Alpha2.jar;C:\Users\gspankr\.m2\repository\com\blazebit\blaze-persistence-integration-entity-view-spring\1.6.0-Alpha2\blaze-persistence-integration-entity-view-spring-1.6.0-Alpha2.jar;C:\Users\gspankr\.m2\repository\org\springframework\spring-context\5.3.1\spring-context-5.3.1.jar;C:\Users\gspankr\.m2\repository\org\springframework\spring-aop\5.3.1\spring-aop-5.3.1.jar;C:\Users\gspankr\.m2\repository\org\springframework\spring-beans\5.3.1\spring-beans-5.3.1.jar;C:\Users\gspankr\.m2\repository\org\springframework\spring-core\5.3.1\spring-core-5.3.1.jar;C:\Users\gspankr\.m2\repository\org\springframework\spring-jcl\5.3.1\spring-jcl-5.3.1.jar;C:\Users\gspankr\.m2\repository\org\springframework\spring-expression\5.3.1\spring-expression-5.3.1.jar;C:\Users\gspankr\.m2\repository\org\springframework\spring-orm\5.3.1\spring-orm-5.3.1.jar;C:\Users\gspankr\.m2\repository\org\springframework\spring-jdbc\5.3.1\spring-jdbc-5.3.1.jar;C:\Users\gspankr\.m2\repository\org\springframework\spring-tx\5.3.1\spring-tx-5.3.1.jar;C:\Users\gspankr\.m2\repository\org\springframework\data\spring-data-jpa\2.4.1\spring-data-jpa-2.4.1.jar;C:\Users\gspankr\.m2\repository\org\springframework\data\spring-data-commons\2.4.1\spring-data-commons-2.4.1.jar;C:\Users\gspankr\.m2\repository\org\aspectj\aspectjrt\1.9.6\aspectjrt-1.9.6.jar;C:\Users\gspankr\.m2\repository\org\slf4j\slf4j-api\1.7.30\slf4j-api-1.7.30.jar;C:\Users\gspankr\.m2\repository\com\blazebit\blaze-persistence-integration-spring-data-2.4\1.6.0-Alpha2\blaze-persistence-integration-spring-data-2.4-1.6.0-Alpha2.jar;C:\Users\gspankr\.m2\repository\com\blazebit\blaze-persistence-jpa-criteria-api\1.6.0-Alpha2\blaze-persistence-jpa-criteria-api-1.6.0-Alpha2.jar;C:\Users\gspankr\.m2\repository\com\blazebit\blaze-persistence-jpa-criteria-impl\1.6.0-Alpha2\blaze-persistence-jpa-criteria-impl-1.6.0-Alpha2.jar;C:\Users\gspankr\.m2\repository\com\blazebit\blaze-persistence-integration-spring-data-base\1.6.0-Alpha2\blaze-persistence-integration-spring-data-base-1.6.0-Alpha2.jar;C:\Users\gspankr\.m2\repository\javax\xml\bind\jaxb-api\2.3.1\jaxb-api-2.3.1.jar;C:\Users\gspankr\.m2\repository\javax\activation\javax.activation-api\1.2.0\javax.activation-api-1.2.0.jar;C:\Users\gspankr\.m2\repository\com\sun\xml\bind\jaxb-core\2.3.0.1\jaxb-core-2.3.0.1.jar;C:\Users\gspankr\.m2\repository\com\sun\xml\bind\jaxb-impl\2.3.3\jaxb-impl-2.3.3.jar;C:\Users\gspankr\.m2\repository\jakarta\xml\bind\jakarta.xml.bind-api\2.3.3\jakarta.xml.bind-api-2.3.3.jar;C:\Users\gspankr\.m2\repository\com\sun\activation\jakarta.activation\1.2.2\jakarta.activation-1.2.2.jar;C:\Users\gspankr\.m2\repository\javax\transaction\javax.transaction-api\1.2\javax.transaction-api-1.2.jar;C:\Users\gspankr\.m2\repository\javax\activation\activation\1.1.1\activation-1.1.1.jar;C:\Users\gspankr\.m2\repository\javax\annotation\javax.annotation-api\1.3.2\javax.annotation-api-1.3.2.jar;C:\Users\gspankr\.m2\repository\junit\junit\4.13.1\junit-4.13.1.jar;C:\Users\gspankr\.m2\repository\org\hamcrest\hamcrest-core\2.2\hamcrest-core-2.2.jar;C:\Users\gspankr\.m2\repository\org\hamcrest\hamcrest\2.2\hamcrest-2.2.jar;C:\Users\gspankr\.m2\repository\com\h2database\h2\1.4.200\h2-1.4.200.jar;C:\Users\gspankr\.m2\repository\org\springframework\spring-test\5.3.1\spring-test-5.3.1.jar;, java.vm.vendor=Oracle Corporation, sun.arch.data.model=64, user.variant=, java.vendor.url=https://openjdk.java.net/, user.timezone=America/Denver, os.name=Windows 10, java.vm.specification.version=11, javax.persistence.validation.mode=AUTO, sun.java.launcher=SUN_STANDARD, user.country=US, sun.boot.library.path=C:\Program Files\Java\jdk-11.0.8\bin, sun.java.command=C:\Users\gspankr\AppData\Local\Temp\surefire17682525912318840909\surefirebooter18186586289413677161.jar C:\Users\gspankr\AppData\Local\Temp\surefire17682525912318840909 2021-03-11T09-43-12_536-jvmRun1 surefire7993405255692951933tmp surefire_08247519900885641089tmp, javax.persistence.nonJtaDataSource=HikariDataSource (HikariPool-1), hibernate.transaction.jta.platform=org.hibernate.engine.transaction.jta.platform.internal.NoJtaPlatform@374ccb9, javax.persistence.sharedCache.mode=UNSPECIFIED, jdk.debug=release, surefire.test.class.path=C:\Users\gspankr\Documents\LAPS-A\testing\test\target\test-classes;C:\Users\gspankr\Documents\LAPS-A\testing\test\target\classes;C:\Users\gspankr\.m2\repository\org\springframework\boot\spring-boot-starter-data-jpa\2.4.0\spring-boot-starter-data-jpa-2.4.0.jar;C:\Users\gspankr\.m2\repository\org\springframework\boot\spring-boot-starter-aop\2.4.0\spring-boot-starter-aop-2.4.0.jar;C:\Users\gspankr\.m2\repository\org\aspectj\aspectjweaver\1.9.6\aspectjweaver-1.9.6.jar;C:\Users\gspankr\.m2\repository\org\springframework\boot\spring-boot-starter-jdbc\2.4.0\spring-boot-starter-jdbc-2.4.0.jar;C:\Users\gspankr\.m2\repository\com\zaxxer\HikariCP\3.4.5\HikariCP-3.4.5.jar;C:\Users\gspankr\.m2\repository\jakarta\transaction\jakarta.transaction-api\1.3.3\jakarta.transaction-api-1.3.3.jar;C:\Users\gspankr\.m2\repository\jakarta\persistence\jakarta.persistence-api\2.2.3\jakarta.persistence-api-2.2.3.jar;C:\Users\gspankr\.m2\repository\org\hibernate\hibernate-core\5.4.23.Final\hibernate-core-5.4.23.Final.jar;C:\Users\gspankr\.m2\repository\org\jboss\logging\jboss-logging\3.4.1.Final\jboss-logging-3.4.1.Final.jar;C:\Users\gspankr\.m2\repository\net\bytebuddy\byte-buddy\1.10.18\byte-buddy-1.10.18.jar;C:\Users\gspankr\.m2\repository\antlr\antlr\2.7.7\antlr-2.7.7.jar;C:\Users\gspankr\.m2\repository\org\jboss\jandex\2.1.3.Final\jandex-2.1.3.Final.jar;C:\Users\gspankr\.m2\repository\com\fasterxml\classmate\1.5.1\classmate-1.5.1.jar;C:\Users\gspankr\.m2\repository\org\dom4j\dom4j\2.1.3\dom4j-2.1.3.jar;C:\Users\gspankr\.m2\repository\org\hibernate\common\hibernate-commons-annotations\5.1.2.Final\hibernate-commons-annotations-5.1.2.Final.jar;C:\Users\gspankr\.m2\repository\org\glassfish\jaxb\jaxb-runtime\2.3.3\jaxb-runtime-2.3.3.jar;C:\Users\gspankr\.m2\repository\org\glassfish\jaxb\txw2\2.3.3\txw2-2.3.3.jar;C:\Users\gspankr\.m2\repository\com\sun\istack\istack-commons-runtime\3.0.11\istack-commons-runtime-3.0.11.jar;C:\Users\gspankr\.m2\repository\org\springframework\spring-aspects\5.3.1\spring-aspects-5.3.1.jar;C:\Users\gspankr\.m2\repository\org\springframework\boot\spring-boot-starter-web\2.4.0\spring-boot-starter-web-2.4.0.jar;C:\Users\gspankr\.m2\repository\org\springframework\boot\spring-boot-starter\2.4.0\spring-boot-starter-2.4.0.jar;C:\Users\gspankr\.m2\repository\org\springframework\boot\spring-boot\2.4.0\spring-boot-2.4.0.jar;C:\Users\gspankr\.m2\repository\org\springframework\boot\spring-boot-autoconfigure\2.4.0\spring-boot-autoconfigure-2.4.0.jar;C:\Users\gspankr\.m2\repository\org\springframework\boot\spring-boot-starter-logging\2.4.0\spring-boot-starter-logging-2.4.0.jar;C:\Users\gspankr\.m2\repository\ch\qos\logback\logback-classic\1.2.3\logback-classic-1.2.3.jar;C:\Users\gspankr\.m2\repository\ch\qos\logback\logback-core\1.2.3\logback-core-1.2.3.jar;C:\Users\gspankr\.m2\repository\org\apache\logging\log4j\log4j-to-slf4j\2.13.3\log4j-to-slf4j-2.13.3.jar;C:\Users\gspankr\.m2\repository\org\apache\logging\log4j\log4j-api\2.13.3\log4j-api-2.13.3.jar;C:\Users\gspankr\.m2\repository\org\slf4j\jul-to-slf4j\1.7.30\jul-to-slf4j-1.7.30.jar;C:\Users\gspankr\.m2\repository\jakarta\annotation\jakarta.annotation-api\1.3.5\jakarta.annotation-api-1.3.5.jar;C:\Users\gspankr\.m2\repository\org\yaml\snakeyaml\1.27\snakeyaml-1.27.jar;C:\Users\gspankr\.m2\repository\org\springframework\boot\spring-boot-starter-json\2.4.0\spring-boot-starter-json-2.4.0.jar;C:\Users\gspankr\.m2\repository\com\fasterxml\jackson\core\jackson-databind\2.11.3\jackson-databind-2.11.3.jar;C:\Users\gspankr\.m2\repository\com\fasterxml\jackson\core\jackson-annotations\2.11.3\jackson-annotations-2.11.3.jar;C:\Users\gspankr\.m2\repository\com\fasterxml\jackson\core\jackson-core\2.11.3\jackson-core-2.11.3.jar;C:\Users\gspankr\.m2\repository\com\fasterxml\jackson\datatype\jackson-datatype-jdk8\2.11.3\jackson-datatype-jdk8-2.11.3.jar;C:\Users\gspankr\.m2\repository\com\fasterxml\jackson\datatype\jackson-datatype-jsr310\2.11.3\jackson-datatype-jsr310-2.11.3.jar;C:\Users\gspankr\.m2\repository\com\fasterxml\jackson\module\jackson-module-parameter-names\2.11.3\jackson-module-parameter-names-2.11.3.jar;C:\Users\gspankr\.m2\repository\org\springframework\boot\spring-boot-starter-tomcat\2.4.0\spring-boot-starter-tomcat-2.4.0.jar;C:\Users\gspankr\.m2\repository\org\apache\tomcat\embed\tomcat-embed-core\9.0.39\tomcat-embed-core-9.0.39.jar;C:\Users\gspankr\.m2\repository\org\glassfish\jakarta.el\3.0.3\jakarta.el-3.0.3.jar;C:\Users\gspankr\.m2\repository\org\apache\tomcat\embed\tomcat-embed-websocket\9.0.39\tomcat-embed-websocket-9.0.39.jar;C:\Users\gspankr\.m2\repository\org\springframework\spring-web\5.3.1\spring-web-5.3.1.jar;C:\Users\gspankr\.m2\repository\org\springframework\spring-webmvc\5.3.1\spring-webmvc-5.3.1.jar;C:\Users\gspankr\.m2\repository\com\blazebit\blaze-persistence-core-api\1.6.0-Alpha2\blaze-persistence-core-api-1.6.0-Alpha2.jar;C:\Users\gspankr\.m2\repository\com\blazebit\blaze-persistence-core-impl\1.6.0-Alpha2\blaze-persistence-core-impl-1.6.0-Alpha2.jar;C:\Users\gspankr\.m2\repository\com\blazebit\blaze-persistence-core-parser\1.6.0-Alpha2\blaze-persistence-core-parser-1.6.0-Alpha2.jar;C:\Users\gspankr\.m2\repository\com\blazebit\blaze-common-utils\0.1.21\blaze-common-utils-0.1.21.jar;C:\Users\gspankr\.m2\repository\com\blazebit\blaze-persistence-integration-hibernate-5.4\1.6.0-Alpha2\blaze-persistence-integration-hibernate-5.4-1.6.0-Alpha2.jar;C:\Users\gspankr\.m2\repository\com\blazebit\blaze-persistence-integration-hibernate-base\1.6.0-Alpha2\blaze-persistence-integration-hibernate-base-1.6.0-Alpha2.jar;C:\Users\gspankr\.m2\repository\com\blazebit\blaze-persistence-integration-jpa-base\1.6.0-Alpha2\blaze-persistence-integration-jpa-base-1.6.0-Alpha2.jar;C:\Users\gspankr\.m2\repository\com\blazebit\blaze-persistence-entity-view-api\1.6.0-Alpha2\blaze-persistence-entity-view-api-1.6.0-Alpha2.jar;C:\Users\gspankr\.m2\repository\com\blazebit\blaze-persistence-entity-view-impl\1.6.0-Alpha2\blaze-persistence-entity-view-impl-1.6.0-Alpha2.jar;C:\Users\gspankr\.m2\repository\org\javassist\javassist\3.27.0-GA\javassist-3.27.0-GA.jar;C:\Users\gspankr\.m2\repository\com\blazebit\blaze-persistence-entity-view-processor\1.6.0-Alpha2\blaze-persistence-entity-view-processor-1.6.0-Alpha2.jar;C:\Users\gspankr\.m2\repository\com\blazebit\blaze-persistence-integration-entity-view-spring\1.6.0-Alpha2\blaze-persistence-integration-entity-view-spring-1.6.0-Alpha2.jar;C:\Users\gspankr\.m2\repository\org\springframework\spring-context\5.3.1\spring-context-5.3.1.jar;C:\Users\gspankr\.m2\repository\org\springframework\spring-aop\5.3.1\spring-aop-5.3.1.jar;C:\Users\gspankr\.m2\repository\org\springframework\spring-beans\5.3.1\spring-beans-5.3.1.jar;C:\Users\gspankr\.m2\repository\org\springframework\spring-core\5.3.1\spring-core-5.3.1.jar;C:\Users\gspankr\.m2\repository\org\springframework\spring-jcl\5.3.1\spring-jcl-5.3.1.jar;C:\Users\gspankr\.m2\repository\org\springframework\spring-expression\5.3.1\spring-expression-5.3.1.jar;C:\Users\gspankr\.m2\repository\org\springframework\spring-orm\5.3.1\spring-orm-5.3.1.jar;C:\Users\gspankr\.m2\repository\org\springframework\spring-jdbc\5.3.1\spring-jdbc-5.3.1.jar;C:\Users\gspankr\.m2\repository\org\springframework\spring-tx\5.3.1\spring-tx-5.3.1.jar;C:\Users\gspankr\.m2\repository\org\springframework\data\spring-data-jpa\2.4.1\spring-data-jpa-2.4.1.jar;C:\Users\gspankr\.m2\repository\org\springframework\data\spring-data-commons\2.4.1\spring-data-commons-2.4.1.jar;C:\Users\gspankr\.m2\repository\org\aspectj\aspectjrt\1.9.6\aspectjrt-1.9.6.jar;C:\Users\gspankr\.m2\repository\org\slf4j\slf4j-api\1.7.30\slf4j-api-1.7.30.jar;C:\Users\gspankr\.m2\repository\com\blazebit\blaze-persistence-integration-spring-data-2.4\1.6.0-Alpha2\blaze-persistence-integration-spring-data-2.4-1.6.0-Alpha2.jar;C:\Users\gspankr\.m2\repository\com\blazebit\blaze-persistence-jpa-criteria-api\1.6.0-Alpha2\blaze-persistence-jpa-criteria-api-1.6.0-Alpha2.jar;C:\Users\gspankr\.m2\repository\com\blazebit\blaze-persistence-jpa-criteria-impl\1.6.0-Alpha2\blaze-persistence-jpa-criteria-impl-1.6.0-Alpha2.jar;C:\Users\gspankr\.m2\repository\com\blazebit\blaze-persistence-integration-spring-data-base\1.6.0-Alpha2\blaze-persistence-integration-spring-data-base-1.6.0-Alpha2.jar;C:\Users\gspankr\.m2\repository\javax\xml\bind\jaxb-api\2.3.1\jaxb-api-2.3.1.jar;C:\Users\gspankr\.m2\repository\javax\activation\javax.activation-api\1.2.0\javax.activation-api-1.2.0.jar;C:\Users\gspankr\.m2\repository\com\sun\xml\bind\jaxb-core\2.3.0.1\jaxb-core-2.3.0.1.jar;C:\Users\gspankr\.m2\repository\com\sun\xml\bind\jaxb-impl\2.3.3\jaxb-impl-2.3.3.jar;C:\Users\gspankr\.m2\repository\jakarta\xml\bind\jakarta.xml.bind-api\2.3.3\jakarta.xml.bind-api-2.3.3.jar;C:\Users\gspankr\.m2\repository\com\sun\activation\jakarta.activation\1.2.2\jakarta.activation-1.2.2.jar;C:\Users\gspankr\.m2\repository\javax\transaction\javax.transaction-api\1.2\javax.transaction-api-1.2.jar;C:\Users\gspankr\.m2\repository\javax\activation\activation\1.1.1\activation-1.1.1.jar;C:\Users\gspankr\.m2\repository\javax\annotation\javax.annotation-api\1.3.2\javax.annotation-api-1.3.2.jar;C:\Users\gspankr\.m2\repository\junit\junit\4.13.1\junit-4.13.1.jar;C:\Users\gspankr\.m2\repository\org\hamcrest\hamcrest-core\2.2\hamcrest-core-2.2.jar;C:\Users\gspankr\.m2\repository\org\hamcrest\hamcrest\2.2\hamcrest-2.2.jar;C:\Users\gspankr\.m2\repository\com\h2database\h2\1.4.200\h2-1.4.200.jar;C:\Users\gspankr\.m2\repository\org\springframework\spring-test\5.3.1\spring-test-5.3.1.jar;, sun.cpu.endian=little, user.home=C:\Users\gspankr, user.language=en, java.specification.vendor=Oracle Corporation, java.version.date=2020-07-14, java.home=C:\Program Files\Java\jdk-11.0.8, file.separator=\, basedir=C:\Users\gspankr\Documents\LAPS-A\testing\test, java.vm.compressedOopsMode=Zero based, line.separator=
, java.specification.name=Java Platform API Specification, java.vm.specification.vendor=Oracle Corporation, hibernate.transaction.coordinator_class=class org.hibernate.resource.transaction.backend.jdbc.internal.JdbcResourceLocalTransactionCoordinatorBuilderImpl, java.awt.graphicsenv=sun.awt.Win32GraphicsEnvironment, surefire.real.class.path=C:\Users\gspankr\AppData\Local\Temp\surefire17682525912318840909\surefirebooter18186586289413677161.jar, hibernate.hbm2ddl.auto=create-drop, user.script=, sun.management.compiler=HotSpot 64-Bit Tiered Compilers, java.runtime.version=11.0.8+10-LTS, user.name=gspankr, path.separator=;, os.version=10.0, java.runtime.name=Java(TM) SE Runtime Environment, file.encoding=Cp1252, hibernate.ejb.persistenceUnitName=default, java.vm.name=Java HotSpot(TM) 64-Bit Server VM, java.vendor.version=18.9, localRepository=C:\Users\gspankr\.m2\repository, java.vendor.url.bug=https://bugreport.java.com/bugreport/, java.io.tmpdir=C:\Users\gspankr\AppData\Local\Temp\, idea.version=2020.2.2, com.zaxxer.hikari.pool_number=1, java.version=11.0.8, hibernate.physical_naming_strategy=org.springframework.boot.orm.jpa.hibernate.SpringPhysicalNamingStrategy, user.dir=C:\Users\gspankr\Documents\LAPS-A\testing\test, os.arch=amd64, java.vm.specification.name=Java Virtual Machine Specification, java.awt.printerjob=sun.awt.windows.WPrinterJob, sun.os.patch.level=, hibernate.boot.CfgXmlAccessService.key=org.hibernate.boot.registry.StandardServiceRegistryBuilder$1@66713605, java.library.path=C:\Program Files\Java\jdk-11.0.8\bin;C:\WINDOWS\Sun\Java\bin;C:\WINDOWS\system32;C:\WINDOWS;C:\Oracle19c\bin;C:\Program Files\Common Files\Oracle\Java\javapath;C:\Program Files (x86)\Common Files\Oracle\Java\javapath;C:\WINDOWS\system32;C:\WINDOWS;C:\WINDOWS\System32\Wbem;C:\WINDOWS\System32\WindowsPowerShell\v1.0\;C:\WINDOWS\System32\OpenSSH\;C:\Program Files\Git\cmd;C:\Program Files\nodejs\;C:\Program Files\Docker\Docker\resources\bin;C:\ProgramData\DockerDesktop\version-bin;C:\Program Files (x86)\HID Global\ActivClient\;C:\Program Files\HID Global\ActivClient\;C:\Users\gspankr\AppData\Local\Microsoft\WindowsApps;C:\Users\gspankr\AppData\Roaming\npm;C:\maven\bin;;., java.vendor=Oracle Corporation, java.vm.info=mixed mode, java.vm.version=11.0.8+10-LTS, hibernate.bytecode.use_reflection_optimizer=false, sun.io.unicode.encoding=UnicodeLittle, hibernate.archive.scanner=org.hibernate.boot.archive.scan.internal.DisabledScanner, hibernate.connection.datasource=HikariDataSource (HikariPool-1), java.class.version=55.0}
09:43:18.487 [main] DEBUG org.hibernate.secure.spi.JaccIntegrator - Skipping JACC integration as it was not enabled
09:43:18.487 [main] DEBUG org.hibernate.internal.SessionFactoryImpl - Instantiated session factory
09:43:18.487 [main] DEBUG org.hibernate.type.spi.TypeConfiguration$Scope - Scoping TypeConfiguration [org.hibernate.type.spi.TypeConfiguration@733fb462] to SessionFactoryImpl [org.hibernate.internal.SessionFactoryImpl@10ed037a]
09:43:18.565 [main] DEBUG org.hibernate.boot.internal.ClassLoaderAccessImpl - Not known whether passed class name [com.blazebit.persistence.impl.function.entity.ValuesEntity] is safe
09:43:18.565 [main] DEBUG org.hibernate.boot.internal.ClassLoaderAccessImpl - No temp ClassLoader provided; using live ClassLoader for loading potentially unsafe class : com.blazebit.persistence.impl.function.entity.ValuesEntity
09:43:18.872 [main] DEBUG org.hibernate.boot.internal.ClassLoaderAccessImpl - Not known whether passed class name [evtest.model.Cat] is safe
09:43:18.872 [main] DEBUG org.hibernate.boot.internal.ClassLoaderAccessImpl - No temp ClassLoader provided; using live ClassLoader for loading potentially unsafe class : evtest.model.Cat
09:43:18.919 [main] DEBUG org.hibernate.boot.internal.ClassLoaderAccessImpl - Not known whether passed class name [evtest.model.item.ItemTypeB] is safe
09:43:18.919 [main] DEBUG org.hibernate.boot.internal.ClassLoaderAccessImpl - No temp ClassLoader provided; using live ClassLoader for loading potentially unsafe class : evtest.model.item.ItemTypeB
09:43:18.950 [main] DEBUG org.hibernate.boot.internal.ClassLoaderAccessImpl - Not known whether passed class name [evtest.model.ref.RefTypeA] is safe
09:43:18.950 [main] DEBUG org.hibernate.boot.internal.ClassLoaderAccessImpl - No temp ClassLoader provided; using live ClassLoader for loading potentially unsafe class : evtest.model.ref.RefTypeA
09:43:18.973 [main] DEBUG org.hibernate.boot.internal.ClassLoaderAccessImpl - Not known whether passed class name [evtest.model.item.ItemType] is safe
09:43:18.973 [main] DEBUG org.hibernate.boot.internal.ClassLoaderAccessImpl - No temp ClassLoader provided; using live ClassLoader for loading potentially unsafe class : evtest.model.item.ItemType
09:43:18.973 [main] DEBUG org.hibernate.boot.internal.ClassLoaderAccessImpl - Not known whether passed class name [evtest.model.item.ItemTypeA] is safe
09:43:18.973 [main] DEBUG org.hibernate.boot.internal.ClassLoaderAccessImpl - No temp ClassLoader provided; using live ClassLoader for loading potentially unsafe class : evtest.model.item.ItemTypeA
09:43:19.004 [main] DEBUG org.hibernate.boot.internal.ClassLoaderAccessImpl - Not known whether passed class name [evtest.model.ref.RefTypeB] is safe
09:43:19.004 [main] DEBUG org.hibernate.boot.internal.ClassLoaderAccessImpl - No temp ClassLoader provided; using live ClassLoader for loading potentially unsafe class : evtest.model.ref.RefTypeB
09:43:19.035 [main] DEBUG org.hibernate.boot.internal.ClassLoaderAccessImpl - Not known whether passed class name [evtest.model.ref.RefType] is safe
09:43:19.035 [main] DEBUG org.hibernate.boot.internal.ClassLoaderAccessImpl - No temp ClassLoader provided; using live ClassLoader for loading potentially unsafe class : evtest.model.ref.RefType
09:43:19.051 [main] DEBUG org.hibernate.boot.internal.ClassLoaderAccessImpl - Not known whether passed class name [evtest.model.Person] is safe
09:43:19.051 [main] DEBUG org.hibernate.boot.internal.ClassLoaderAccessImpl - No temp ClassLoader provided; using live ClassLoader for loading potentially unsafe class : evtest.model.Person
09:43:19.089 [main] DEBUG org.hibernate.persister.collection.AbstractCollectionPersister - Static SQL for collection: evtest.model.Person.kittens
09:43:19.089 [main] DEBUG org.hibernate.persister.collection.AbstractCollectionPersister -  Row insert: update cat set owner_id=? where id=?
09:43:19.089 [main] DEBUG org.hibernate.persister.collection.AbstractCollectionPersister -  Row update: update cat set  where id=?
09:43:19.089 [main] DEBUG org.hibernate.persister.collection.AbstractCollectionPersister -  Row delete: update cat set owner_id=null where owner_id=? and id=?
09:43:19.089 [main] DEBUG org.hibernate.persister.collection.AbstractCollectionPersister -  One-shot delete: update cat set owner_id=null where owner_id=?
09:43:19.104 [main] DEBUG org.hibernate.persister.collection.AbstractCollectionPersister - Static SQL for collection: evtest.model.Cat.kittens
09:43:19.104 [main] DEBUG org.hibernate.persister.collection.AbstractCollectionPersister -  Row insert: insert into cat_kittens (cat_id, kittens_id) values (?, ?)
09:43:19.104 [main] DEBUG org.hibernate.persister.collection.AbstractCollectionPersister -  Row update: update cat_kittens set kittens_id=? where cat_id=? and kittens_id=?
09:43:19.104 [main] DEBUG org.hibernate.persister.collection.AbstractCollectionPersister -  Row delete: delete from cat_kittens where cat_id=? and kittens_id=?
09:43:19.104 [main] DEBUG org.hibernate.persister.collection.AbstractCollectionPersister -  One-shot delete: delete from cat_kittens where cat_id=?
09:43:19.120 [main] DEBUG org.hibernate.persister.entity.AbstractEntityPersister - Static SQL for entity: com.blazebit.persistence.impl.function.entity.ValuesEntity
09:43:19.120 [main] DEBUG org.hibernate.persister.entity.AbstractEntityPersister -  Version select: select value from ( select * from ValuesEntity ) where value =?
09:43:19.120 [main] DEBUG org.hibernate.persister.entity.AbstractEntityPersister -  Snapshot select: select valuesenti_.value from ( select * from ValuesEntity ) valuesenti_ where valuesenti_.value=?
09:43:19.120 [main] DEBUG org.hibernate.persister.entity.AbstractEntityPersister -  Insert 0: insert into ( select * from ValuesEntity ) (value) values (?)
09:43:19.120 [main] DEBUG org.hibernate.persister.entity.AbstractEntityPersister -  Update 0: null
09:43:19.120 [main] DEBUG org.hibernate.persister.entity.AbstractEntityPersister -  Delete 0: delete from ( select * from ValuesEntity ) where value=?
09:43:19.191 [main] DEBUG org.hibernate.loader.plan.build.internal.spaces.QuerySpacesImpl - Adding QuerySpace : uid = <gen:0> -> org.hibernate.loader.plan.build.internal.spaces.EntityQuerySpaceImpl@24a3d414]
09:43:19.191 [main] DEBUG org.hibernate.loader.plan.build.internal.FetchStyleLoadPlanBuildingAssociationVisitationStrategy - Building LoadPlan...
09:43:19.206 [main] DEBUG org.hibernate.loader.plan.exec.internal.LoadQueryJoinAndFetchProcessor - processing queryspace <gen:0>
09:43:19.222 [main] DEBUG org.hibernate.loader.plan.build.spi.LoadPlanTreePrinter - LoadPlan(entity=com.blazebit.persistence.impl.function.entity.ValuesEntity)
    - Returns
       - EntityReturnImpl(entity=com.blazebit.persistence.impl.function.entity.ValuesEntity, querySpaceUid=<gen:0>, path=com.blazebit.persistence.impl.function.entity.ValuesEntity)
    - QuerySpaces
       - EntityQuerySpaceImpl(uid=<gen:0>, entity=com.blazebit.persistence.impl.function.entity.ValuesEntity)
          - SQL table alias mapping - valuesenti0_
          - alias suffix - 0_
          - suffixed key columns - {value1_9_0_}

09:43:19.222 [main] DEBUG org.hibernate.loader.entity.plan.EntityLoader - Static select for entity com.blazebit.persistence.impl.function.entity.ValuesEntity [NONE]: select valuesenti0_.value as value1_9_0_ from ( select * from ValuesEntity ) valuesenti0_ where valuesenti0_.value=?
09:43:19.222 [main] DEBUG org.hibernate.persister.entity.AbstractEntityPersister - Static SQL for entity: evtest.model.Cat
09:43:19.222 [main] DEBUG org.hibernate.persister.entity.AbstractEntityPersister -  Version select: select id from cat where id =?
09:43:19.222 [main] DEBUG org.hibernate.persister.entity.AbstractEntityPersister -  Snapshot select: select cat_.id, cat_.age as age2_0_, cat_.father_id as father_i4_0_, cat_.mother_id as mother_i5_0_, cat_.name as name3_0_, cat_.owner_id as owner_id6_0_ from cat cat_ where cat_.id=?
09:43:19.222 [main] DEBUG org.hibernate.persister.entity.AbstractEntityPersister -  Insert 0: insert into cat (age, father_id, mother_id, name, owner_id, id) values (?, ?, ?, ?, ?, ?)
09:43:19.222 [main] DEBUG org.hibernate.persister.entity.AbstractEntityPersister -  Update 0: update cat set age=?, father_id=?, mother_id=?, name=?, owner_id=? where id=?
09:43:19.222 [main] DEBUG org.hibernate.persister.entity.AbstractEntityPersister -  Delete 0: delete from cat where id=?
09:43:19.222 [main] DEBUG org.hibernate.loader.plan.build.internal.spaces.QuerySpacesImpl - Adding QuerySpace : uid = <gen:0> -> org.hibernate.loader.plan.build.internal.spaces.EntityQuerySpaceImpl@416b1265]
09:43:19.222 [main] DEBUG org.hibernate.persister.walking.spi.MetamodelGraphWalker - Visiting attribute path : age
09:43:19.222 [main] DEBUG org.hibernate.persister.walking.spi.MetamodelGraphWalker - Visiting attribute path : father
09:43:19.237 [main] DEBUG org.hibernate.loader.plan.build.internal.spaces.QuerySpacesImpl - Adding QuerySpace : uid = <gen:1> -> org.hibernate.loader.plan.build.internal.spaces.EntityQuerySpaceImpl@cae2a97]
09:43:19.237 [main] DEBUG org.hibernate.persister.walking.spi.MetamodelGraphWalker - Visiting attribute path : kittens
09:43:19.237 [main] DEBUG org.hibernate.loader.plan.build.internal.spaces.QuerySpacesImpl - Adding QuerySpace : uid = <gen:2> -> org.hibernate.loader.plan.build.internal.spaces.CollectionQuerySpaceImpl@343db2f6]
09:43:19.237 [main] DEBUG org.hibernate.loader.plan.build.internal.spaces.QuerySpacesImpl - Adding QuerySpace : uid = <gen:3> -> org.hibernate.loader.plan.build.internal.spaces.EntityQuerySpaceImpl@1a7d0c9f]
09:43:19.237 [main] DEBUG org.hibernate.persister.walking.spi.MetamodelGraphWalker - Visiting attribute path : mother
09:43:19.237 [main] DEBUG org.hibernate.loader.plan.build.internal.spaces.QuerySpacesImpl - Adding QuerySpace : uid = <gen:4> -> org.hibernate.loader.plan.build.internal.spaces.EntityQuerySpaceImpl@258a8584]
09:43:19.237 [main] DEBUG org.hibernate.persister.walking.spi.MetamodelGraphWalker - Visiting attribute path : name
09:43:19.237 [main] DEBUG org.hibernate.persister.walking.spi.MetamodelGraphWalker - Visiting attribute path : owner
09:43:19.237 [main] DEBUG org.hibernate.loader.plan.build.internal.spaces.QuerySpacesImpl - Adding QuerySpace : uid = <gen:5> -> org.hibernate.loader.plan.build.internal.spaces.EntityQuerySpaceImpl@59127611]
09:43:19.237 [main] DEBUG org.hibernate.loader.plan.build.internal.FetchStyleLoadPlanBuildingAssociationVisitationStrategy - Building LoadPlan...
09:43:19.237 [main] DEBUG org.hibernate.loader.plan.exec.internal.LoadQueryJoinAndFetchProcessor - processing queryspace <gen:0>
09:43:19.237 [main] DEBUG org.hibernate.loader.plan.build.spi.LoadPlanTreePrinter - LoadPlan(entity=evtest.model.Cat)
    - Returns
       - EntityReturnImpl(entity=evtest.model.Cat, querySpaceUid=<gen:0>, path=evtest.model.Cat)
          - EntityAttributeFetchImpl(entity=evtest.model.Cat, querySpaceUid=<gen:1>, path=evtest.model.Cat.father)
          - CollectionAttributeFetchImpl(collection=evtest.model.Cat.kittens, querySpaceUid=<gen:2>, path=evtest.model.Cat.kittens)
             - (collection element) CollectionFetchableElementEntityGraph(entity=evtest.model.Cat, querySpaceUid=<gen:3>, path=evtest.model.Cat.kittens.<elements>)
          - EntityAttributeFetchImpl(entity=evtest.model.Cat, querySpaceUid=<gen:4>, path=evtest.model.Cat.mother)
          - EntityAttributeFetchImpl(entity=evtest.model.Person, querySpaceUid=<gen:5>, path=evtest.model.Cat.owner)
    - QuerySpaces
       - EntityQuerySpaceImpl(uid=<gen:0>, entity=evtest.model.Cat)
          - SQL table alias mapping - cat0_
          - alias suffix - 0_
          - suffixed key columns - {id1_0_0_}

09:43:19.237 [main] DEBUG org.hibernate.loader.entity.plan.EntityLoader - Static select for entity evtest.model.Cat [NONE]: select cat0_.id as id1_0_0_, cat0_.age as age2_0_0_, cat0_.father_id as father_i4_0_0_, cat0_.mother_id as mother_i5_0_0_, cat0_.name as name3_0_0_, cat0_.owner_id as owner_id6_0_0_ from cat cat0_ where cat0_.id=?
09:43:19.237 [main] DEBUG org.hibernate.persister.entity.AbstractEntityPersister - Static SQL for entity: evtest.model.item.ItemTypeB
09:43:19.237 [main] DEBUG org.hibernate.persister.entity.AbstractEntityPersister -  Version select: select id from item_type where id =?
09:43:19.237 [main] DEBUG org.hibernate.persister.entity.AbstractEntityPersister -  Snapshot select: select itemtypeb_.id, itemtypeb_1_._ref_type_id as _ref_typ3_2_, itemtypeb_1_.dscr_item as dscr_ite2_2_ from item_typeb itemtypeb_ inner join item_type itemtypeb_1_ on itemtypeb_.id=itemtypeb_1_.id where itemtypeb_.id=?
09:43:19.237 [main] DEBUG org.hibernate.persister.entity.AbstractEntityPersister -  Insert 0: insert into item_type (_ref_type_id, dscr_item, id) values (?, ?, ?)
09:43:19.237 [main] DEBUG org.hibernate.persister.entity.AbstractEntityPersister -  Update 0: update item_type set _ref_type_id=?, dscr_item=? where id=?
09:43:19.237 [main] DEBUG org.hibernate.persister.entity.AbstractEntityPersister -  Delete 0: delete from item_type where id=?
09:43:19.237 [main] DEBUG org.hibernate.persister.entity.AbstractEntityPersister -  Insert 1: insert into item_typeb (id) values (?)
09:43:19.237 [main] DEBUG org.hibernate.persister.entity.AbstractEntityPersister -  Update 1: null
09:43:19.237 [main] DEBUG org.hibernate.persister.entity.AbstractEntityPersister -  Delete 1: delete from item_typeb where id=?
09:43:19.237 [main] DEBUG org.hibernate.loader.plan.build.internal.spaces.QuerySpacesImpl - Adding QuerySpace : uid = <gen:0> -> org.hibernate.loader.plan.build.internal.spaces.EntityQuerySpaceImpl@4fa8bebb]
09:43:19.237 [main] DEBUG org.hibernate.persister.walking.spi.MetamodelGraphWalker - Visiting attribute path : _refType
09:43:19.237 [main] DEBUG org.hibernate.loader.plan.build.internal.spaces.QuerySpacesImpl - Adding QuerySpace : uid = <gen:1> -> org.hibernate.loader.plan.build.internal.spaces.EntityQuerySpaceImpl@369ad7da]
09:43:19.237 [main] DEBUG org.hibernate.persister.walking.spi.MetamodelGraphWalker - Visiting attribute path : _refType.idGroup
09:43:19.237 [main] DEBUG org.hibernate.persister.walking.spi.MetamodelGraphWalker - Visiting attribute path : _refType.versionNumber
09:43:19.237 [main] DEBUG org.hibernate.persister.walking.spi.MetamodelGraphWalker - Visiting attribute path : _refType.valueA
09:43:19.237 [main] DEBUG org.hibernate.persister.walking.spi.MetamodelGraphWalker - Visiting attribute path : _refType.valueB
09:43:19.237 [main] DEBUG org.hibernate.persister.walking.spi.MetamodelGraphWalker - Visiting attribute path : dscrItem
09:43:19.237 [main] DEBUG org.hibernate.loader.plan.build.internal.FetchStyleLoadPlanBuildingAssociationVisitationStrategy - Building LoadPlan...
09:43:19.237 [main] DEBUG org.hibernate.loader.plan.exec.internal.LoadQueryJoinAndFetchProcessor - processing queryspace <gen:0>
09:43:19.237 [main] DEBUG org.hibernate.loader.plan.build.spi.LoadPlanTreePrinter - LoadPlan(entity=evtest.model.item.ItemTypeB)
    - Returns
       - EntityReturnImpl(entity=evtest.model.item.ItemTypeB, querySpaceUid=<gen:0>, path=evtest.model.item.ItemTypeB)
          - EntityAttributeFetchImpl(entity=evtest.model.ref.RefType, querySpaceUid=<gen:1>, path=evtest.model.item.ItemTypeB._refType)
    - QuerySpaces
       - EntityQuerySpaceImpl(uid=<gen:0>, entity=evtest.model.item.ItemTypeB)
          - SQL table alias mapping - itemtypeb0_
          - alias suffix - 0_
          - suffixed key columns - {id1_2_0_}
          - JOIN (JoinDefinedByMetadata(_refType)) : <gen:0> -> <gen:1>
             - EntityQuerySpaceImpl(uid=<gen:1>, entity=evtest.model.ref.RefType)
                - SQL table alias mapping - reftype1_
                - alias suffix - 1_
                - suffixed key columns - {id1_6_1_}

09:43:19.237 [main] DEBUG org.hibernate.loader.entity.plan.EntityLoader - Static select for entity evtest.model.item.ItemTypeB [NONE]: select itemtypeb0_.id as id1_2_0_, itemtypeb0_1_._ref_type_id as _ref_typ3_2_0_, itemtypeb0_1_.dscr_item as dscr_ite2_2_0_, reftype1_.id as id1_6_1_, reftype1_.id_group as id_group2_6_1_, reftype1_.version_number as version_3_6_1_, reftype1_1_.valuea as valuea1_7_1_, reftype1_2_.valueb as valueb1_8_1_, case when reftype1_1_.id is not null then 1 when reftype1_2_.id is not null then 2 when reftype1_.id is not null then 0 end as clazz_1_ from item_typeb itemtypeb0_ inner join item_type itemtypeb0_1_ on itemtypeb0_.id=itemtypeb0_1_.id left outer join ref_type reftype1_ on itemtypeb0_1_._ref_type_id=reftype1_.id left outer join ref_typea reftype1_1_ on reftype1_.id=reftype1_1_.id left outer join ref_typeb reftype1_2_ on reftype1_.id=reftype1_2_.id where itemtypeb0_.id=?
09:43:19.237 [main] DEBUG org.hibernate.persister.entity.AbstractEntityPersister - Static SQL for entity: evtest.model.ref.RefTypeA
09:43:19.237 [main] DEBUG org.hibernate.persister.entity.AbstractEntityPersister -  Version select: select id from ref_type where id =?
09:43:19.237 [main] DEBUG org.hibernate.persister.entity.AbstractEntityPersister -  Snapshot select: select reftypea_.id, reftypea_1_.id_group as id_group2_6_, reftypea_1_.version_number as version_3_6_, reftypea_.valuea as valuea1_7_ from ref_typea reftypea_ inner join ref_type reftypea_1_ on reftypea_.id=reftypea_1_.id where reftypea_.id=?
09:43:19.237 [main] DEBUG org.hibernate.persister.entity.AbstractEntityPersister -  Insert 0: insert into ref_type (id_group, version_number, id) values (?, ?, ?)
09:43:19.237 [main] DEBUG org.hibernate.persister.entity.AbstractEntityPersister -  Update 0: update ref_type set id_group=?, version_number=? where id=?
09:43:19.237 [main] DEBUG org.hibernate.persister.entity.AbstractEntityPersister -  Delete 0: delete from ref_type where id=?
09:43:19.237 [main] DEBUG org.hibernate.persister.entity.AbstractEntityPersister -  Insert 1: insert into ref_typea (valuea, id) values (?, ?)
09:43:19.237 [main] DEBUG org.hibernate.persister.entity.AbstractEntityPersister -  Update 1: update ref_typea set valuea=? where id=?
09:43:19.237 [main] DEBUG org.hibernate.persister.entity.AbstractEntityPersister -  Delete 1: delete from ref_typea where id=?
09:43:19.237 [main] DEBUG org.hibernate.loader.plan.build.internal.spaces.QuerySpacesImpl - Adding QuerySpace : uid = <gen:0> -> org.hibernate.loader.plan.build.internal.spaces.EntityQuerySpaceImpl@4ae49387]
09:43:19.253 [main] DEBUG org.hibernate.persister.walking.spi.MetamodelGraphWalker - Visiting attribute path : idGroup
09:43:19.253 [main] DEBUG org.hibernate.persister.walking.spi.MetamodelGraphWalker - Visiting attribute path : versionNumber
09:43:19.253 [main] DEBUG org.hibernate.persister.walking.spi.MetamodelGraphWalker - Visiting attribute path : valueA
09:43:19.253 [main] DEBUG org.hibernate.loader.plan.build.internal.FetchStyleLoadPlanBuildingAssociationVisitationStrategy - Building LoadPlan...
09:43:19.253 [main] DEBUG org.hibernate.loader.plan.exec.internal.LoadQueryJoinAndFetchProcessor - processing queryspace <gen:0>
09:43:19.253 [main] DEBUG org.hibernate.loader.plan.build.spi.LoadPlanTreePrinter - LoadPlan(entity=evtest.model.ref.RefTypeA)
    - Returns
       - EntityReturnImpl(entity=evtest.model.ref.RefTypeA, querySpaceUid=<gen:0>, path=evtest.model.ref.RefTypeA)
    - QuerySpaces
       - EntityQuerySpaceImpl(uid=<gen:0>, entity=evtest.model.ref.RefTypeA)
          - SQL table alias mapping - reftypea0_
          - alias suffix - 0_
          - suffixed key columns - {id1_6_0_}

09:43:19.253 [main] DEBUG org.hibernate.loader.entity.plan.EntityLoader - Static select for entity evtest.model.ref.RefTypeA [NONE]: select reftypea0_.id as id1_6_0_, reftypea0_1_.id_group as id_group2_6_0_, reftypea0_1_.version_number as version_3_6_0_, reftypea0_.valuea as valuea1_7_0_ from ref_typea reftypea0_ inner join ref_type reftypea0_1_ on reftypea0_.id=reftypea0_1_.id where reftypea0_.id=?
09:43:19.253 [main] DEBUG org.hibernate.persister.entity.AbstractEntityPersister - Static SQL for entity: evtest.model.item.ItemType
09:43:19.253 [main] DEBUG org.hibernate.persister.entity.AbstractEntityPersister -  Version select: select id from item_type where id =?
09:43:19.253 [main] DEBUG org.hibernate.persister.entity.AbstractEntityPersister -  Snapshot select: select itemtype_.id, itemtype_._ref_type_id as _ref_typ3_2_, itemtype_.dscr_item as dscr_ite2_2_ from item_type itemtype_ where itemtype_.id=?
09:43:19.253 [main] DEBUG org.hibernate.persister.entity.AbstractEntityPersister -  Insert 0: insert into item_type (_ref_type_id, dscr_item, id) values (?, ?, ?)
09:43:19.253 [main] DEBUG org.hibernate.persister.entity.AbstractEntityPersister -  Update 0: update item_type set _ref_type_id=?, dscr_item=? where id=?
09:43:19.253 [main] DEBUG org.hibernate.persister.entity.AbstractEntityPersister -  Delete 0: delete from item_type where id=?
09:43:19.253 [main] DEBUG org.hibernate.loader.plan.build.internal.spaces.QuerySpacesImpl - Adding QuerySpace : uid = <gen:0> -> org.hibernate.loader.plan.build.internal.spaces.EntityQuerySpaceImpl@34cf0e80]
09:43:19.253 [main] DEBUG org.hibernate.persister.walking.spi.MetamodelGraphWalker - Visiting attribute path : _refType
09:43:19.253 [main] DEBUG org.hibernate.loader.plan.build.internal.spaces.QuerySpacesImpl - Adding QuerySpace : uid = <gen:1> -> org.hibernate.loader.plan.build.internal.spaces.EntityQuerySpaceImpl@56f9de3b]
09:43:19.253 [main] DEBUG org.hibernate.persister.walking.spi.MetamodelGraphWalker - Visiting attribute path : _refType.idGroup
09:43:19.253 [main] DEBUG org.hibernate.persister.walking.spi.MetamodelGraphWalker - Visiting attribute path : _refType.versionNumber
09:43:19.253 [main] DEBUG org.hibernate.persister.walking.spi.MetamodelGraphWalker - Visiting attribute path : _refType.valueA
09:43:19.253 [main] DEBUG org.hibernate.persister.walking.spi.MetamodelGraphWalker - Visiting attribute path : _refType.valueB
09:43:19.253 [main] DEBUG org.hibernate.persister.walking.spi.MetamodelGraphWalker - Visiting attribute path : dscrItem
09:43:19.253 [main] DEBUG org.hibernate.loader.plan.build.internal.FetchStyleLoadPlanBuildingAssociationVisitationStrategy - Building LoadPlan...
09:43:19.253 [main] DEBUG org.hibernate.loader.plan.exec.internal.LoadQueryJoinAndFetchProcessor - processing queryspace <gen:0>
09:43:19.253 [main] DEBUG org.hibernate.loader.plan.build.spi.LoadPlanTreePrinter - LoadPlan(entity=evtest.model.item.ItemType)
    - Returns
       - EntityReturnImpl(entity=evtest.model.item.ItemType, querySpaceUid=<gen:0>, path=evtest.model.item.ItemType)
          - EntityAttributeFetchImpl(entity=evtest.model.ref.RefType, querySpaceUid=<gen:1>, path=evtest.model.item.ItemType._refType)
    - QuerySpaces
       - EntityQuerySpaceImpl(uid=<gen:0>, entity=evtest.model.item.ItemType)
          - SQL table alias mapping - itemtype0_
          - alias suffix - 0_
          - suffixed key columns - {id1_2_0_}
          - JOIN (JoinDefinedByMetadata(_refType)) : <gen:0> -> <gen:1>
             - EntityQuerySpaceImpl(uid=<gen:1>, entity=evtest.model.ref.RefType)
                - SQL table alias mapping - reftype1_
                - alias suffix - 1_
                - suffixed key columns - {id1_6_1_}

09:43:19.253 [main] DEBUG org.hibernate.loader.entity.plan.EntityLoader - Static select for entity evtest.model.item.ItemType [NONE]: select itemtype0_.id as id1_2_0_, itemtype0_._ref_type_id as _ref_typ3_2_0_, itemtype0_.dscr_item as dscr_ite2_2_0_, case when itemtype0_1_.id is not null then 1 when itemtype0_2_.id is not null then 2 when itemtype0_.id is not null then 0 end as clazz_0_, reftype1_.id as id1_6_1_, reftype1_.id_group as id_group2_6_1_, reftype1_.version_number as version_3_6_1_, reftype1_1_.valuea as valuea1_7_1_, reftype1_2_.valueb as valueb1_8_1_, case when reftype1_1_.id is not null then 1 when reftype1_2_.id is not null then 2 when reftype1_.id is not null then 0 end as clazz_1_ from item_type itemtype0_ left outer join item_typea itemtype0_1_ on itemtype0_.id=itemtype0_1_.id left outer join item_typeb itemtype0_2_ on itemtype0_.id=itemtype0_2_.id left outer join ref_type reftype1_ on itemtype0_._ref_type_id=reftype1_.id left outer join ref_typea reftype1_1_ on reftype1_.id=reftype1_1_.id left outer join ref_typeb reftype1_2_ on reftype1_.id=reftype1_2_.id where itemtype0_.id=?
09:43:19.253 [main] DEBUG org.hibernate.persister.entity.AbstractEntityPersister - Static SQL for entity: evtest.model.item.ItemTypeA
09:43:19.253 [main] DEBUG org.hibernate.persister.entity.AbstractEntityPersister -  Version select: select id from item_type where id =?
09:43:19.253 [main] DEBUG org.hibernate.persister.entity.AbstractEntityPersister -  Snapshot select: select itemtypea_.id, itemtypea_1_._ref_type_id as _ref_typ3_2_, itemtypea_1_.dscr_item as dscr_ite2_2_ from item_typea itemtypea_ inner join item_type itemtypea_1_ on itemtypea_.id=itemtypea_1_.id where itemtypea_.id=?
09:43:19.253 [main] DEBUG org.hibernate.persister.entity.AbstractEntityPersister -  Insert 0: insert into item_type (_ref_type_id, dscr_item, id) values (?, ?, ?)
09:43:19.253 [main] DEBUG org.hibernate.persister.entity.AbstractEntityPersister -  Update 0: update item_type set _ref_type_id=?, dscr_item=? where id=?
09:43:19.253 [main] DEBUG org.hibernate.persister.entity.AbstractEntityPersister -  Delete 0: delete from item_type where id=?
09:43:19.253 [main] DEBUG org.hibernate.persister.entity.AbstractEntityPersister -  Insert 1: insert into item_typea (id) values (?)
09:43:19.253 [main] DEBUG org.hibernate.persister.entity.AbstractEntityPersister -  Update 1: null
09:43:19.253 [main] DEBUG org.hibernate.persister.entity.AbstractEntityPersister -  Delete 1: delete from item_typea where id=?
09:43:19.253 [main] DEBUG org.hibernate.loader.plan.build.internal.spaces.QuerySpacesImpl - Adding QuerySpace : uid = <gen:0> -> org.hibernate.loader.plan.build.internal.spaces.EntityQuerySpaceImpl@2b5f8e61]
09:43:19.253 [main] DEBUG org.hibernate.persister.walking.spi.MetamodelGraphWalker - Visiting attribute path : _refType
09:43:19.253 [main] DEBUG org.hibernate.loader.plan.build.internal.spaces.QuerySpacesImpl - Adding QuerySpace : uid = <gen:1> -> org.hibernate.loader.plan.build.internal.spaces.EntityQuerySpaceImpl@73b0ed03]
09:43:19.253 [main] DEBUG org.hibernate.persister.walking.spi.MetamodelGraphWalker - Visiting attribute path : _refType.idGroup
09:43:19.253 [main] DEBUG org.hibernate.persister.walking.spi.MetamodelGraphWalker - Visiting attribute path : _refType.versionNumber
09:43:19.253 [main] DEBUG org.hibernate.persister.walking.spi.MetamodelGraphWalker - Visiting attribute path : _refType.valueA
09:43:19.253 [main] DEBUG org.hibernate.persister.walking.spi.MetamodelGraphWalker - Visiting attribute path : _refType.valueB
09:43:19.253 [main] DEBUG org.hibernate.persister.walking.spi.MetamodelGraphWalker - Visiting attribute path : dscrItem
09:43:19.253 [main] DEBUG org.hibernate.loader.plan.build.internal.FetchStyleLoadPlanBuildingAssociationVisitationStrategy - Building LoadPlan...
09:43:19.253 [main] DEBUG org.hibernate.loader.plan.exec.internal.LoadQueryJoinAndFetchProcessor - processing queryspace <gen:0>
09:43:19.253 [main] DEBUG org.hibernate.loader.plan.build.spi.LoadPlanTreePrinter - LoadPlan(entity=evtest.model.item.ItemTypeA)
    - Returns
       - EntityReturnImpl(entity=evtest.model.item.ItemTypeA, querySpaceUid=<gen:0>, path=evtest.model.item.ItemTypeA)
          - EntityAttributeFetchImpl(entity=evtest.model.ref.RefType, querySpaceUid=<gen:1>, path=evtest.model.item.ItemTypeA._refType)
    - QuerySpaces
       - EntityQuerySpaceImpl(uid=<gen:0>, entity=evtest.model.item.ItemTypeA)
          - SQL table alias mapping - itemtypea0_
          - alias suffix - 0_
          - suffixed key columns - {id1_2_0_}
          - JOIN (JoinDefinedByMetadata(_refType)) : <gen:0> -> <gen:1>
             - EntityQuerySpaceImpl(uid=<gen:1>, entity=evtest.model.ref.RefType)
                - SQL table alias mapping - reftype1_
                - alias suffix - 1_
                - suffixed key columns - {id1_6_1_}

09:43:19.253 [main] DEBUG org.hibernate.loader.entity.plan.EntityLoader - Static select for entity evtest.model.item.ItemTypeA [NONE]: select itemtypea0_.id as id1_2_0_, itemtypea0_1_._ref_type_id as _ref_typ3_2_0_, itemtypea0_1_.dscr_item as dscr_ite2_2_0_, reftype1_.id as id1_6_1_, reftype1_.id_group as id_group2_6_1_, reftype1_.version_number as version_3_6_1_, reftype1_1_.valuea as valuea1_7_1_, reftype1_2_.valueb as valueb1_8_1_, case when reftype1_1_.id is not null then 1 when reftype1_2_.id is not null then 2 when reftype1_.id is not null then 0 end as clazz_1_ from item_typea itemtypea0_ inner join item_type itemtypea0_1_ on itemtypea0_.id=itemtypea0_1_.id left outer join ref_type reftype1_ on itemtypea0_1_._ref_type_id=reftype1_.id left outer join ref_typea reftype1_1_ on reftype1_.id=reftype1_1_.id left outer join ref_typeb reftype1_2_ on reftype1_.id=reftype1_2_.id where itemtypea0_.id=?
09:43:19.253 [main] DEBUG org.hibernate.persister.entity.AbstractEntityPersister - Static SQL for entity: evtest.model.ref.RefTypeB
09:43:19.253 [main] DEBUG org.hibernate.persister.entity.AbstractEntityPersister -  Version select: select id from ref_type where id =?
09:43:19.253 [main] DEBUG org.hibernate.persister.entity.AbstractEntityPersister -  Snapshot select: select reftypeb_.id, reftypeb_1_.id_group as id_group2_6_, reftypeb_1_.version_number as version_3_6_, reftypeb_.valueb as valueb1_8_ from ref_typeb reftypeb_ inner join ref_type reftypeb_1_ on reftypeb_.id=reftypeb_1_.id where reftypeb_.id=?
09:43:19.253 [main] DEBUG org.hibernate.persister.entity.AbstractEntityPersister -  Insert 0: insert into ref_type (id_group, version_number, id) values (?, ?, ?)
09:43:19.253 [main] DEBUG org.hibernate.persister.entity.AbstractEntityPersister -  Update 0: update ref_type set id_group=?, version_number=? where id=?
09:43:19.253 [main] DEBUG org.hibernate.persister.entity.AbstractEntityPersister -  Delete 0: delete from ref_type where id=?
09:43:19.253 [main] DEBUG org.hibernate.persister.entity.AbstractEntityPersister -  Insert 1: insert into ref_typeb (valueb, id) values (?, ?)
09:43:19.253 [main] DEBUG org.hibernate.persister.entity.AbstractEntityPersister -  Update 1: update ref_typeb set valueb=? where id=?
09:43:19.253 [main] DEBUG org.hibernate.persister.entity.AbstractEntityPersister -  Delete 1: delete from ref_typeb where id=?
09:43:19.253 [main] DEBUG org.hibernate.loader.plan.build.internal.spaces.QuerySpacesImpl - Adding QuerySpace : uid = <gen:0> -> org.hibernate.loader.plan.build.internal.spaces.EntityQuerySpaceImpl@27db45f]
09:43:19.253 [main] DEBUG org.hibernate.persister.walking.spi.MetamodelGraphWalker - Visiting attribute path : idGroup
09:43:19.253 [main] DEBUG org.hibernate.persister.walking.spi.MetamodelGraphWalker - Visiting attribute path : versionNumber
09:43:19.253 [main] DEBUG org.hibernate.persister.walking.spi.MetamodelGraphWalker - Visiting attribute path : valueB
09:43:19.253 [main] DEBUG org.hibernate.loader.plan.build.internal.FetchStyleLoadPlanBuildingAssociationVisitationStrategy - Building LoadPlan...
09:43:19.253 [main] DEBUG org.hibernate.loader.plan.exec.internal.LoadQueryJoinAndFetchProcessor - processing queryspace <gen:0>
09:43:19.253 [main] DEBUG org.hibernate.loader.plan.build.spi.LoadPlanTreePrinter - LoadPlan(entity=evtest.model.ref.RefTypeB)
    - Returns
       - EntityReturnImpl(entity=evtest.model.ref.RefTypeB, querySpaceUid=<gen:0>, path=evtest.model.ref.RefTypeB)
    - QuerySpaces
       - EntityQuerySpaceImpl(uid=<gen:0>, entity=evtest.model.ref.RefTypeB)
          - SQL table alias mapping - reftypeb0_
          - alias suffix - 0_
          - suffixed key columns - {id1_6_0_}

09:43:19.253 [main] DEBUG org.hibernate.loader.entity.plan.EntityLoader - Static select for entity evtest.model.ref.RefTypeB [NONE]: select reftypeb0_.id as id1_6_0_, reftypeb0_1_.id_group as id_group2_6_0_, reftypeb0_1_.version_number as version_3_6_0_, reftypeb0_.valueb as valueb1_8_0_ from ref_typeb reftypeb0_ inner join ref_type reftypeb0_1_ on reftypeb0_.id=reftypeb0_1_.id where reftypeb0_.id=?
09:43:19.253 [main] DEBUG org.hibernate.persister.entity.AbstractEntityPersister - Static SQL for entity: evtest.model.ref.RefType
09:43:19.253 [main] DEBUG org.hibernate.persister.entity.AbstractEntityPersister -  Version select: select id from ref_type where id =?
09:43:19.253 [main] DEBUG org.hibernate.persister.entity.AbstractEntityPersister -  Snapshot select: select reftype_.id, reftype_.id_group as id_group2_6_, reftype_.version_number as version_3_6_ from ref_type reftype_ where reftype_.id=?
09:43:19.253 [main] DEBUG org.hibernate.persister.entity.AbstractEntityPersister -  Insert 0: insert into ref_type (id_group, version_number, id) values (?, ?, ?)
09:43:19.253 [main] DEBUG org.hibernate.persister.entity.AbstractEntityPersister -  Update 0: update ref_type set id_group=?, version_number=? where id=?
09:43:19.253 [main] DEBUG org.hibernate.persister.entity.AbstractEntityPersister -  Delete 0: delete from ref_type where id=?
09:43:19.253 [main] DEBUG org.hibernate.loader.plan.build.internal.spaces.QuerySpacesImpl - Adding QuerySpace : uid = <gen:0> -> org.hibernate.loader.plan.build.internal.spaces.EntityQuerySpaceImpl@1aeff8ca]
09:43:19.253 [main] DEBUG org.hibernate.persister.walking.spi.MetamodelGraphWalker - Visiting attribute path : idGroup
09:43:19.253 [main] DEBUG org.hibernate.persister.walking.spi.MetamodelGraphWalker - Visiting attribute path : versionNumber
09:43:19.253 [main] DEBUG org.hibernate.persister.walking.spi.MetamodelGraphWalker - Visiting attribute path : valueA
09:43:19.253 [main] DEBUG org.hibernate.persister.walking.spi.MetamodelGraphWalker - Visiting attribute path : valueB
09:43:19.253 [main] DEBUG org.hibernate.loader.plan.build.internal.FetchStyleLoadPlanBuildingAssociationVisitationStrategy - Building LoadPlan...
09:43:19.253 [main] DEBUG org.hibernate.loader.plan.exec.internal.LoadQueryJoinAndFetchProcessor - processing queryspace <gen:0>
09:43:19.253 [main] DEBUG org.hibernate.loader.plan.build.spi.LoadPlanTreePrinter - LoadPlan(entity=evtest.model.ref.RefType)
    - Returns
       - EntityReturnImpl(entity=evtest.model.ref.RefType, querySpaceUid=<gen:0>, path=evtest.model.ref.RefType)
    - QuerySpaces
       - EntityQuerySpaceImpl(uid=<gen:0>, entity=evtest.model.ref.RefType)
          - SQL table alias mapping - reftype0_
          - alias suffix - 0_
          - suffixed key columns - {id1_6_0_}

09:43:19.253 [main] DEBUG org.hibernate.loader.entity.plan.EntityLoader - Static select for entity evtest.model.ref.RefType [NONE]: select reftype0_.id as id1_6_0_, reftype0_.id_group as id_group2_6_0_, reftype0_.version_number as version_3_6_0_, reftype0_1_.valuea as valuea1_7_0_, reftype0_2_.valueb as valueb1_8_0_, case when reftype0_1_.id is not null then 1 when reftype0_2_.id is not null then 2 when reftype0_.id is not null then 0 end as clazz_0_ from ref_type reftype0_ left outer join ref_typea reftype0_1_ on reftype0_.id=reftype0_1_.id left outer join ref_typeb reftype0_2_ on reftype0_.id=reftype0_2_.id where reftype0_.id=?
09:43:19.253 [main] DEBUG org.hibernate.persister.entity.AbstractEntityPersister - Static SQL for entity: evtest.model.Person
09:43:19.253 [main] DEBUG org.hibernate.persister.entity.AbstractEntityPersister -  Version select: select id from person where id =?
09:43:19.253 [main] DEBUG org.hibernate.persister.entity.AbstractEntityPersister -  Snapshot select: select person_.id, person_.name as name2_5_ from person person_ where person_.id=?
09:43:19.253 [main] DEBUG org.hibernate.persister.entity.AbstractEntityPersister -  Insert 0: insert into person (name, id) values (?, ?)
09:43:19.253 [main] DEBUG org.hibernate.persister.entity.AbstractEntityPersister -  Update 0: update person set name=? where id=?
09:43:19.253 [main] DEBUG org.hibernate.persister.entity.AbstractEntityPersister -  Delete 0: delete from person where id=?
09:43:19.253 [main] DEBUG org.hibernate.loader.plan.build.internal.spaces.QuerySpacesImpl - Adding QuerySpace : uid = <gen:0> -> org.hibernate.loader.plan.build.internal.spaces.EntityQuerySpaceImpl@101c15ad]
09:43:19.253 [main] DEBUG org.hibernate.persister.walking.spi.MetamodelGraphWalker - Visiting attribute path : kittens
09:43:19.253 [main] DEBUG org.hibernate.loader.plan.build.internal.spaces.QuerySpacesImpl - Adding QuerySpace : uid = <gen:1> -> org.hibernate.loader.plan.build.internal.spaces.CollectionQuerySpaceImpl@5a466dd]
09:43:19.253 [main] DEBUG org.hibernate.loader.plan.build.internal.spaces.QuerySpacesImpl - Adding QuerySpace : uid = <gen:2> -> org.hibernate.loader.plan.build.internal.spaces.EntityQuerySpaceImpl@1ed9d173]
09:43:19.253 [main] DEBUG org.hibernate.persister.walking.spi.MetamodelGraphWalker - Visiting attribute path : name
09:43:19.253 [main] DEBUG org.hibernate.loader.plan.build.internal.FetchStyleLoadPlanBuildingAssociationVisitationStrategy - Building LoadPlan...
09:43:19.253 [main] DEBUG org.hibernate.loader.plan.exec.internal.LoadQueryJoinAndFetchProcessor - processing queryspace <gen:0>
09:43:19.269 [main] DEBUG org.hibernate.loader.plan.build.spi.LoadPlanTreePrinter - LoadPlan(entity=evtest.model.Person)
    - Returns
       - EntityReturnImpl(entity=evtest.model.Person, querySpaceUid=<gen:0>, path=evtest.model.Person)
          - CollectionAttributeFetchImpl(collection=evtest.model.Person.kittens, querySpaceUid=<gen:1>, path=evtest.model.Person.kittens)
             - (collection element) CollectionFetchableElementEntityGraph(entity=evtest.model.Cat, querySpaceUid=<gen:2>, path=evtest.model.Person.kittens.<elements>)
    - QuerySpaces
       - EntityQuerySpaceImpl(uid=<gen:0>, entity=evtest.model.Person)
          - SQL table alias mapping - person0_
          - alias suffix - 0_
          - suffixed key columns - {id1_5_0_}

09:43:19.269 [main] DEBUG org.hibernate.loader.entity.plan.EntityLoader - Static select for entity evtest.model.Person [NONE]: select person0_.id as id1_5_0_, person0_.name as name2_5_0_ from person person0_ where person0_.id=?
09:43:19.273 [main] DEBUG org.hibernate.loader.plan.build.internal.spaces.QuerySpacesImpl - Adding QuerySpace : uid = <gen:0> -> org.hibernate.loader.plan.build.internal.spaces.CollectionQuerySpaceImpl@b9b97ad]
09:43:19.273 [main] DEBUG org.hibernate.loader.plan.build.internal.spaces.QuerySpacesImpl - Adding QuerySpace : uid = <gen:1> -> org.hibernate.loader.plan.build.internal.spaces.EntityQuerySpaceImpl@2807cf3]
09:43:19.273 [main] DEBUG org.hibernate.persister.walking.spi.MetamodelGraphWalker - Visiting attribute path : age
09:43:19.273 [main] DEBUG org.hibernate.persister.walking.spi.MetamodelGraphWalker - Visiting attribute path : father
09:43:19.273 [main] DEBUG org.hibernate.loader.plan.build.internal.spaces.QuerySpacesImpl - Adding QuerySpace : uid = <gen:2> -> org.hibernate.loader.plan.build.internal.spaces.EntityQuerySpaceImpl@536da29c]
09:43:19.273 [main] DEBUG org.hibernate.persister.walking.spi.MetamodelGraphWalker - Visiting attribute path : kittens
09:43:19.273 [main] DEBUG org.hibernate.loader.plan.build.internal.spaces.QuerySpacesImpl - Adding QuerySpace : uid = <gen:3> -> org.hibernate.loader.plan.build.internal.spaces.CollectionQuerySpaceImpl@58fbcb71]
09:43:19.273 [main] DEBUG org.hibernate.loader.plan.build.internal.spaces.QuerySpacesImpl - Adding QuerySpace : uid = <gen:4> -> org.hibernate.loader.plan.build.internal.spaces.EntityQuerySpaceImpl@70cf7d1e]
09:43:19.273 [main] DEBUG org.hibernate.persister.walking.spi.MetamodelGraphWalker - Visiting attribute path : mother
09:43:19.273 [main] DEBUG org.hibernate.loader.plan.build.internal.spaces.QuerySpacesImpl - Adding QuerySpace : uid = <gen:5> -> org.hibernate.loader.plan.build.internal.spaces.EntityQuerySpaceImpl@72f3f14c]
09:43:19.273 [main] DEBUG org.hibernate.persister.walking.spi.MetamodelGraphWalker - Visiting attribute path : name
09:43:19.273 [main] DEBUG org.hibernate.persister.walking.spi.MetamodelGraphWalker - Visiting attribute path : owner
09:43:19.273 [main] DEBUG org.hibernate.persister.walking.spi.MetamodelGraphWalker - Property path deemed to be circular : owner
09:43:19.273 [main] DEBUG org.hibernate.loader.plan.build.internal.FetchStyleLoadPlanBuildingAssociationVisitationStrategy - Building LoadPlan...
09:43:19.273 [main] DEBUG org.hibernate.loader.plan.exec.internal.LoadQueryJoinAndFetchProcessor - processing queryspace <gen:0>
09:43:19.273 [main] DEBUG org.hibernate.loader.plan.build.spi.LoadPlanTreePrinter - LoadPlan(collection=evtest.model.Person.kittens)
    - Returns
       - CollectionReturnImpl(collection=evtest.model.Person.kittens, querySpaceUid=<gen:0>, path=[evtest.model.Person.kittens])
          - (collection element) CollectionFetchableElementEntityGraph(entity=evtest.model.Cat, querySpaceUid=<gen:1>, path=[evtest.model.Person.kittens].<elements>)
             - EntityAttributeFetchImpl(entity=evtest.model.Cat, querySpaceUid=<gen:2>, path=[evtest.model.Person.kittens].<elements>.father)
             - CollectionAttributeFetchImpl(collection=evtest.model.Cat.kittens, querySpaceUid=<gen:3>, path=[evtest.model.Person.kittens].<elements>.kittens)
                - (collection element) CollectionFetchableElementEntityGraph(entity=evtest.model.Cat, querySpaceUid=<gen:4>, path=[evtest.model.Person.kittens].<elements>.kittens.<elements>)
             - EntityAttributeFetchImpl(entity=evtest.model.Cat, querySpaceUid=<gen:5>, path=[evtest.model.Person.kittens].<elements>.mother)
    - QuerySpaces
       - CollectionQuerySpaceImpl(uid=<gen:0>, collection=evtest.model.Person.kittens)
          - SQL table alias mapping - kittens0_
          - alias suffix - 0_
          - suffixed key columns - {owner_id6_0_0_}
          - entity-element alias suffix - 1_
          - 1_entity-element suffixed key columns - id1_0_1_
          - JOIN (JoinDefinedByMetadata(elements)) : <gen:0> -> <gen:1>
             - EntityQuerySpaceImpl(uid=<gen:1>, entity=evtest.model.Cat)
                - SQL table alias mapping - kittens0_
                - alias suffix - 1_
                - suffixed key columns - {id1_0_1_}

09:43:19.273 [main] DEBUG org.hibernate.loader.collection.plan.CollectionLoader - Static select for collection evtest.model.Person.kittens: select kittens0_.owner_id as owner_id6_0_0_, kittens0_.id as id1_0_0_, kittens0_.id as id1_0_1_, kittens0_.age as age2_0_1_, kittens0_.father_id as father_i4_0_1_, kittens0_.mother_id as mother_i5_0_1_, kittens0_.name as name3_0_1_, kittens0_.owner_id as owner_id6_0_1_ from cat kittens0_ where kittens0_.owner_id=?
09:43:19.273 [main] DEBUG org.hibernate.loader.plan.build.internal.spaces.QuerySpacesImpl - Adding QuerySpace : uid = <gen:0> -> org.hibernate.loader.plan.build.internal.spaces.CollectionQuerySpaceImpl@6181bc4a]
09:43:19.289 [main] DEBUG org.hibernate.loader.plan.build.internal.spaces.QuerySpacesImpl - Adding QuerySpace : uid = <gen:1> -> org.hibernate.loader.plan.build.internal.spaces.EntityQuerySpaceImpl@70485aa]
09:43:19.289 [main] DEBUG org.hibernate.persister.walking.spi.MetamodelGraphWalker - Visiting attribute path : age
09:43:19.289 [main] DEBUG org.hibernate.persister.walking.spi.MetamodelGraphWalker - Visiting attribute path : father
09:43:19.289 [main] DEBUG org.hibernate.loader.plan.build.internal.spaces.QuerySpacesImpl - Adding QuerySpace : uid = <gen:2> -> org.hibernate.loader.plan.build.internal.spaces.EntityQuerySpaceImpl@628962e5]
09:43:19.289 [main] DEBUG org.hibernate.persister.walking.spi.MetamodelGraphWalker - Visiting attribute path : kittens
09:43:19.289 [main] DEBUG org.hibernate.persister.walking.spi.MetamodelGraphWalker - Property path deemed to be circular : kittens
09:43:19.289 [main] DEBUG org.hibernate.persister.walking.spi.MetamodelGraphWalker - Visiting attribute path : mother
09:43:19.289 [main] DEBUG org.hibernate.loader.plan.build.internal.spaces.QuerySpacesImpl - Adding QuerySpace : uid = <gen:3> -> org.hibernate.loader.plan.build.internal.spaces.EntityQuerySpaceImpl@410382cb]
09:43:19.289 [main] DEBUG org.hibernate.persister.walking.spi.MetamodelGraphWalker - Visiting attribute path : name
09:43:19.289 [main] DEBUG org.hibernate.persister.walking.spi.MetamodelGraphWalker - Visiting attribute path : owner
09:43:19.289 [main] DEBUG org.hibernate.loader.plan.build.internal.spaces.QuerySpacesImpl - Adding QuerySpace : uid = <gen:4> -> org.hibernate.loader.plan.build.internal.spaces.EntityQuerySpaceImpl@399f5daf]
09:43:19.289 [main] DEBUG org.hibernate.loader.plan.build.internal.FetchStyleLoadPlanBuildingAssociationVisitationStrategy - Building LoadPlan...
09:43:19.289 [main] DEBUG org.hibernate.loader.plan.exec.internal.LoadQueryJoinAndFetchProcessor - processing queryspace <gen:0>
09:43:19.289 [main] DEBUG org.hibernate.loader.plan.build.spi.LoadPlanTreePrinter - LoadPlan(collection=evtest.model.Cat.kittens)
    - Returns
       - CollectionReturnImpl(collection=evtest.model.Cat.kittens, querySpaceUid=<gen:0>, path=[evtest.model.Cat.kittens])
          - (collection element) CollectionFetchableElementEntityGraph(entity=evtest.model.Cat, querySpaceUid=<gen:1>, path=[evtest.model.Cat.kittens].<elements>)
             - EntityAttributeFetchImpl(entity=evtest.model.Cat, querySpaceUid=<gen:2>, path=[evtest.model.Cat.kittens].<elements>.father)
             - EntityAttributeFetchImpl(entity=evtest.model.Cat, querySpaceUid=<gen:3>, path=[evtest.model.Cat.kittens].<elements>.mother)
             - EntityAttributeFetchImpl(entity=evtest.model.Person, querySpaceUid=<gen:4>, path=[evtest.model.Cat.kittens].<elements>.owner)
    - QuerySpaces
       - CollectionQuerySpaceImpl(uid=<gen:0>, collection=evtest.model.Cat.kittens)
          - SQL table alias mapping - kittens0_
          - alias suffix - 0_
          - suffixed key columns - {cat_id1_1_0_}
          - entity-element alias suffix - 1_
          - 1_entity-element suffixed key columns - id1_0_1_
          - JOIN (JoinDefinedByMetadata(elements)) : <gen:0> -> <gen:1>
             - EntityQuerySpaceImpl(uid=<gen:1>, entity=evtest.model.Cat)
                - SQL table alias mapping - cat1_
                - alias suffix - 1_
                - suffixed key columns - {id1_0_1_}

09:43:19.289 [main] DEBUG org.hibernate.loader.collection.plan.CollectionLoader - Static select for collection evtest.model.Cat.kittens: select kittens0_.cat_id as cat_id1_1_0_, kittens0_.kittens_id as kittens_2_1_0_, cat1_.id as id1_0_1_, cat1_.age as age2_0_1_, cat1_.father_id as father_i4_0_1_, cat1_.mother_id as mother_i5_0_1_, cat1_.name as name3_0_1_, cat1_.owner_id as owner_id6_0_1_ from cat_kittens kittens0_ inner join cat cat1_ on kittens0_.kittens_id=cat1_.id where kittens0_.cat_id=?
09:43:19.389 [main] DEBUG org.hibernate.SQL - drop table if exists cat CASCADE 
09:43:19.389 [main] DEBUG org.hibernate.SQL - drop table if exists cat_kittens CASCADE 
09:43:19.389 [main] DEBUG org.hibernate.SQL - drop table if exists item_type CASCADE 
09:43:19.389 [main] DEBUG org.hibernate.SQL - drop table if exists item_typea CASCADE 
09:43:19.389 [main] DEBUG org.hibernate.SQL - drop table if exists item_typeb CASCADE 
09:43:19.389 [main] DEBUG org.hibernate.SQL - drop table if exists person CASCADE 
09:43:19.389 [main] DEBUG org.hibernate.SQL - drop table if exists ref_type CASCADE 
09:43:19.389 [main] DEBUG org.hibernate.SQL - drop table if exists ref_typea CASCADE 
09:43:19.389 [main] DEBUG org.hibernate.SQL - drop table if exists ref_typeb CASCADE 
09:43:19.389 [main] DEBUG org.hibernate.SQL - drop sequence if exists hibernate_sequence
09:43:19.405 [main] DEBUG org.hibernate.SQL - create sequence hibernate_sequence start with 1 increment by 1
09:43:19.405 [main] DEBUG org.hibernate.SQL - create table cat (id bigint not null, age integer, name varchar(255), father_id bigint, mother_id bigint, owner_id bigint, primary key (id))
09:43:19.405 [main] DEBUG org.hibernate.SQL - create table cat_kittens (cat_id bigint not null, kittens_id bigint not null, primary key (cat_id, kittens_id))
09:43:19.420 [main] DEBUG org.hibernate.SQL - create table item_type (id bigint not null, dscr_item varchar(255), _ref_type_id bigint, primary key (id))
09:43:19.420 [main] DEBUG org.hibernate.SQL - create table item_typea (id bigint not null, primary key (id))
09:43:19.420 [main] DEBUG org.hibernate.SQL - create table item_typeb (id bigint not null, primary key (id))
09:43:19.420 [main] DEBUG org.hibernate.SQL - create table person (id bigint not null, name varchar(255), primary key (id))
09:43:19.420 [main] DEBUG org.hibernate.SQL - create table ref_type (id bigint not null, id_group bigint, version_number bigint, primary key (id))
09:43:19.420 [main] DEBUG org.hibernate.SQL - create table ref_typea (valuea varchar(255), id bigint not null, primary key (id))
09:43:19.420 [main] DEBUG org.hibernate.SQL - create table ref_typeb (valueb varchar(255), id bigint not null, primary key (id))
09:43:19.436 [main] DEBUG org.hibernate.SQL - alter table cat add constraint FKqkschtmsounckiqtb607r0dk4 foreign key (father_id) references cat
09:43:19.452 [main] DEBUG org.hibernate.SQL - alter table cat add constraint FKdvto2qy6j6ilpjgc49o0kkavw foreign key (mother_id) references cat
09:43:19.452 [main] DEBUG org.hibernate.SQL - alter table cat add constraint FKlcaqlt7ghsb3o4n7801e6q2aw foreign key (owner_id) references person
09:43:19.452 [main] DEBUG org.hibernate.SQL - alter table cat_kittens add constraint FKkdtfj5q5ys6seedwwtiplqsd5 foreign key (kittens_id) references cat
09:43:19.452 [main] DEBUG org.hibernate.SQL - alter table cat_kittens add constraint FKegctpkoipgfjh4m098ca9o7nt foreign key (cat_id) references cat
09:43:19.452 [main] DEBUG org.hibernate.SQL - alter table item_type add constraint FK7ou72miin5bt0v7vwesk9po52 foreign key (_ref_type_id) references ref_type
09:43:19.452 [main] DEBUG org.hibernate.SQL - alter table item_typea add constraint FKp3ugl3y9eixpqo9l6qfs0yrjg foreign key (id) references item_type
09:43:19.467 [main] DEBUG org.hibernate.SQL - alter table item_typeb add constraint FKt4x72oo6chvmfefyaoae4yh0u foreign key (id) references item_type
09:43:19.467 [main] DEBUG org.hibernate.SQL - alter table ref_typea add constraint FKd53hyau5qb068vka9ltddb1jv foreign key (id) references ref_type
09:43:19.467 [main] DEBUG org.hibernate.SQL - alter table ref_typeb add constraint FK5koxrjk36qadgvt1cqlm776k1 foreign key (id) references ref_type
09:43:19.474 [main] INFO org.hibernate.engine.transaction.jta.platform.internal.JtaPlatformInitiator - HHH000490: Using JtaPlatform implementation: [org.hibernate.engine.transaction.jta.platform.internal.NoJtaPlatform]
09:43:19.474 [main] DEBUG org.hibernate.query.spi.NamedQueryRepository - Checking 0 named HQL queries
09:43:19.474 [main] DEBUG org.hibernate.query.spi.NamedQueryRepository - Checking 0 named SQL queries
09:43:19.489 [main] DEBUG org.hibernate.internal.SessionFactoryRegistry - Initializing SessionFactoryRegistry : org.hibernate.internal.SessionFactoryRegistry@780ee3ad
09:43:19.489 [main] DEBUG org.hibernate.internal.SessionFactoryRegistry - Registering SessionFactory: f096013c-3fdc-4ee4-ac44-f34c9238344d (<unnamed>)
09:43:19.489 [main] DEBUG org.hibernate.internal.SessionFactoryRegistry - Not binding SessionFactory to JNDI, no JNDI name configured
09:43:19.489 [main] INFO org.springframework.orm.jpa.LocalContainerEntityManagerFactoryBean - Initialized JPA EntityManagerFactory for persistence unit 'default'
09:43:19.489 [main] DEBUG org.springframework.jdbc.datasource.DataSourceUtils - Fetching JDBC Connection from DataSource
09:43:19.489 [main] DEBUG org.springframework.beans.factory.support.DefaultListableBeanFactory - Creating shared instance of singleton bean 'sampleTest.TestConfig'
09:43:19.507 [main] DEBUG org.springframework.beans.factory.support.DefaultListableBeanFactory - Creating shared instance of singleton bean 'application'
09:43:19.507 [main] DEBUG org.springframework.beans.factory.support.DefaultListableBeanFactory - Creating shared instance of singleton bean 'blazePersistenceConfiguration'
09:43:19.507 [main] DEBUG org.springframework.beans.factory.support.DefaultListableBeanFactory - Creating shared instance of singleton bean 'sampleController'
09:43:19.522 [main] DEBUG org.springframework.beans.factory.support.DefaultListableBeanFactory - Creating shared instance of singleton bean 'itemSimpleViewRepository'
09:43:19.538 [main] DEBUG org.springframework.beans.factory.support.DefaultListableBeanFactory - Creating shared instance of singleton bean 'createCriteriaBuilderFactory'
09:43:19.906 [main] DEBUG org.hibernate.stat.internal.StatisticsInitiator - Statistics initialized [enabled=false]
09:43:19.990 [main] DEBUG org.springframework.beans.factory.support.DefaultListableBeanFactory - Creating shared instance of singleton bean 'createEntityViewManager'
09:43:19.990 [main] DEBUG org.springframework.beans.factory.support.DefaultListableBeanFactory - Creating shared instance of singleton bean 'getEntityViewConfiguration'
09:43:19.990 [main] DEBUG org.springframework.beans.factory.support.DefaultListableBeanFactory - Creating shared instance of singleton bean 'entityViewConfigurationProducer'
09:43:19.990 [main] DEBUG org.springframework.core.LocalVariableTableParameterNameDiscoverer - Cannot find '.class' file for class [class com.blazebit.persistence.integration.view.spring.impl.EntityViewConfigurationProducer$$EnhancerBySpringCGLIB$$20d3e7d1] - unable to determine constructor/method parameter names
09:43:20.091 [main] DEBUG org.springframework.beans.factory.support.DefaultListableBeanFactory - Creating shared instance of singleton bean 'transactionManager'
09:43:20.091 [main] DEBUG org.springframework.beans.factory.support.DefaultListableBeanFactory - Creating shared instance of singleton bean 'platformTransactionManagerCustomizers'
09:43:20.091 [main] DEBUG org.springframework.beans.factory.support.DefaultListableBeanFactory - Creating shared instance of singleton bean 'org.springframework.boot.autoconfigure.transaction.TransactionAutoConfiguration'
09:43:20.091 [main] DEBUG org.springframework.beans.factory.support.DefaultListableBeanFactory - Creating shared instance of singleton bean 'spring.transaction-org.springframework.boot.autoconfigure.transaction.TransactionProperties'
09:43:20.122 [main] DEBUG org.springframework.beans.factory.support.DefaultListableBeanFactory - Autowiring by type from bean name 'createEntityViewManager' via factory method to bean named 'createCriteriaBuilderFactory'
09:43:20.122 [main] DEBUG org.springframework.beans.factory.support.DefaultListableBeanFactory - Autowiring by type from bean name 'createEntityViewManager' via factory method to bean named 'getEntityViewConfiguration'
09:43:20.523 [main] DEBUG org.springframework.beans.factory.support.DefaultListableBeanFactory - Creating shared instance of singleton bean 'jpaMappingContext'
09:43:20.539 [main] DEBUG org.springframework.data.jpa.repository.config.JpaMetamodelMappingContextFactoryBean - Initializing JpaMetamodelMappingContext…
09:43:20.554 [main] DEBUG org.springframework.data.jpa.repository.config.JpaMetamodelMappingContextFactoryBean - Finished initializing JpaMetamodelMappingContext!
09:43:20.592 [main] DEBUG org.springframework.orm.jpa.SharedEntityManagerCreator$SharedEntityManagerInvocationHandler - Creating new EntityManager for shared EntityManager invocation
09:43:20.592 [main] DEBUG org.springframework.orm.jpa.SharedEntityManagerCreator$SharedEntityManagerInvocationHandler - Creating new EntityManager for shared EntityManager invocation
09:43:20.592 [main] DEBUG org.springframework.orm.jpa.SharedEntityManagerCreator$SharedEntityManagerInvocationHandler - Creating new EntityManager for shared EntityManager invocation
09:43:20.723 [main] DEBUG org.springframework.orm.jpa.SharedEntityManagerCreator$SharedEntityManagerInvocationHandler - Creating new EntityManager for shared EntityManager invocation
09:43:20.739 [main] DEBUG org.springframework.beans.factory.support.DefaultListableBeanFactory - Creating shared instance of singleton bean 'org.springframework.data.jpa.util.JpaMetamodelCacheCleanup'
09:43:20.739 [main] DEBUG org.springframework.beans.factory.support.DefaultListableBeanFactory - Creating shared instance of singleton bean 'org.springframework.data.jpa.repository.support.JpaEvaluationContextExtension'
09:43:20.755 [main] DEBUG org.springframework.beans.factory.support.DefaultListableBeanFactory - Creating shared instance of singleton bean 'org.springframework.boot.autoconfigure.context.PropertyPlaceholderAutoConfiguration'
09:43:20.755 [main] DEBUG org.springframework.beans.factory.support.DefaultListableBeanFactory - Creating shared instance of singleton bean 'org.springframework.boot.autoconfigure.task.TaskExecutionAutoConfiguration'
09:43:20.755 [main] DEBUG org.springframework.beans.factory.support.DefaultListableBeanFactory - Creating shared instance of singleton bean 'taskExecutorBuilder'
09:43:20.755 [main] DEBUG org.springframework.beans.factory.support.DefaultListableBeanFactory - Creating shared instance of singleton bean 'spring.task.execution-org.springframework.boot.autoconfigure.task.TaskExecutionProperties'
09:43:20.755 [main] DEBUG org.springframework.beans.factory.support.DefaultListableBeanFactory - Autowiring by type from bean name 'taskExecutorBuilder' via factory method to bean named 'spring.task.execution-org.springframework.boot.autoconfigure.task.TaskExecutionProperties'
09:43:20.755 [main] DEBUG org.springframework.beans.factory.support.DefaultListableBeanFactory - Creating shared instance of singleton bean 'org.springframework.boot.context.properties.EnableConfigurationPropertiesRegistrar.methodValidationExcludeFilter'
09:43:20.755 [main] DEBUG org.springframework.beans.factory.support.DefaultListableBeanFactory - Creating shared instance of singleton bean 'org.springframework.boot.autoconfigure.aop.AopAutoConfiguration$AspectJAutoProxyingConfiguration$CglibAutoProxyConfiguration'
09:43:20.755 [main] DEBUG org.springframework.beans.factory.support.DefaultListableBeanFactory - Creating shared instance of singleton bean 'org.springframework.boot.autoconfigure.aop.AopAutoConfiguration$AspectJAutoProxyingConfiguration'
09:43:20.755 [main] DEBUG org.springframework.beans.factory.support.DefaultListableBeanFactory - Creating shared instance of singleton bean 'org.springframework.boot.autoconfigure.aop.AopAutoConfiguration'
09:43:20.755 [main] DEBUG org.springframework.beans.factory.support.DefaultListableBeanFactory - Creating shared instance of singleton bean 'org.springframework.boot.autoconfigure.availability.ApplicationAvailabilityAutoConfiguration'
09:43:20.755 [main] DEBUG org.springframework.beans.factory.support.DefaultListableBeanFactory - Creating shared instance of singleton bean 'applicationAvailability'
09:43:20.755 [main] DEBUG org.springframework.beans.factory.support.DefaultListableBeanFactory - Creating shared instance of singleton bean 'org.springframework.boot.autoconfigure.transaction.jta.JtaAutoConfiguration'
09:43:20.770 [main] DEBUG org.springframework.beans.factory.support.DefaultListableBeanFactory - Creating shared instance of singleton bean 'org.springframework.boot.autoconfigure.jdbc.DataSourceJmxConfiguration$Hikari'
09:43:20.770 [main] DEBUG org.springframework.beans.factory.support.DefaultListableBeanFactory - Autowiring by type from bean name 'org.springframework.boot.autoconfigure.jdbc.DataSourceJmxConfiguration$Hikari' via constructor to bean named 'dataSource'
09:43:20.770 [main] DEBUG org.springframework.beans.factory.support.DefaultListableBeanFactory - Creating shared instance of singleton bean 'org.springframework.boot.autoconfigure.jdbc.DataSourceJmxConfiguration'
09:43:20.770 [main] DEBUG org.springframework.beans.factory.support.DefaultListableBeanFactory - Creating shared instance of singleton bean 'org.springframework.boot.autoconfigure.jdbc.DataSourceAutoConfiguration$PooledDataSourceConfiguration'
09:43:20.770 [main] DEBUG org.springframework.beans.factory.support.DefaultListableBeanFactory - Creating shared instance of singleton bean 'org.springframework.boot.autoconfigure.jdbc.metadata.DataSourcePoolMetadataProvidersConfiguration'
09:43:20.770 [main] DEBUG org.springframework.beans.factory.support.DefaultListableBeanFactory - Creating shared instance of singleton bean 'org.springframework.boot.autoconfigure.jdbc.DataSourceInitializationConfiguration'
09:43:20.770 [main] DEBUG org.springframework.beans.factory.support.DefaultListableBeanFactory - Creating shared instance of singleton bean 'org.springframework.boot.autoconfigure.jdbc.DataSourceAutoConfiguration'
09:43:20.770 [main] DEBUG org.springframework.beans.factory.support.DefaultListableBeanFactory - Creating shared instance of singleton bean 'org.springframework.boot.autoconfigure.orm.jpa.DataSourceInitializedPublisher$DataSourceInitializationCompletionListener'
09:43:20.770 [main] DEBUG org.springframework.beans.factory.support.DefaultListableBeanFactory - Creating shared instance of singleton bean 'org.springframework.boot.autoconfigure.orm.jpa.HibernateJpaAutoConfiguration'
09:43:20.770 [main] DEBUG org.springframework.beans.factory.support.DefaultListableBeanFactory - Creating shared instance of singleton bean 'org.springframework.boot.autoconfigure.context.ConfigurationPropertiesAutoConfiguration'
09:43:20.770 [main] DEBUG org.springframework.beans.factory.support.DefaultListableBeanFactory - Creating shared instance of singleton bean 'org.springframework.boot.autoconfigure.context.LifecycleAutoConfiguration'
09:43:20.770 [main] DEBUG org.springframework.beans.factory.support.DefaultListableBeanFactory - Creating shared instance of singleton bean 'lifecycleProcessor'
09:43:20.777 [main] DEBUG org.springframework.beans.factory.support.DefaultListableBeanFactory - Creating shared instance of singleton bean 'spring.lifecycle-org.springframework.boot.autoconfigure.context.LifecycleProperties'
09:43:20.777 [main] DEBUG org.springframework.beans.factory.support.DefaultListableBeanFactory - Autowiring by type from bean name 'lifecycleProcessor' via factory method to bean named 'spring.lifecycle-org.springframework.boot.autoconfigure.context.LifecycleProperties'
09:43:20.777 [main] DEBUG org.springframework.beans.factory.support.DefaultListableBeanFactory - Creating shared instance of singleton bean 'org.springframework.boot.autoconfigure.dao.PersistenceExceptionTranslationAutoConfiguration'
09:43:20.777 [main] DEBUG org.springframework.beans.factory.support.DefaultListableBeanFactory - Creating shared instance of singleton bean 'org.springframework.boot.autoconfigure.jackson.JacksonAutoConfiguration$Jackson2ObjectMapperBuilderCustomizerConfiguration'
09:43:20.777 [main] DEBUG org.springframework.beans.factory.support.DefaultListableBeanFactory - Creating shared instance of singleton bean 'standardJacksonObjectMapperBuilderCustomizer'
09:43:20.777 [main] DEBUG org.springframework.beans.factory.support.DefaultListableBeanFactory - Creating shared instance of singleton bean 'spring.jackson-org.springframework.boot.autoconfigure.jackson.JacksonProperties'
09:43:20.792 [main] DEBUG org.springframework.beans.factory.support.DefaultListableBeanFactory - Autowiring by type from bean name 'standardJacksonObjectMapperBuilderCustomizer' via factory method to bean named 'org.springframework.context.support.GenericApplicationContext@48bb62'
09:43:20.792 [main] DEBUG org.springframework.beans.factory.support.DefaultListableBeanFactory - Autowiring by type from bean name 'standardJacksonObjectMapperBuilderCustomizer' via factory method to bean named 'spring.jackson-org.springframework.boot.autoconfigure.jackson.JacksonProperties'
09:43:20.792 [main] DEBUG org.springframework.beans.factory.support.DefaultListableBeanFactory - Creating shared instance of singleton bean 'org.springframework.boot.autoconfigure.jackson.JacksonAutoConfiguration$JacksonObjectMapperBuilderConfiguration'
09:43:20.792 [main] DEBUG org.springframework.beans.factory.support.DefaultListableBeanFactory - Creating shared instance of singleton bean 'org.springframework.boot.autoconfigure.jackson.JacksonAutoConfiguration$ParameterNamesModuleConfiguration'
09:43:20.792 [main] DEBUG org.springframework.beans.factory.support.DefaultListableBeanFactory - Creating shared instance of singleton bean 'parameterNamesModule'
09:43:20.808 [main] DEBUG org.springframework.beans.factory.support.DefaultListableBeanFactory - Creating shared instance of singleton bean 'org.springframework.boot.autoconfigure.jackson.JacksonAutoConfiguration$JacksonObjectMapperConfiguration'
09:43:20.808 [main] DEBUG org.springframework.beans.factory.support.DefaultListableBeanFactory - Creating shared instance of singleton bean 'jacksonObjectMapper'
09:43:20.808 [main] DEBUG org.springframework.beans.factory.support.DefaultListableBeanFactory - Autowiring by type from bean name 'jacksonObjectMapperBuilder' via factory method to bean named 'org.springframework.context.support.GenericApplicationContext@48bb62'
09:43:20.808 [main] DEBUG org.springframework.beans.factory.support.DefaultListableBeanFactory - Autowiring by type from bean name 'jacksonObjectMapperBuilder' via factory method to bean named 'standardJacksonObjectMapperBuilderCustomizer'
09:43:20.824 [main] DEBUG org.springframework.beans.factory.support.DefaultListableBeanFactory - Creating shared instance of singleton bean 'jsonComponentModule'
09:43:20.824 [main] DEBUG org.springframework.beans.factory.support.DefaultListableBeanFactory - Creating shared instance of singleton bean 'org.springframework.boot.autoconfigure.jackson.JacksonAutoConfiguration'
09:43:20.824 [main] DEBUG org.springframework.beans.factory.support.DefaultListableBeanFactory - Autowiring by type from bean name 'jacksonObjectMapper' via factory method to bean named 'jacksonObjectMapperBuilder'
09:43:21.157 [main] DEBUG org.springframework.beans.factory.support.DefaultListableBeanFactory - Creating shared instance of singleton bean 'org.springframework.boot.autoconfigure.http.HttpMessageConvertersAutoConfiguration$StringHttpMessageConverterConfiguration'
09:43:21.157 [main] DEBUG org.springframework.beans.factory.support.DefaultListableBeanFactory - Creating shared instance of singleton bean 'stringHttpMessageConverter'
09:43:21.157 [main] DEBUG org.springframework.beans.factory.support.DefaultListableBeanFactory - Autowiring by type from bean name 'stringHttpMessageConverter' via factory method to bean named 'environment'
09:43:21.178 [main] DEBUG org.springframework.beans.factory.support.DefaultListableBeanFactory - Creating shared instance of singleton bean 'org.springframework.boot.autoconfigure.http.JacksonHttpMessageConvertersConfiguration$MappingJackson2HttpMessageConverterConfiguration'
09:43:21.178 [main] DEBUG org.springframework.beans.factory.support.DefaultListableBeanFactory - Creating shared instance of singleton bean 'mappingJackson2HttpMessageConverter'
09:43:21.178 [main] DEBUG org.springframework.beans.factory.support.DefaultListableBeanFactory - Autowiring by type from bean name 'mappingJackson2HttpMessageConverter' via factory method to bean named 'jacksonObjectMapper'
09:43:21.178 [main] DEBUG org.springframework.beans.factory.support.DefaultListableBeanFactory - Creating shared instance of singleton bean 'org.springframework.boot.autoconfigure.http.JacksonHttpMessageConvertersConfiguration'
09:43:21.178 [main] DEBUG org.springframework.beans.factory.support.DefaultListableBeanFactory - Creating shared instance of singleton bean 'org.springframework.boot.autoconfigure.http.HttpMessageConvertersAutoConfiguration'
09:43:21.178 [main] DEBUG org.springframework.beans.factory.support.DefaultListableBeanFactory - Creating shared instance of singleton bean 'messageConverters'
09:43:21.225 [main] DEBUG org.springframework.beans.factory.support.DefaultListableBeanFactory - Creating shared instance of singleton bean 'org.springframework.boot.autoconfigure.info.ProjectInfoAutoConfiguration'
09:43:21.225 [main] DEBUG org.springframework.beans.factory.support.DefaultListableBeanFactory - Creating shared instance of singleton bean 'spring.info-org.springframework.boot.autoconfigure.info.ProjectInfoProperties'
09:43:21.225 [main] DEBUG org.springframework.beans.factory.support.DefaultListableBeanFactory - Autowiring by type from bean name 'org.springframework.boot.autoconfigure.info.ProjectInfoAutoConfiguration' via constructor to bean named 'spring.info-org.springframework.boot.autoconfigure.info.ProjectInfoProperties'
09:43:21.225 [main] DEBUG org.springframework.beans.factory.support.DefaultListableBeanFactory - Creating shared instance of singleton bean 'org.springframework.boot.autoconfigure.jdbc.JdbcTemplateConfiguration'
09:43:21.225 [main] DEBUG org.springframework.beans.factory.support.DefaultListableBeanFactory - Creating shared instance of singleton bean 'jdbcTemplate'
09:43:21.225 [main] DEBUG org.springframework.beans.factory.support.DefaultListableBeanFactory - Creating shared instance of singleton bean 'spring.jdbc-org.springframework.boot.autoconfigure.jdbc.JdbcProperties'
09:43:21.225 [main] DEBUG org.springframework.beans.factory.support.DefaultListableBeanFactory - Autowiring by type from bean name 'jdbcTemplate' via factory method to bean named 'dataSource'
09:43:21.225 [main] DEBUG org.springframework.beans.factory.support.DefaultListableBeanFactory - Autowiring by type from bean name 'jdbcTemplate' via factory method to bean named 'spring.jdbc-org.springframework.boot.autoconfigure.jdbc.JdbcProperties'
09:43:21.240 [main] DEBUG org.springframework.beans.factory.support.DefaultListableBeanFactory - Creating shared instance of singleton bean 'org.springframework.boot.autoconfigure.jdbc.NamedParameterJdbcTemplateConfiguration'
09:43:21.240 [main] DEBUG org.springframework.beans.factory.support.DefaultListableBeanFactory - Creating shared instance of singleton bean 'namedParameterJdbcTemplate'
09:43:21.240 [main] DEBUG org.springframework.beans.factory.support.DefaultListableBeanFactory - Autowiring by type from bean name 'namedParameterJdbcTemplate' via factory method to bean named 'jdbcTemplate'
09:43:21.240 [main] DEBUG org.springframework.beans.factory.support.DefaultListableBeanFactory - Creating shared instance of singleton bean 'org.springframework.boot.autoconfigure.jdbc.JdbcTemplateAutoConfiguration'
09:43:21.240 [main] DEBUG org.springframework.beans.factory.support.DefaultListableBeanFactory - Creating shared instance of singleton bean 'org.springframework.boot.autoconfigure.task.TaskSchedulingAutoConfiguration'
09:43:21.240 [main] DEBUG org.springframework.beans.factory.support.DefaultListableBeanFactory - Creating shared instance of singleton bean 'taskSchedulerBuilder'
09:43:21.240 [main] DEBUG org.springframework.beans.factory.support.DefaultListableBeanFactory - Creating shared instance of singleton bean 'spring.task.scheduling-org.springframework.boot.autoconfigure.task.TaskSchedulingProperties'
09:43:21.240 [main] DEBUG org.springframework.beans.factory.support.DefaultListableBeanFactory - Autowiring by type from bean name 'taskSchedulerBuilder' via factory method to bean named 'spring.task.scheduling-org.springframework.boot.autoconfigure.task.TaskSchedulingProperties'
09:43:21.256 [main] DEBUG org.springframework.beans.factory.support.DefaultListableBeanFactory - Creating shared instance of singleton bean 'org.springframework.boot.autoconfigure.jdbc.DataSourceTransactionManagerAutoConfiguration$JdbcTransactionManagerConfiguration'
09:43:21.256 [main] DEBUG org.springframework.beans.factory.support.DefaultListableBeanFactory - Creating shared instance of singleton bean 'org.springframework.boot.autoconfigure.jdbc.DataSourceTransactionManagerAutoConfiguration'
09:43:21.256 [main] DEBUG org.springframework.beans.factory.support.DefaultListableBeanFactory - Creating shared instance of singleton bean 'org.springframework.boot.autoconfigure.transaction.TransactionAutoConfiguration$EnableTransactionManagementConfiguration$CglibAutoProxyConfiguration'
09:43:21.256 [main] DEBUG org.springframework.beans.factory.support.DefaultListableBeanFactory - Creating shared instance of singleton bean 'org.springframework.boot.autoconfigure.transaction.TransactionAutoConfiguration$EnableTransactionManagementConfiguration'
09:43:21.256 [main] DEBUG org.springframework.beans.factory.support.DefaultListableBeanFactory - Creating shared instance of singleton bean 'org.springframework.boot.autoconfigure.transaction.TransactionAutoConfiguration$TransactionTemplateConfiguration'
09:43:21.256 [main] DEBUG org.springframework.beans.factory.support.DefaultListableBeanFactory - Creating shared instance of singleton bean 'transactionTemplate'
09:43:21.256 [main] DEBUG org.springframework.beans.factory.support.DefaultListableBeanFactory - Autowiring by type from bean name 'transactionTemplate' via factory method to bean named 'transactionManager'
09:43:21.256 [main] DEBUG org.springframework.beans.factory.support.DefaultListableBeanFactory - Creating shared instance of singleton bean 'org.springframework.boot.autoconfigure.web.client.RestTemplateAutoConfiguration'
09:43:21.271 [main] DEBUG org.springframework.test.context.cache.DefaultCacheAwareContextLoaderDelegate - Storing ApplicationContext [4766562] in cache under key [[MergedContextConfiguration@6e9175d8 testClass = SampleTest, locations = '{}', classes = '{class evtest.sample.SampleTest$TestConfig}', contextInitializerClasses = '[]', activeProfiles = '{}', propertySourceLocations = '{}', propertySourceProperties = '{}', contextCustomizers = set[[empty]], contextLoader = 'org.springframework.test.context.support.DelegatingSmartContextLoader', parent = [null]]]
09:43:21.271 [main] DEBUG org.springframework.test.context.cache - Spring test ApplicationContext cache statistics: [DefaultContextCache@6d77d269 size = 1, maxSize = 32, parentContextCount = 0, hitCount = 0, missCount = 1]
09:43:21.278 [main] DEBUG org.springframework.beans.factory.support.DefaultListableBeanFactory - Creating shared instance of singleton bean 'org.springframework.orm.jpa.SharedEntityManagerCreator#0'
09:43:21.278 [main] DEBUG org.springframework.test.context.cache.DefaultCacheAwareContextLoaderDelegate - Retrieved ApplicationContext [4766562] from cache with key [[MergedContextConfiguration@6e9175d8 testClass = SampleTest, locations = '{}', classes = '{class evtest.sample.SampleTest$TestConfig}', contextInitializerClasses = '[]', activeProfiles = '{}', propertySourceLocations = '{}', propertySourceProperties = '{}', contextCustomizers = set[[empty]], contextLoader = 'org.springframework.test.context.support.DelegatingSmartContextLoader', parent = [null]]]
09:43:21.278 [main] DEBUG org.springframework.test.context.cache - Spring test ApplicationContext cache statistics: [DefaultContextCache@6d77d269 size = 1, maxSize = 32, parentContextCount = 0, hitCount = 1, missCount = 1]
09:43:21.278 [main] DEBUG org.springframework.test.context.support.AbstractDirtiesContextTestExecutionListener - Before test method: context [DefaultTestContext@78e4deb0 testClass = SampleTest, testInstance = evtest.sample.SampleTest@563f38c4, testMethod = sampleTest@SampleTest, testException = [null], mergedContextConfiguration = [MergedContextConfiguration@6e9175d8 testClass = SampleTest, locations = '{}', classes = '{class evtest.sample.SampleTest$TestConfig}', contextInitializerClasses = '[]', activeProfiles = '{}', propertySourceLocations = '{}', propertySourceProperties = '{}', contextCustomizers = set[[empty]], contextLoader = 'org.springframework.test.context.support.DelegatingSmartContextLoader', parent = [null]], attributes = map[[empty]]], class annotated with @DirtiesContext [false] with mode [null], method annotated with @DirtiesContext [false] with mode [null].
09:43:21.294 [main] DEBUG org.springframework.test.context.transaction.TransactionalTestExecutionListener - Explicit transaction definition [PROPAGATION_REQUIRED,ISOLATION_DEFAULT] found for test context [DefaultTestContext@78e4deb0 testClass = SampleTest, testInstance = evtest.sample.SampleTest@563f38c4, testMethod = sampleTest@SampleTest, testException = [null], mergedContextConfiguration = [MergedContextConfiguration@6e9175d8 testClass = SampleTest, locations = '{}', classes = '{class evtest.sample.SampleTest$TestConfig}', contextInitializerClasses = '[]', activeProfiles = '{}', propertySourceLocations = '{}', propertySourceProperties = '{}', contextCustomizers = set[[empty]], contextLoader = 'org.springframework.test.context.support.DelegatingSmartContextLoader', parent = [null]], attributes = map[[empty]]]
09:43:21.294 [main] DEBUG org.springframework.test.context.cache.DefaultCacheAwareContextLoaderDelegate - Retrieved ApplicationContext [4766562] from cache with key [[MergedContextConfiguration@6e9175d8 testClass = SampleTest, locations = '{}', classes = '{class evtest.sample.SampleTest$TestConfig}', contextInitializerClasses = '[]', activeProfiles = '{}', propertySourceLocations = '{}', propertySourceProperties = '{}', contextCustomizers = set[[empty]], contextLoader = 'org.springframework.test.context.support.DelegatingSmartContextLoader', parent = [null]]]
09:43:21.294 [main] DEBUG org.springframework.test.context.cache - Spring test ApplicationContext cache statistics: [DefaultContextCache@6d77d269 size = 1, maxSize = 32, parentContextCount = 0, hitCount = 2, missCount = 1]
09:43:21.294 [main] DEBUG org.springframework.test.context.transaction.TransactionalTestExecutionListener - No method-level @Rollback override: using default rollback [true] for test context [DefaultTestContext@78e4deb0 testClass = SampleTest, testInstance = evtest.sample.SampleTest@563f38c4, testMethod = sampleTest@SampleTest, testException = [null], mergedContextConfiguration = [MergedContextConfiguration@6e9175d8 testClass = SampleTest, locations = '{}', classes = '{class evtest.sample.SampleTest$TestConfig}', contextInitializerClasses = '[]', activeProfiles = '{}', propertySourceLocations = '{}', propertySourceProperties = '{}', contextCustomizers = set[[empty]], contextLoader = 'org.springframework.test.context.support.DelegatingSmartContextLoader', parent = [null]], attributes = map[[empty]]].
09:43:21.294 [main] DEBUG org.springframework.orm.jpa.JpaTransactionManager - Creating new transaction with name [evtest.sample.SampleTest.sampleTest]: PROPAGATION_REQUIRED,ISOLATION_DEFAULT
09:43:21.294 [main] DEBUG org.springframework.orm.jpa.JpaTransactionManager - Opened new EntityManager [SessionImpl(1168134992<open>)] for JPA transaction
09:43:21.294 [main] DEBUG org.hibernate.engine.transaction.internal.TransactionImpl - On TransactionImpl creation, JpaCompliance#isJpaTransactionComplianceEnabled == false
09:43:21.294 [main] DEBUG org.hibernate.engine.transaction.internal.TransactionImpl - begin
09:43:21.294 [main] DEBUG org.springframework.orm.jpa.JpaTransactionManager - Exposing JPA transaction as JDBC [org.springframework.orm.jpa.vendor.HibernateJpaDialect$HibernateConnectionHandle@423d662a]
09:43:21.294 [main] INFO org.springframework.test.context.transaction.TransactionContext - Began transaction (1) for test context [DefaultTestContext@78e4deb0 testClass = SampleTest, testInstance = evtest.sample.SampleTest@563f38c4, testMethod = sampleTest@SampleTest, testException = [null], mergedContextConfiguration = [MergedContextConfiguration@6e9175d8 testClass = SampleTest, locations = '{}', classes = '{class evtest.sample.SampleTest$TestConfig}', contextInitializerClasses = '[]', activeProfiles = '{}', propertySourceLocations = '{}', propertySourceProperties = '{}', contextCustomizers = set[[empty]], contextLoader = 'org.springframework.test.context.support.DelegatingSmartContextLoader', parent = [null]], attributes = map[[empty]]]; transaction manager [org.springframework.orm.jpa.JpaTransactionManager@33ccead]; rollback [true]
09:43:21.309 [main] DEBUG org.springframework.test.context.cache.DefaultCacheAwareContextLoaderDelegate - Retrieved ApplicationContext [4766562] from cache with key [[MergedContextConfiguration@6e9175d8 testClass = SampleTest, locations = '{}', classes = '{class evtest.sample.SampleTest$TestConfig}', contextInitializerClasses = '[]', activeProfiles = '{}', propertySourceLocations = '{}', propertySourceProperties = '{}', contextCustomizers = set[[empty]], contextLoader = 'org.springframework.test.context.support.DelegatingSmartContextLoader', parent = [null]]]
09:43:21.309 [main] DEBUG org.springframework.test.context.cache - Spring test ApplicationContext cache statistics: [DefaultContextCache@6d77d269 size = 1, maxSize = 32, parentContextCount = 0, hitCount = 3, missCount = 1]
09:43:21.309 [main] DEBUG org.hibernate.event.internal.AbstractSaveEventListener - Generated identifier: 1, using strategy: org.hibernate.id.Assigned
09:43:21.340 [main] DEBUG org.hibernate.event.internal.AbstractSaveEventListener - Generated identifier: 2, using strategy: org.hibernate.id.Assigned
09:43:21.340 [main] DEBUG org.hibernate.event.internal.AbstractSaveEventListener - Generated identifier: 3, using strategy: org.hibernate.id.Assigned
09:43:21.340 [main] DEBUG org.hibernate.event.internal.AbstractSaveEventListener - Generated identifier: 4, using strategy: org.hibernate.id.Assigned
09:43:21.340 [main] DEBUG org.hibernate.event.internal.AbstractSaveEventListener - Generated identifier: 5, using strategy: org.hibernate.id.Assigned
09:43:21.340 [main] DEBUG org.hibernate.event.internal.AbstractSaveEventListener - Generated identifier: 6, using strategy: org.hibernate.id.Assigned
09:43:21.340 [main] DEBUG org.hibernate.event.internal.AbstractSaveEventListener - Generated identifier: 7, using strategy: org.hibernate.id.Assigned
09:43:21.340 [main] DEBUG org.hibernate.event.internal.AbstractSaveEventListener - Generated identifier: 8, using strategy: org.hibernate.id.Assigned
09:43:21.340 [main] DEBUG org.springframework.test.context.cache.DefaultCacheAwareContextLoaderDelegate - Retrieved ApplicationContext [4766562] from cache with key [[MergedContextConfiguration@6e9175d8 testClass = SampleTest, locations = '{}', classes = '{class evtest.sample.SampleTest$TestConfig}', contextInitializerClasses = '[]', activeProfiles = '{}', propertySourceLocations = '{}', propertySourceProperties = '{}', contextCustomizers = set[[empty]], contextLoader = 'org.springframework.test.context.support.DelegatingSmartContextLoader', parent = [null]]]
09:43:21.340 [main] DEBUG org.springframework.test.context.cache - Spring test ApplicationContext cache statistics: [DefaultContextCache@6d77d269 size = 1, maxSize = 32, parentContextCount = 0, hitCount = 4, missCount = 1]
09:43:21.795 [main] DEBUG org.springframework.test.context.cache.DefaultCacheAwareContextLoaderDelegate - Retrieved ApplicationContext [4766562] from cache with key [[MergedContextConfiguration@6e9175d8 testClass = SampleTest, locations = '{}', classes = '{class evtest.sample.SampleTest$TestConfig}', contextInitializerClasses = '[]', activeProfiles = '{}', propertySourceLocations = '{}', propertySourceProperties = '{}', contextCustomizers = set[[empty]], contextLoader = 'org.springframework.test.context.support.DelegatingSmartContextLoader', parent = [null]]]
09:43:21.795 [main] DEBUG org.springframework.test.context.cache - Spring test ApplicationContext cache statistics: [DefaultContextCache@6d77d269 size = 1, maxSize = 32, parentContextCount = 0, hitCount = 5, missCount = 1]
09:43:21.795 [main] DEBUG org.springframework.test.context.cache.DefaultCacheAwareContextLoaderDelegate - Retrieved ApplicationContext [4766562] from cache with key [[MergedContextConfiguration@6e9175d8 testClass = SampleTest, locations = '{}', classes = '{class evtest.sample.SampleTest$TestConfig}', contextInitializerClasses = '[]', activeProfiles = '{}', propertySourceLocations = '{}', propertySourceProperties = '{}', contextCustomizers = set[[empty]], contextLoader = 'org.springframework.test.context.support.DelegatingSmartContextLoader', parent = [null]]]
09:43:21.810 [main] DEBUG org.springframework.test.context.cache - Spring test ApplicationContext cache statistics: [DefaultContextCache@6d77d269 size = 1, maxSize = 32, parentContextCount = 0, hitCount = 6, missCount = 1]
09:43:21.810 [main] DEBUG org.springframework.orm.jpa.JpaTransactionManager - Initiating transaction rollback
09:43:21.810 [main] DEBUG org.springframework.orm.jpa.JpaTransactionManager - Rolling back JPA transaction on EntityManager [SessionImpl(1168134992<open>)]
09:43:21.810 [main] DEBUG org.hibernate.engine.transaction.internal.TransactionImpl - rolling back
09:43:21.810 [main] DEBUG org.springframework.orm.jpa.JpaTransactionManager - Closing JPA EntityManager [SessionImpl(1168134992<open>)] after transaction
09:43:21.810 [main] INFO org.springframework.test.context.transaction.TransactionContext - Rolled back transaction for test: [DefaultTestContext@78e4deb0 testClass = SampleTest, testInstance = evtest.sample.SampleTest@563f38c4, testMethod = sampleTest@SampleTest, testException = java.lang.IllegalArgumentException: Attribute 'valueA' not found on type 'RefType', mergedContextConfiguration = [MergedContextConfiguration@6e9175d8 testClass = SampleTest, locations = '{}', classes = '{class evtest.sample.SampleTest$TestConfig}', contextInitializerClasses = '[]', activeProfiles = '{}', propertySourceLocations = '{}', propertySourceProperties = '{}', contextCustomizers = set[[empty]], contextLoader = 'org.springframework.test.context.support.DelegatingSmartContextLoader', parent = [null]], attributes = map[[empty]]]
09:43:21.810 [main] DEBUG org.springframework.test.context.support.AbstractDirtiesContextTestExecutionListener - After test method: context [DefaultTestContext@78e4deb0 testClass = SampleTest, testInstance = evtest.sample.SampleTest@563f38c4, testMethod = sampleTest@SampleTest, testException = java.lang.IllegalArgumentException: Attribute 'valueA' not found on type 'RefType', mergedContextConfiguration = [MergedContextConfiguration@6e9175d8 testClass = SampleTest, locations = '{}', classes = '{class evtest.sample.SampleTest$TestConfig}', contextInitializerClasses = '[]', activeProfiles = '{}', propertySourceLocations = '{}', propertySourceProperties = '{}', contextCustomizers = set[[empty]], contextLoader = 'org.springframework.test.context.support.DelegatingSmartContextLoader', parent = [null]], attributes = map[[empty]]], class annotated with @DirtiesContext [false] with mode [null], method annotated with @DirtiesContext [false] with mode [null].
]]></system-out>
    <system-err><![CDATA[Mar 11, 2021 9:43:19 AM com.blazebit.persistence.impl.CriteriaBuilderConfigurationProviderImpl createConfiguration
INFO: Blaze-Persistence version: Blaze-Persistence 'Lockjaw' 1.6.0-Alpha2
Mar 11, 2021 9:43:19 AM com.blazebit.persistence.integration.hibernate.base.function.AbstractHibernateEntityManagerFactoryIntegrator registerFunctions
WARNING: Could not register the function 'json_get' because there is neither an implementation for the dbms 'h2' nor a default implementation!
Mar 11, 2021 9:43:19 AM com.blazebit.persistence.integration.hibernate.base.function.AbstractHibernateEntityManagerFactoryIntegrator registerFunctions
WARNING: Could not register the function 'json_set' because there is neither an implementation for the dbms 'h2' nor a default implementation!
Mar 11, 2021 9:43:19 AM com.blazebit.annotation.AnnotationUtils <clinit>
WARNING: Stereotype annotation can not be found, skipping annotation inheritance via stereotype.
Mar 11, 2021 9:43:20 AM com.blazebit.persistence.view.impl.metamodel.ViewTypeImpl <init>
WARNING: The view class evtest.view.ref.RefTypeViewBase is defined for an abstract or non-entity type which is why id-based equality can't be checked on a user provided instance. If you don't need that, you can ignore this warning.
Mar 11, 2021 9:43:20 AM com.blazebit.persistence.view.impl.metamodel.ViewTypeImpl <init>
WARNING: The view class evtest.view.ref.RefTypeView is defined for an abstract or non-entity type which is why id-based equality can't be checked on a user provided instance. If you don't need that, you can ignore this warning.
Mar 11, 2021 9:43:20 AM com.blazebit.persistence.view.impl.metamodel.ViewTypeImpl <init>
WARNING: The view class evtest.view.item.ItemTypeView is defined for an abstract or non-entity type which is why id-based equality can't be checked on a user provided instance. If you don't need that, you can ignore this warning.
Mar 11, 2021 9:43:20 AM com.blazebit.persistence.view.impl.metamodel.ViewTypeImpl <init>
WARNING: The view class evtest.view.item.ItemTypeBaseView is defined for an abstract or non-entity type which is why id-based equality can't be checked on a user provided instance. If you don't need that, you can ignore this warning.
]]></system-err>
  </testcase>
</testsuite>